FOR ~10000 Tweets processed
         66128862 function calls (65856500 primitive calls) in 481.617 seconds

   Ordered by: cumulative time

   ncalls  tottime  percall  cumtime  percall filename:lineno(function)
      4/1    0.001    0.000  481.620  481.620 {built-in method builtins.exec}
        1    0.508    0.508  481.619  481.619 <string>:2(<module>)
     5502    0.537    0.000  468.031    0.085 textProcessor.py:64(process)
     5502    0.147    0.000  264.920    0.048 textProcessor.py:255(correct)
     1333    0.079    0.000  260.763    0.196 textProcessor.py:146(translate_online)
     1331    0.007    0.000  233.577    0.175 request.py:140(urlopen)
     1331    0.023    0.000  233.557    0.175 request.py:508(open)
     1331    0.006    0.000  233.354    0.175 request.py:536(_open)
     2662    0.006    0.000  233.348    0.088 request.py:497(_call_chain)
     1331    0.009    0.000  233.339    0.175 request.py:1345(http_open)
     1331    0.052    0.000  233.330    0.175 request.py:1276(do_open)
     1331    0.021    0.000  231.071    0.174 client.py:1287(getresponse)
     1331    0.050    0.000  230.966    0.174 client.py:290(begin)
     1331    0.047    0.000  230.138    0.173 client.py:257(_read_status)
    20096    0.081    0.000  230.133    0.011 {method 'readline' of '_io.BufferedReader' objects}
     1331    0.014    0.000  230.051    0.173 socket.py:572(readinto)
     1331  230.031    0.173  230.031    0.173 {method 'recv_into' of '_socket.socket' objects}
     5502    1.019    0.000  138.224    0.025 textProcessor.py:377(score)
    23208    0.784    0.000   63.884    0.003 ops.py:803(wrapper)
    23208    0.115    0.000   55.275    0.002 ops.py:749(na_op)
    23208    0.103    0.000   54.760    0.002 ops.py:727(_comp_method_OBJECT_ARRAY)
    23208   50.105    0.002   54.488    0.002 {pandas.lib.scalar_compare}
   228401    0.970    0.000   41.271    0.000 __init__.py:1414(_log)
    11004   40.921    0.004   40.921    0.004 {method 'findall' of '_regex.Pattern' objects}
    11004    0.411    0.000   28.696    0.003 textProcessor.py:210(tag)
   228401    0.521    0.000   28.122    0.000 __init__.py:1439(handle)
    11004    1.415    0.000   28.002    0.003 treetaggerwrapper.py:1240(tag_text)
   228401    1.225    0.000   27.407    0.000 __init__.py:1493(callHandlers)
   228410    0.732    0.000   26.182    0.000 __init__.py:845(handle)
   335396    0.804    0.000   26.090    0.000 __init__.py:1279(debug)
     1331    0.057    0.000   24.705    0.019 __init__.py:87(__init__)
   228408    0.642    0.000   24.616    0.000 handlers.py:63(emit)
     1331    0.009    0.000   24.570    0.018 __init__.py:285(_feed)
     1331    0.022    0.000   24.560    0.018 _html5lib.py:61(feed)
    69624    0.739    0.000   23.644    0.000 frame.py:2035(__getitem__)
     1331    0.009    0.000   22.900    0.017 html5parser.py:223(parse)
     1331    0.015    0.000   22.891    0.017 html5parser.py:80(_parse)
     1331    0.942    0.001   21.910    0.016 html5parser.py:152(mainLoop)
    23208    0.280    0.000   18.933    0.001 frame.py:2078(_getitem_array)
    94630    0.440    0.000   17.386    0.000 __init__.py:1291(info)
    23208    0.494    0.000   16.441    0.001 generic.py:1650(take)
   331828   16.124    0.000   16.124    0.000 {method 'readline' of '_io._IOBase' objects}
     5502    0.525    0.000   15.551    0.003 textProcessor.py:108(find_relevant_words)
    23208    0.464    0.000   13.395    0.001 internals.py:3943(take)
   228408    0.329    0.000   12.741    0.000 __init__.py:1056(emit)
   228410    0.874    0.000   12.417    0.000 __init__.py:975(emit)
   456818    0.524    0.000   11.911    0.000 __init__.py:822(format)
   456818    1.879    0.000   11.388    0.000 __init__.py:557(format)
   228408    1.139    0.000   11.215    0.000 handlers.py:177(shouldRollover)
   229189    0.299    0.000   10.754    0.000 html5parser.py:219(normalizedTokens)
   229189    1.723    0.000    9.896    0.000 _tokenizer.py:49(__iter__)
    23208    0.211    0.000    9.676    0.000 internals.py:3813(reindex_indexer)
   228401    0.666    0.000    9.577    0.000 __init__.py:1399(makeRecord)
   228401    4.215    0.000    8.910    0.000 __init__.py:246(__init__)
    13188    0.355    0.000    6.865    0.001 textProcessor.py:233(get_candidate_reference)
    46416    0.582    0.000    6.538    0.000 series.py:135(__init__)
    11004    0.410    0.000    6.430    0.001 treetaggerwrapper.py:1454(_prepare_text)
    23208    0.142    0.000    6.375    0.000 internals.py:3848(<listcomp>)
   456816    1.669    0.000    6.290    0.000 __init__.py:490(formatTime)
    46416    0.410    0.000    6.199    0.000 internals.py:1001(take_nd)
   228410    0.838    0.000    6.141    0.000 __init__.py:964(flush)
85184/79860    0.211    0.000    5.730    0.000 html5parser.py:410(processStartTag)
    46416    0.910    0.000    4.848    0.000 algorithms.py:1010(take_nd)
6964673/6964667    3.090    0.000    4.556    0.000 {built-in method builtins.isinstance}
   228408    4.506    0.000    4.506    0.000 {method 'flush' of '_io.TextIOWrapper' objects}
    78529    0.361    0.000    4.487    0.000 base.py:292(insertElementNormal)
23211/23210    0.253    0.000    4.312    0.000 <frozen importlib._bootstrap>:958(_find_and_load)
     5502    0.025    0.000    4.223    0.001 textProcessor.py:365(remove_emojis)
     5502    0.197    0.000    3.857    0.001 textProcessor.py:120(filter_words_only)
   113045    3.460    0.000    3.584    0.000 {method 'sub' of '_sre.SRE_Pattern' objects}
   200325    3.565    0.000    3.565    0.000 {method 'search' of '_sre.SRE_Pattern' objects}
    15230    1.325    0.000    3.558    0.000 treetaggerwrapper.py:1593(_prepare_part)
23211/23210    0.212    0.000    3.275    0.000 <frozen importlib._bootstrap>:931(_find_and_load_unlocked)
    46416    0.131    0.000    3.256    0.000 frame.py:2061(_getitem_column)
    46416    0.208    0.000    3.125    0.000 generic.py:1381(_get_item_cache)
        4    0.014    0.004    3.067    0.767 tweetStream.py:66(load)
    23208    0.212    0.000    3.022    0.000 internals.py:2745(__init__)
    86772    0.205    0.000    3.004    0.000 base.py:318(insertText)
    23211    0.526    0.000    2.960    0.000 <frozen importlib._bootstrap>:861(_find_spec)
   456816    2.798    0.000    2.798    0.000 {built-in method time.strftime}
   166632    0.861    0.000    2.775    0.000 _html5lib.py:230(appendChild)
    86772    0.295    0.000    2.771    0.000 _html5lib.py:313(insertText)
    23208    0.286    0.000    2.738    0.000 series.py:2817(_sanitize_array)
   487368    0.949    0.000    2.690    0.000 dtypes.py:74(is_dtype)
     7373    2.634    0.000    2.634    0.000 {method 'findall' of '_sre.SRE_Pattern' objects}
    11004    0.103    0.000    2.622    0.000 threading.py:828(start)
   228401    1.225    0.000    2.602    0.000 __init__.py:1369(findCaller)
   228408    2.373    0.000    2.450    0.000 {method 'seek' of '_io.TextIOWrapper' objects}
     1331    0.005    0.000    2.164    0.002 client.py:1236(request)
     1331    0.024    0.000    2.159    0.002 client.py:1241(_send_request)
     2662    0.015    0.000    2.131    0.001 element.py:1273(find)
     2662    0.012    0.000    2.115    0.001 element.py:1284(find_all)
     2662    0.170    0.000    2.103    0.001 element.py:518(_find_all)
  1814300    1.489    0.000    2.090    0.000 _inputstream.py:240(char)
    23211    0.056    0.000    2.075    0.000 <frozen importlib._bootstrap_external>:1149(find_spec)
     1331    0.005    0.000    2.043    0.002 client.py:1223(endheaders)
     1331    0.007    0.000    2.038    0.002 client.py:1017(_send_output)
     1331    0.011    0.000    2.030    0.002 client.py:956(send)
    23211    0.197    0.000    2.019    0.000 <frozen importlib._bootstrap_external>:1117(_get_spec)
   123546    1.983    0.000    1.983    0.000 {method 'spell' of 'HunSpell' objects}
     1331    0.016    0.000    1.970    0.001 client.py:933(connect)
     1331    0.015    0.000    1.945    0.001 socket.py:688(create_connection)
  1306368    1.913    0.000    1.913    0.000 {method 'match' of '_sre.SRE_Pattern' objects}
3180480/2936947    1.210    0.000    1.853    0.000 {built-in method builtins.len}
       16    1.843    0.115    1.843    0.115 {built-in method io.open}
   456816    1.824    0.000    1.824    0.000 {built-in method time.localtime}
    46416    0.402    0.000    1.788    0.000 cast.py:227(_maybe_promote)
   316879    1.050    0.000    1.749    0.000 _inputstream.py:320(charsUntil)
    23208    0.135    0.000    1.720    0.000 series.py:2834(_try_cast)
   127776    0.234    0.000    1.706    0.000 element.py:1675(search)
    23208    0.711    0.000    1.699    0.000 internals.py:2841(_rebuild_blknos_and_blklocs)
    23212    0.507    0.000    1.686    0.000 <frozen importlib._bootstrap_external>:1233(find_spec)
   199650    0.443    0.000    1.674    0.000 _tokenizer.py:242(dataState)
     1331    0.022    0.000    1.635    0.001 html5parser.py:60(__init__)
   228932    0.705    0.000    1.627    0.000 _tokenizer.py:873(attributeNameState)
    11018    0.101    0.000    1.624    0.000 threading.py:533(wait)
   232080    0.243    0.000    1.609    0.000 common.py:102(is_categorical_dtype)
     1331    0.014    0.000    1.601    0.001 socket.py:726(getaddrinfo)
     1331    1.528    0.001    1.560    0.001 {built-in method _socket.getaddrinfo}
   228401    0.521    0.000    1.538    0.000 posixpath.py:119(splitext)
     1331    0.074    0.000    1.529    0.001 html5parser.py:77(<listcomp>)
   249154    0.752    0.000    1.526    0.000 _html5lib.py:289(setAttributes)
    44016    0.144    0.000    1.520    0.000 treetaggerwrapper.py:1772(build_with_callable)
    79860    0.233    0.000    1.507    0.000 _html5lib.py:120(elementClass)
   162456    0.169    0.000    1.502    0.000 common.py:69(is_datetimetz)
     5502    0.069    0.000    1.484    0.000 textProcessor.py:337(remove_candidates_names)
    10997    0.119    0.000    1.474    0.000 threading.py:263(wait)
    46416    0.286    0.000    1.462    0.000 common.py:320(_coerce_to_dtype)
   456818    0.378    0.000    1.455    0.000 __init__.py:541(formatMessage)
    19965    0.042    0.000    1.450    0.000 html5parser.py:1033(startTagCloseP)
    92832    0.414    0.000    1.438    0.000 internals.py:2649(make_block)
   232080    0.174    0.000    1.437    0.000 common.py:89(is_datetime64tz_dtype)
    23208    0.238    0.000    1.436    0.000 base.py:1506(take)
    23208    0.146    0.000    1.404    0.000 internals.py:3536(get)
   228409    0.740    0.000    1.401    0.000 posixpath.py:142(basename)
    39930    0.075    0.000    1.391    0.000 html5parser.py:1001(processSpaceCharactersNonPre)
    67881    0.250    0.000    1.329    0.000 element.py:1634(search_tag)
    23208    0.124    0.000    1.318    0.000 frame.py:2393(_box_item_values)
    55058    1.313    0.000    1.313    0.000 {method 'acquire' of '_thread.lock' objects}
  1523930    1.131    0.000    1.300    0.000 {built-in method builtins.hasattr}
    56383    0.204    0.000    1.275    0.000 treetaggerwrapper.py:2001(split_on_regexp)
     1608    0.287    0.000    1.263    0.001 textProcessor.py:299(typo_correction)
   158389    0.589    0.000    1.257    0.000 __init__.py:367(object_was_parsed)
    15452    1.222    0.000    1.222    0.000 {built-in method _pickle.load}
    69624    0.243    0.000    1.203    0.000 internals.py:208(make_block_same_class)
    80697    1.193    0.000    1.193    0.000 {method 'split' of '_sre.SRE_Pattern' objects}
   456818    0.423    0.000    1.184    0.000 __init__.py:535(usesTime)
   207776    0.510    0.000    1.177    0.000 candidate.py:35(regex)
    23208    0.119    0.000    1.159    0.000 indexing.py:1806(check_bool_indexer)
    23208    0.570    0.000    1.149    0.000 indexing.py:1857(maybe_convert_indices)
    23208    0.077    0.000    1.135    0.000 generic.py:131(_validate_dtype)
   384659    0.571    0.000    1.125    0.000 _tokenizer.py:420(tagNameState)
   116040    0.156    0.000    1.105    0.000 {method 'any' of 'numpy.ndarray' objects}
   456818    1.077    0.000    1.077    0.000 __init__.py:385(format)
185664/162456    0.737    0.000    1.037    0.000 {built-in method numpy.core.multiarray.array}
   139248    0.551    0.000    1.035    0.000 generic.py:2746(__setattr__)
    70585    0.050    0.000    1.030    0.000 textProcessor.py:354(is_correctly_spelled)
    23208    0.076    0.000    1.001    0.000 frame.py:2400(_box_col_values)
   430028    0.635    0.000    0.966    0.000 __init__.py:1537(isEnabledFor)
   464160    0.387    0.000    0.956    0.000 generic.py:7(_check)
   116040    0.094    0.000    0.949    0.000 _methods.py:37(_any)
    57233    0.127    0.000    0.948    0.000 html5parser.py:423(processEndTag)
    23208    0.249    0.000    0.939    0.000 internals.py:3565(iget)
    13310    0.063    0.000    0.928    0.000 html5parser.py:949(addFormattingElement)
    23208    0.097    0.000    0.925    0.000 series.py:252(from_array)
    11979    0.040    0.000    0.922    0.000 html5parser.py:1090(startTagA)
    79860    0.149    0.000    0.905    0.000 __init__.py:305(new_tag)
    11004    0.901    0.000    0.901    0.000 {built-in method _thread.start_new_thread}
     1331    0.012    0.000    0.900    0.001 _tokenizer.py:34(__init__)
    92832    0.352    0.000    0.896    0.000 internals.py:2786(shape)
    46416    0.270    0.000    0.896    0.000 internals.py:4031(__init__)
    23208    0.152    0.000    0.894    0.000 base.py:1643(equals)
     1331    0.014    0.000    0.888    0.001 _inputstream.py:131(HTMLInputStream)
   116040    0.855    0.000    0.855    0.000 {method 'reduce' of 'numpy.ufunc' objects}
   228401    0.647    0.000    0.854    0.000 genericpath.py:117(_splitext)
     1331    0.018    0.000    0.849    0.001 _inputstream.py:392(__init__)
    23208    0.299    0.000    0.812    0.000 cast.py:765(_possibly_cast_to_datetime)
    83853    0.521    0.000    0.810    0.000 element.py:806(__init__)
    47916    0.602    0.000    0.804    0.000 _utils.py:52(__init__)
   153065    0.272    0.000    0.801    0.000 _tokenizer.py:993(attributeValueDoubleQuotedState)
    69624    0.052    0.000    0.798    0.000 numeric.py:463(asarray)
    23208    0.137    0.000    0.787    0.000 range.py:249(_shallow_copy)
   228401    0.412    0.000    0.774    0.000 posixpath.py:50(normcase)
   456818    0.413    0.000    0.761    0.000 __init__.py:382(usesTime)
   339919    0.748    0.000    0.760    0.000 element.py:203(setup)
   456820    0.445    0.000    0.751    0.000 __init__.py:802(acquire)
     1331    0.010    0.000    0.744    0.001 _inputstream.py:457(determineEncoding)
    83853    0.229    0.000    0.736    0.000 element.py:1701(_matches)
    92832    0.369    0.000    0.724    0.000 internals.py:96(__init__)
    46416    0.276    0.000    0.718    0.000 numeric.py:2686(seterr)
     1331    0.070    0.000    0.717    0.001 client.py:194(parse_headers)
     1331    0.012    0.000    0.715    0.001 _inputstream.py:569(detectEncodingMeta)
    79860    0.431    0.000    0.701    0.000 base.py:165(elementInScope)
    15972    0.020    0.000    0.688    0.000 html5parser.py:1601(processCharacters)
     1331    0.050    0.000    0.681    0.001 _inputstream.py:696(getEncoding)
    17560    0.049    0.000    0.672    0.000 html5parser.py:989(processCharacters)
    69624    0.098    0.000    0.670    0.000 common.py:64(is_categorical)
   585555    0.661    0.000    0.661    0.000 {built-in method builtins.getattr}
    23208    0.195    0.000    0.645    0.000 internals.py:2966(_verify_integrity)
   456820    0.474    0.000    0.644    0.000 __init__.py:809(release)
     6655    0.037    0.000    0.643    0.000 html5parser.py:678(startTagMeta)
   228408    0.640    0.000    0.640    0.000 {method 'tell' of '_io.TextIOWrapper' objects}
    23208    0.128    0.000    0.636    0.000 base.py:371(_shallow_copy)
    23208    0.068    0.000    0.626    0.000 common.py:301(is_extension_type)
    15279    0.199    0.000    0.614    0.000 dictionnary.py:38(save_buffer)
    46416    0.280    0.000    0.607    0.000 dtypes.py:221(construct_from_string)
    96346    0.112    0.000    0.603    0.000 __init__.py:309(new_string)
     2662    0.026    0.000    0.601    0.000 _inputstream.py:255(readChunk)
    46416    0.254    0.000    0.584    0.000 internals.py:1811(__init__)
     1331    0.021    0.000    0.580    0.000 parser.py:60(parsestr)
   456818    0.579    0.000    0.579    0.000 __init__.py:324(getMessage)
    23211    0.116    0.000    0.578    0.000 <frozen importlib._bootstrap>:146(__enter__)
     9317    0.029    0.000    0.570    0.000 html5parser.py:713(startTagScript)
     1331    0.018    0.000    0.559    0.000 parser.py:42(parse)
   227858    0.526    0.000    0.559    0.000 html5parser.py:264(normalizeToken)
    46416    0.154    0.000    0.556    0.000 function.py:37(__call__)
    23218    0.039    0.000    0.548    0.000 <frozen importlib._bootstrap_external>:75(_path_stat)
   278496    0.143    0.000    0.544    0.000 internals.py:2788(<genexpr>)
   169294    0.381    0.000    0.542    0.000 base.py:24(__init__)
   207785    0.140    0.000    0.522    0.000 re.py:231(compile)
    23279    0.510    0.000    0.510    0.000 {built-in method posix.stat}
   159720    0.294    0.000    0.510    0.000 abc.py:178(__instancecheck__)
   116063    0.187    0.000    0.508    0.000 <frozen importlib._bootstrap_external>:57(_path_join)
    97677    0.193    0.000    0.505    0.000 element.py:697(__new__)
    13671    0.071    0.000    0.501    0.000 dictionnary.py:59(__setitem__)
   137093    0.323    0.000    0.499    0.000 _tokenizer.py:222(emitCurrentToken)
  2305306    0.497    0.000    0.497    0.000 {method 'append' of 'list' objects}
     1331    0.007    0.000    0.484    0.000 _inputstream.py:293(characterErrorsUCS4)
   228401    0.252    0.000    0.475    0.000 __init__.py:152(<lambda>)
   691866    0.473    0.000    0.473    0.000 {method 'rfind' of 'str' objects}
    11004    0.163    0.000    0.464    0.000 threading.py:757(__init__)
   263886    0.460    0.000    0.460    0.000 {method 'translate' of 'str' objects}
   886938    0.458    0.000    0.458    0.000 {method 'get' of 'dict' objects}
   139248    0.332    0.000    0.458    0.000 common.py:357(_get_dtype_type)
    23208    0.105    0.000    0.455    0.000 numeric.py:3088(__exit__)
    69624    0.243    0.000    0.455    0.000 base.py:1392(__contains__)
    92832    0.152    0.000    0.448    0.000 series.py:333(dtype)
     6655    0.026    0.000    0.440    0.000 html5parser.py:1149(startTagVoidFormatting)
    15129    0.013    0.000    0.440    0.000 treetaggerwrapper.py:1961(split_dns)
    23208    0.067    0.000    0.435    0.000 numeric.py:3083(__enter__)
    23208    0.433    0.000    0.433    0.000 {pandas.algos.take_2d_axis0_int64_int64}
        1    0.370    0.370    0.429    0.429 shutil.py:90(copyfile)
    46416    0.070    0.000    0.426    0.000 series.py:391(get_values)
   208872    0.285    0.000    0.426    0.000 range.py:458(__len__)
   131769    0.243    0.000    0.426    0.000 _tokenizer.py:843(beforeAttributeNameState)
    11979    0.016    0.000    0.418    0.000 html5parser.py:407(processSpaceCharacters)
     1331    0.005    0.000    0.417    0.000 feedparser.py:173(feed)
    55902    0.298    0.000    0.412    0.000 __init__.py:152(_replace_cdata_list_attribute_values)
    10996    0.017    0.000    0.411    0.000 treetaggerwrapper.py:1984(split_url)
    86772    0.119    0.000    0.406    0.000 _html5lib.py:420(__init__)
    46416    0.136    0.000    0.401    0.000 validators.py:129(validate_kwargs)
    15286    0.399    0.000    0.399    0.000 {built-in method _pickle.dump}
    88775    0.263    0.000    0.398    0.000 textProcessor.py:181(is_word)
    82522    0.141    0.000    0.395    0.000 _html5lib.py:224(__init__)
    46416    0.095    0.000    0.393    0.000 common.py:54(is_object_dtype)
    92832    0.393    0.000    0.393    0.000 {built-in method numpy.core.multiarray.empty}
   456816    0.391    0.000    0.391    0.000 {method 'write' of '_io.TextIOWrapper' objects}
     2662    0.009    0.000    0.388    0.000 feedparser.py:178(_call_parse)
    23208    0.114    0.000    0.384    0.000 common.py:194(is_bool_indexer)
     1331    0.016    0.000    0.382    0.000 _inputstream.py:723(handleMeta)
   207785    0.352    0.000    0.382    0.000 re.py:286(_compile)
     2662    0.056    0.000    0.379    0.000 feedparser.py:218(_parsegen)
   250409    0.309    0.000    0.375    0.000 threading.py:1226(current_thread)
   111804    0.137    0.000    0.368    0.000 _tokenizer.py:1056(afterAttributeValueState)
   228401    0.234    0.000    0.365    0.000 __init__.py:120(getLevelName)
    69212    0.124    0.000    0.364    0.000 _tokenizer.py:1012(attributeValueSingleQuotedState)
   126445    0.263    0.000    0.363    0.000 _tokenizer.py:361(tagOpenState)
    46416    0.120    0.000    0.363    0.000 range.py:286(equals)
   474449    0.357    0.000    0.357    0.000 {method 'find' of 'str' objects}
    46416    0.134    0.000    0.357    0.000 internals.py:4177(get_values)
    13310    0.128    0.000    0.350    0.000 html5parser.py:1396(endTagFormatting)
   116040    0.186    0.000    0.349    0.000 {pandas.lib.values_from_object}
    46416    0.067    0.000    0.348    0.000 common.py:98(is_period_dtype)
    23208    0.162    0.000    0.346    0.000 frame.py:252(__init__)
   685222    0.341    0.000    0.341    0.000 {built-in method posix.fspath}
   430028    0.332    0.000    0.332    0.000 __init__.py:1523(getEffectiveLevel)
    46416    0.200    0.000    0.327    0.000 dtypes.py:170(__new__)
    69624    0.189    0.000    0.325    0.000 series.py:322(name)
    23208    0.103    0.000    0.324    0.000 internals.py:3257(_consolidate_check)
    23208    0.319    0.000    0.319    0.000 {pandas.algos.take_2d_axis1_object_object}
     3993    0.011    0.000    0.314    0.000 html5parser.py:673(startTagBaseLinkCommand)
   571233    0.314    0.000    0.314    0.000 {built-in method time.time}
   672801    0.312    0.000    0.312    0.000 {method 'join' of 'str' objects}
    15129    0.015    0.000    0.311    0.000 treetaggerwrapper.py:1996(split_email)
   456811    0.310    0.000    0.310    0.000 __init__.py:698(filter)
    23208    0.052    0.000    0.309    0.000 generic.py:2795(_consolidate_inplace)
   228410    0.194    0.000    0.309    0.000 posixpath.py:39(_get_sep)
   456820    0.306    0.000    0.306    0.000 {method 'acquire' of '_thread.RLock' objects}
    23211    0.179    0.000    0.301    0.000 <frozen importlib._bootstrap>:159(_get_module_lock)
    46416    0.091    0.000    0.301    0.000 base.py:2104(get_loc)
     1331    0.070    0.000    0.300    0.000 html5parser.py:872(__init__)
    23210    0.158    0.000    0.300    0.000 base.py:334(_simple_new)
    92832    0.176    0.000    0.297    0.000 internals.py:4147(dtype)
    46416    0.040    0.000    0.295    0.000 common.py:59(is_sparse)
     5324    0.101    0.000    0.295    0.000 _inputstream.py:792(getAttribute)
   341079    0.294    0.000    0.294    0.000 {method 'decode' of 'bytes' objects}
     5324    0.021    0.000    0.286    0.000 html5parser.py:1169(startTagHr)
   124297    0.208    0.000    0.285    0.000 element.py:296(_last_descendant)
    46416    0.158    0.000    0.281    0.000 dtypes.py:347(is_dtype)
    46416    0.263    0.000    0.276    0.000 numeric.py:2786(geterr)
    55902    0.164    0.000    0.275    0.000 _tokenizer.py:567(scriptDataEndTagNameState)
    69624    0.275    0.000    0.275    0.000 generic.py:114(__init__)
    46416    0.078    0.000    0.269    0.000 generic.py:353(_get_axis)
   214291    0.109    0.000    0.269    0.000 {built-in method builtins.next}
   116063    0.167    0.000    0.266    0.000 <frozen importlib._bootstrap_external>:59(<listcomp>)
     1331    0.260    0.000    0.260    0.000 {method 'connect' of '_socket.socket' objects}
    19965    0.075    0.000    0.259    0.000 html5parser.py:1337(endTagBlock)
    23208    0.065    0.000    0.257    0.000 generic.py:2785(_protect_consolidate)
   111804    0.159    0.000    0.253    0.000 _tokenizer.py:959(beforeAttributeValueState)
    46416    0.183    0.000    0.252    0.000 series.py:286(_set_axis)
     9574    0.037    0.000    0.240    0.000 element.py:232(replace_with)
     3993    0.007    0.000    0.240    0.000 html5parser.py:1005(startTagProcessInHead)
    92832    0.237    0.000    0.237    0.000 generic.py:2730(__getattr__)
     1331    0.214    0.000    0.233    0.000 html5parser.py:2470(__init__)
   116040    0.082    0.000    0.230    0.000 {built-in method builtins.hash}
   228401    0.223    0.000    0.223    0.000 {built-in method sys._getframe}
    23208    0.033    0.000    0.218    0.000 series.py:473(__array__)
     5324    0.010    0.000    0.218    0.000 html5parser.py:1296(startTagOther)
   319445    0.215    0.000    0.215    0.000 _weakrefset.py:70(__contains__)
    92832    0.179    0.000    0.214    0.000 internals.py:216(mgr_locs)
    46416    0.075    0.000    0.213    0.000 common.py:81(is_datetime64_dtype)
    23208    0.056    0.000    0.211    0.000 internals.py:3258(<listcomp>)
    69624    0.133    0.000    0.211    0.000 base.py:522(values)
     1331    0.007    0.000    0.210    0.000 client.py:438(read)
    11004    0.068    0.000    0.207    0.000 treetaggerwrapper.py:1821(split_sgml)
     1331    0.013    0.000    0.203    0.000 client.py:558(_readall_chunked)
   228401    0.201    0.000    0.201    0.000 process.py:137(name)
   200647    0.196    0.000    0.196    0.000 {method 'split' of 'str' objects}
    23208    0.196    0.000    0.196    0.000 {method 'nonzero' of 'numpy.ndarray' objects}
    23208    0.063    0.000    0.195    0.000 base.py:826(item)
    46416    0.130    0.000    0.194    0.000 algorithms.py:977(_get_take_nd_function)
    23958    0.061    0.000    0.193    0.000 _tokenizer.py:328(scriptDataState)
   525232    0.192    0.000    0.192    0.000 {built-in method _thread.get_ident}
    46416    0.191    0.000    0.191    0.000 validators.py:113(_check_for_invalid_keys)
   142417    0.191    0.000    0.191    0.000 _utils.py:67(__getitem__)
    11004    0.067    0.000    0.188    0.000 threading.py:1024(join)
    23208    0.135    0.000    0.187    0.000 base.py:606(_get_attributes_dict)
    10996    0.017    0.000    0.186    0.000 treetaggerwrapper.py:1896(blank_to_space)
    23208    0.022    0.000    0.186    0.000 numeric.py:534(asanyarray)
    11018    0.040    0.000    0.183    0.000 threading.py:498(__init__)
   185664    0.132    0.000    0.180    0.000 base.py:491(__len__)
    46416    0.111    0.000    0.179    0.000 series.py:326(name)
    23208    0.072    0.000    0.179    0.000 generic.py:2798(f)
    23208    0.058    0.000    0.178    0.000 generic.py:357(_get_block_manager_axis)
    15129    0.014    0.000    0.173    0.000 treetaggerwrapper.py:1944(split_ip)
     1331    0.015    0.000    0.173    0.000 html5parser.py:433(processDoctype)
   116040    0.170    0.000    0.170    0.000 {method 'view' of 'numpy.ndarray' objects}
   456820    0.170    0.000    0.170    0.000 {method 'release' of '_thread.RLock' objects}
    46416    0.077    0.000    0.169    0.000 common.py:135(is_dtype_equal)
   228401    0.163    0.000    0.163    0.000 threading.py:1076(name)
    46416    0.053    0.000    0.163    0.000 base.py:527(get_values)
   468209    0.163    0.000    0.163    0.000 {method 'lower' of 'str' objects}
   464162    0.162    0.000    0.162    0.000 {built-in method builtins.issubclass}
    23211    0.038    0.000    0.162    0.000 <frozen importlib._bootstrap>:153(__exit__)
    23208    0.023    0.000    0.161    0.000 series.py:463(__len__)
    50081    0.161    0.000    0.161    0.000 {method 'format' of 'str' objects}
     4124    0.022    0.000    0.160    0.000 client.py:534(_get_chunk_left)
    47916    0.078    0.000    0.160    0.000 _inputstream.py:663(matchBytes)
    46416    0.136    0.000    0.155    0.000 internals.py:301(ftype)
    69624    0.153    0.000    0.153    0.000 dtypes.py:132(construct_from_string)
    46416    0.102    0.000    0.153    0.000 generic.py:340(_get_axis_name)
   139755    0.101    0.000    0.151    0.000 __init__.py:262(set_up_substitutions)
    23208    0.067    0.000    0.148    0.000 generic.py:829(__hash__)
    46416    0.055    0.000    0.148    0.000 internals.py:163(to_dense)
   350462    0.147    0.000    0.147    0.000 {method 'strip' of 'str' objects}
     1331    0.059    0.000    0.146    0.000 feedparser.py:471(_parse_headers)
    23208    0.082    0.000    0.145    0.000 missing.py:245(array_equivalent)
    23211    0.136    0.000    0.145    0.000 <frozen importlib._bootstrap>:77(acquire)
    46420    0.041    0.000    0.144    0.000 <frozen importlib._bootstrap>:989(_handle_fromlist)
     1331    0.013    0.000    0.143    0.000 request.py:326(__init__)
    90508    0.064    0.000    0.142    0.000 element.py:1598(_normalize_search_value)
    23208    0.090    0.000    0.142    0.000 generic.py:1503(_set_is_copy)
   208942    0.141    0.000    0.141    0.000 {built-in method builtins.max}
    23208    0.045    0.000    0.138    0.000 {built-in method builtins.sum}
   128876    0.137    0.000    0.137    0.000 {built-in method __new__ of type object at 0x10fff3650}
   248897    0.136    0.000    0.136    0.000 _html5lib.py:411(getNameTuple)
    46416    0.136    0.000    0.136    0.000 {method 'get_loc' of 'pandas.index.IndexEngine' objects}
    23208    0.056    0.000    0.135    0.000 generic.py:1395(_set_as_cached)
    45254    0.099    0.000    0.134    0.000 _tokenizer.py:396(closeTagOpenState)
     1331    0.007    0.000    0.133    0.000 _html5lib.py:112(insertDoctype)
     2662    0.036    0.000    0.131    0.000 _inputstream.py:874(parse)
    92832    0.086    0.000    0.130    0.000 base.py:3637(_ensure_index)
   113135    0.130    0.000    0.130    0.000 {method 'items' of 'collections.OrderedDict' objects}
    11018    0.128    0.000    0.128    0.000 threading.py:215(__init__)
    46418    0.125    0.000    0.125    0.000 {built-in method numpy.core.multiarray.arange}
    23211    0.115    0.000    0.123    0.000 <frozen importlib._bootstrap>:102(release)
    23211    0.081    0.000    0.123    0.000 <frozen importlib._bootstrap>:57(__init__)
     9574    0.083    0.000    0.120    0.000 element.py:310(insert)
    23208    0.087    0.000    0.120    0.000 generic.py:327(_get_axis_number)
     1331    0.005    0.000    0.117    0.000 html5parser.py:1156(startTagInput)
    11004    0.079    0.000    0.115    0.000 treetaggerwrapper.py:1590(<listcomp>)
    23208    0.028    0.000    0.115    0.000 missing.py:27(isnull)
     1331    0.005    0.000    0.113    0.000 html5parser.py:1045(startTagForm)
     2662    0.019    0.000    0.113    0.000 base.py:153(reset)
    23208    0.036    0.000    0.111    0.000 series.py:353(values)
    94501    0.094    0.000    0.111    0.000 _inputstream.py:599(__next__)
    46416    0.110    0.000    0.110    0.000 {built-in method numpy.core.umath.seterrobj}
   529995    0.109    0.000    0.109    0.000 element.py:1010(__bool__)
    69624    0.079    0.000    0.109    0.000 common.py:447(_apply_if_callable)
    69624    0.108    0.000    0.108    0.000 {pandas.lib.isscalar}
   244111    0.106    0.000    0.106    0.000 {method 'rstrip' of 'str' objects}
    23208    0.057    0.000    0.105    0.000 internals.py:2746(<listcomp>)
    11979    0.043    0.000    0.104    0.000 message.py:462(get)
    23208    0.038    0.000    0.103    0.000 internals.py:2951(__len__)
   105149    0.085    0.000    0.103    0.000 _inputstream.py:625(getPosition)
    13671    0.102    0.000    0.102    0.000 processedTweet.py:5(__init__)
    50578    0.063    0.000    0.101    0.000 _tokenizer.py:1612(doctypeSystemIdentifierDoubleQuotedState)
    92841    0.070    0.000    0.100    0.000 <frozen importlib._bootstrap>:834(__enter__)
     5324    0.021    0.000    0.100    0.000 message.py:564(get_content_type)
   228413    0.100    0.000    0.100    0.000 {built-in method posix.getpid}
     1331    0.043    0.000    0.098    0.000 html5parser.py:1627(__init__)
    92841    0.065    0.000    0.097    0.000 <frozen importlib._bootstrap>:838(__exit__)
   162456    0.097    0.000    0.097    0.000 internals.py:4077(_block)
   185664    0.097    0.000    0.097    0.000 internals.py:297(dtype)
   228401    0.097    0.000    0.097    0.000 process.py:35(current_process)
    23208    0.054    0.000    0.096    0.000 common.py:282(is_float_dtype)
   232080    0.095    0.000    0.095    0.000 internals.py:179(mgr_locs)
     1331    0.006    0.000    0.094    0.000 html5parser.py:1216(startTagTextarea)
    69624    0.059    0.000    0.093    0.000 internals.py:2968(<genexpr>)
     3993    0.025    0.000    0.092    0.000 __init__.py:295(reset)
    92832    0.066    0.000    0.092    0.000 common.py:333(_get_dtype)
    23211    0.066    0.000    0.092    0.000 <frozen importlib._bootstrap>:402(parent)
     1331    0.003    0.000    0.091    0.000 html5parser.py:575(processStartTag)
     2662    0.012    0.000    0.090    0.000 _html5lib.py:108(documentClass)
    11070    0.035    0.000    0.088    0.000 threading.py:1062(_wait_for_tstate_lock)
     1331    0.006    0.000    0.088    0.000 html5parser.py:556(insertHtmlElement)
    84110    0.082    0.000    0.086    0.000 base.py:187(reconstructActiveFormattingElements)
    23208    0.048    0.000    0.086    0.000 missing.py:48(_isnull_new)
    17303    0.052    0.000    0.086    0.000 _tokenizer.py:464(rcdataEndTagNameState)
     1331    0.008    0.000    0.086    0.000 element.py:1029(__getattr__)
    23208    0.059    0.000    0.086    0.000 <frozen importlib._bootstrap>:852(_find_spec_legacy)
     1331    0.003    0.000    0.085    0.000 client.py:400(_close_conn)
    30460    0.082    0.000    0.083    0.000 re.py:324(_subx)
     1331    0.013    0.000    0.082    0.000 {method 'close' of '_io.BufferedReader' objects}
    23208    0.060    0.000    0.082    0.000 indexing.py:1769(convert_to_index_sliceable)
     1331    0.019    0.000    0.082    0.000 html5parser.py:636(__init__)
   116066    0.081    0.000    0.081    0.000 <frozen importlib._bootstrap>:208(_verbose_message)
   159430    0.080    0.000    0.080    0.000 treetaggerwrapper.py:716(__init__)
     1331    0.005    0.000    0.080    0.000 base.py:252(insertRoot)
    23208    0.067    0.000    0.079    0.000 numeric.py:3079(__init__)
    23208    0.079    0.000    0.079    0.000 cast.py:660(_possibly_castable)
     2662    0.025    0.000    0.079    0.000 element.py:1571(__init__)
   246268    0.079    0.000    0.079    0.000 {method 'end' of '_sre.SRE_Match' objects}
    23210    0.048    0.000    0.078    0.000 __init__.py:175(iteritems)
     1331    0.008    0.000    0.078    0.000 request.py:308(request_host)
   228404    0.077    0.000    0.077    0.000 codecs.py:213(setstate)
    23208    0.077    0.000    0.077    0.000 {method 'take' of 'numpy.ndarray' objects}
     1331    0.030    0.000    0.076    0.000 html5parser.py:1954(__init__)
     1331    0.019    0.000    0.076    0.000 client.py:227(__init__)
     1331    0.003    0.000    0.075    0.000 html5parser.py:1103(startTagFormatting)
    23208    0.051    0.000    0.075    0.000 internals.py:4171(external_values)
    29282    0.074    0.000    0.074    0.000 base.py:359(generateImpliedEndTags)
    23208    0.067    0.000    0.074    0.000 base.py:1406(__getitem__)
     1331    0.005    0.000    0.074    0.000 _html5lib.py:88(create_treebuilder)
     1331    0.028    0.000    0.074    0.000 html5parser.py:2141(__init__)
   357888    0.073    0.000    0.073    0.000 {method 'extend' of 'list' objects}
    34606    0.046    0.000    0.073    0.000 _tokenizer.py:1459(doctypePublicIdentifierDoubleQuotedState)
     1331    0.006    0.000    0.072    0.000 html5parser.py:1082(startTagHeading)
     1331    0.007    0.000    0.070    0.000 feedparser.py:184(close)
    92832    0.070    0.000    0.070    0.000 {built-in method numpy.core.umath.geterrobj}
     1331    0.015    0.000    0.070    0.000 socket.py:649(close)
     1606    0.016    0.000    0.070    0.000 dictionnary.py:96(__setitem__)
     3993    0.006    0.000    0.069    0.000 message.py:588(get_content_maintype)
     1331    0.010    0.000    0.069    0.000 _html5lib.py:100(__init__)
    46416    0.051    0.000    0.069    0.000 inference.py:66(is_hashable)
    68438    0.068    0.000    0.068    0.000 {built-in method _thread.allocate_lock}
    46416    0.043    0.000    0.068    0.000 internals.py:3529(_consolidate_inplace)
     1331    0.068    0.000    0.068    0.000 socket.py:139(__init__)
     5324    0.037    0.000    0.067    0.000 client.py:1195(putheader)
     1331    0.024    0.000    0.067    0.000 html5parser.py:2216(__init__)
    69624    0.047    0.000    0.067    0.000 internals.py:2790(ndim)
    23208    0.058    0.000    0.067    0.000 generic.py:144(_init_mgr)
   130438    0.059    0.000    0.066    0.000 element.py:1309(descendants)
     1331    0.015    0.000    0.066    0.000 html5parser.py:1817(__init__)
    23211    0.066    0.000    0.066    0.000 <frozen importlib._bootstrap>:355(__init__)
     1331    0.009    0.000    0.066    0.000 html5parser.py:94(reset)
    71186    0.066    0.000    0.066    0.000 {method 'startswith' of 'str' objects}
     1331    0.003    0.000    0.065    0.000 html5parser.py:699(startTagTitle)
    83853    0.065    0.000    0.065    0.000 __init__.py:108(can_be_empty_element)
     1331    0.010    0.000    0.065    0.000 parse.py:351(urlparse)
     6655    0.015    0.000    0.065    0.000 _inputstream.py:908(lookupEncoding)
    23211    0.030    0.000    0.064    0.000 <frozen importlib._bootstrap>:771(find_spec)
     2662    0.003    0.000    0.063    0.000 _inputstream.py:759(handlePossibleStartTag)
     1331    0.005    0.000    0.063    0.000 html5parser.py:333(parseRCDataRawtext)
     9574    0.041    0.000    0.063    0.000 element.py:267(extract)
    46416    0.061    0.000    0.061    0.000 {method 'fill' of 'numpy.ndarray' objects}
     1331    0.019    0.000    0.061    0.000 html5parser.py:2052(__init__)
    23208    0.035    0.000    0.060    0.000 common.py:93(is_timedelta64_dtype)
     1331    0.004    0.000    0.060    0.000 html5parser.py:618(startTagHead)
     5502    0.038    0.000    0.060    0.000 textProcessor.py:322(remove_user_mentions_hashtags)
     2662    0.010    0.000    0.060    0.000 _inputstream.py:766(handlePossibleTag)
    11979    0.032    0.000    0.060    0.000 _policybase.py:293(header_source_parse)
     1331    0.010    0.000    0.059    0.000 _inputstream.py:164(__init__)
     1331    0.003    0.000    0.059    0.000 base.py:146(__init__)
   113135    0.057    0.000    0.057    0.000 element.py:1014(__setitem__)
     1331    0.036    0.000    0.057    0.000 socket.py:218(makefile)
     1331    0.016    0.000    0.056    0.000 html5parser.py:803(__init__)
     1331    0.004    0.000    0.056    0.000 html5parser.py:831(startTagBody)
    23208    0.048    0.000    0.056    0.000 generic.py:2713(__finalize__)
   238855    0.055    0.000    0.055    0.000 {method 'append' of 'collections.deque' objects}
     1331    0.006    0.000    0.055    0.000 html5parser.py:976(processSpaceCharactersDropNewline)
   241168    0.055    0.000    0.055    0.000 {method 'popleft' of 'collections.deque' objects}
    70979    0.055    0.000    0.055    0.000 {method 'rpartition' of 'str' objects}
     1331    0.004    0.000    0.055    0.000 socket.py:403(_decref_socketios)
     6655    0.031    0.000    0.054    0.000 html5parser.py:1578(endTagOther)
     2662    0.007    0.000    0.054    0.000 socket.py:413(close)
    55902    0.037    0.000    0.054    0.000 element.py:982(get)
     2662    0.024    0.000    0.054    0.000 codecs.py:450(read)
    23208    0.032    0.000    0.053    0.000 internals.py:3513(consolidate)
    13310    0.032    0.000    0.052    0.000 _tokenizer.py:542(scriptDataLessThanSignState)
     1331    0.015    0.000    0.052    0.000 html5parser.py:739(__init__)
    23208    0.038    0.000    0.052    0.000 base.py:608(<listcomp>)
    46416    0.050    0.000    0.050    0.000 series.py:312(_set_subtyp)
    30613    0.050    0.000    0.050    0.000 html5parser.py:389(__init__)
     1331    0.027    0.000    0.050    0.000 feedparser.py:139(__init__)
    15972    0.019    0.000    0.050    0.000 feedparser.py:128(__next__)
     1331    0.016    0.000    0.049    0.000 html5parser.py:590(__init__)
     1331    0.020    0.000    0.049    0.000 html5parser.py:2316(__init__)
     1331    0.009    0.000    0.049    0.000 request.py:350(full_url)
    30981    0.049    0.000    0.049    0.000 {method 'replace' of 'str' objects}
    23208    0.035    0.000    0.048    0.000 base.py:465(is_)
   116052    0.048    0.000    0.048    0.000 {built-in method _imp.release_lock}
     1331    0.022    0.000    0.047    0.000 parse.py:384(urlsplit)
     1331    0.047    0.000    0.047    0.000 socket.py:409(_real_close)
        1    0.001    0.001    0.047    0.047 shutil.py:70(copyfileobj)
    92832    0.047    0.000    0.047    0.000 internals.py:2862(_get_items)
    46416    0.047    0.000    0.047    0.000 validators.py:31(_check_for_default_values)
    25289    0.046    0.000    0.046    0.000 base.py:238(elementInActiveFormattingElements)
     5581    0.019    0.000    0.046    0.000 _tokenizer.py:276(rcdataState)
    11009    0.035    0.000    0.046    0.000 _weakrefset.py:81(add)
    69624    0.046    0.000    0.046    0.000 internals.py:3249(is_consolidated)
     5324    0.034    0.000    0.045    0.000 _inputstream.py:652(skipUntil)
    10648    0.008    0.000    0.045    0.000 _policybase.py:311(header_fetch_parse)
     1331    0.014    0.000    0.045    0.000 feedparser.py:101(push)
     1331    0.005    0.000    0.044    0.000 base.py:270(createElement)
     3993    0.014    0.000    0.044    0.000 __init__.py:61(lookup)
    23208    0.043    0.000    0.043    0.000 internals.py:326(iget)
    11004    0.034    0.000    0.043    0.000 _weakrefset.py:38(_remove)
   165570    0.043    0.000    0.043    0.000 {method 'isalpha' of 'str' objects}
    23213    0.042    0.000    0.042    0.000 <frozen importlib._bootstrap_external>:1080(_path_importer_cache)
        1    0.000    0.000    0.042    0.042 treetaggerwrapper.py:1164(_start_process)
     6062    0.011    0.000    0.042    0.000 re.py:330(filter)
     5586    0.020    0.000    0.042    0.000 client.py:596(_safe_read)
     1331    0.011    0.000    0.042    0.000 client.py:1071(putrequest)
     1331    0.019    0.000    0.042    0.000 html5parser.py:1889(__init__)
        1    0.000    0.000    0.041    0.041 subprocess.py:586(__init__)
        1    0.002    0.002    0.041    0.041 subprocess.py:1198(_execute_child)
     1331    0.040    0.000    0.040    0.000 {method 'sendall' of '_socket.socket' objects}
     2662    0.017    0.000    0.039    0.000 _inputstream.py:434(reset)
    11004    0.038    0.000    0.038    0.000 threading.py:727(_newname)
    13310    0.023    0.000    0.038    0.000 _inputstream.py:640(skip)
     1331    0.014    0.000    0.036    0.000 html5parser.py:2518(__init__)
        1    0.036    0.036    0.036    0.036 {built-in method posix.read}
    10648    0.017    0.000    0.036    0.000 _policybase.py:281(_sanitize_header)
    46261    0.036    0.000    0.036    0.000 {method 'count' of 'str' objects}
     6036    0.023    0.000    0.035    0.000 dictionnary.py:103(__getitem__)
    13310    0.030    0.000    0.035    0.000 base.py:99(append)
     1331    0.009    0.000    0.035    0.000 html5parser.py:1593(__init__)
    23211    0.034    0.000    0.034    0.000 {built-in method _imp.is_frozen}
    92832    0.034    0.000    0.034    0.000 {built-in method pandas.algos.ensure_int64}
    46416    0.034    0.000    0.034    0.000 internals.py:175(fill_value)
    73059    0.032    0.000    0.032    0.000 {method 'items' of 'dict' objects}
     1331    0.008    0.000    0.032    0.000 request.py:381(_parse)
     6062    0.022    0.000    0.031    0.000 sre_parse.py:964(expand_template)
     4124    0.017    0.000    0.031    0.000 client.py:504(_read_next_chunk_size)
    25207    0.031    0.000    0.031    0.000 dictionnary.py:64(__contains__)
     1331    0.013    0.000    0.031    0.000 html5parser.py:2575(__init__)
    78685    0.031    0.000    0.031    0.000 {method 'pop' of 'list' objects}
    69724    0.031    0.000    0.031    0.000 {built-in method builtins.callable}
    92841    0.030    0.000    0.030    0.000 {built-in method _imp.acquire_lock}
    15972    0.027    0.000    0.030    0.000 feedparser.py:78(readline)
    23210    0.030    0.000    0.030    0.000 base.py:485(_reset_identity)
     6045    0.030    0.000    0.030    0.000 {method 'read' of '_io.BufferedReader' objects}
     1333    0.004    0.000    0.030    0.000 parse.py:777(quote_plus)
    10997    0.018    0.000    0.030    0.000 threading.py:251(_acquire_restore)
     3993    0.012    0.000    0.030    0.000 _inputstream.py:224(_position)
       20    0.000    0.000    0.029    0.001 sre_compile.py:557(compile)
     1331    0.008    0.000    0.029    0.000 html5parser.py:1381(endTagHeading)
    23212    0.029    0.000    0.029    0.000 <frozen importlib._bootstrap_external>:37(_relax_case)
    46416    0.029    0.000    0.029    0.000 internals.py:289(shape)
    88775    0.029    0.000    0.029    0.000 {method 'isdigit' of 'str' objects}
     9317    0.012    0.000    0.029    0.000 _inputstream.py:635(getCurrentByte)
    11018    0.018    0.000    0.028    0.000 threading.py:239(__enter__)
    19148    0.028    0.000    0.028    0.000 element.py:972(index)
     2662    0.010    0.000    0.028    0.000 socket.py:97(_intenum_converter)
    23211    0.028    0.000    0.028    0.000 <frozen importlib._bootstrap>:142(__init__)
    46416    0.027    0.000    0.027    0.000 {method 'copy' of 'dict' objects}
    86772    0.027    0.000    0.027    0.000 base.py:278(_getInsertFromTable)
    11004    0.024    0.000    0.027    0.000 threading.py:966(_stop)
    23208    0.027    0.000    0.027    0.000 six.py:184(find_module)
     1331    0.017    0.000    0.027    0.000 _tokenizer.py:1109(markupDeclarationOpenState)
     1331    0.006    0.000    0.027    0.000 client.py:370(_check_close)
      458    0.027    0.000    0.027    0.000 {method 'write' of '_io.BufferedWriter' objects}
    10997    0.014    0.000    0.027    0.000 threading.py:254(_is_owned)
     1331    0.003    0.000    0.026    0.000 cp1252.py:14(decode)
     3993    0.015    0.000    0.025    0.000 _inputstream.py:674(jumpTo)
    23208    0.025    0.000    0.025    0.000 {built-in method pandas.lib.checknull}
     1333    0.005    0.000    0.025    0.000 parse.py:733(quote)
     9317    0.017    0.000    0.024    0.000 _tokenizer.py:556(scriptDataEndTagOpenState)
     1331    0.019    0.000    0.024    0.000 __init__.py:42(lookup)
     5310    0.012    0.000    0.024    0.000 enum.py:265(__call__)
     1331    0.009    0.000    0.023    0.000 element.py:786(for_name_and_ids)
     1331    0.005    0.000    0.023    0.000 _inputstream.py:519(changeEncoding)
     1331    0.023    0.000    0.023    0.000 {built-in method _codecs.charmap_decode}
     1331    0.012    0.000    0.023    0.000 request.py:1238(do_request_)
    31992    0.023    0.000    0.023    0.000 {method 'encode' of 'str' objects}
    24541    0.023    0.000    0.023    0.000 {method 'update' of 'dict' objects}
    11018    0.016    0.000    0.022    0.000 threading.py:242(__exit__)
        2    0.000    0.000    0.022    0.011 __init__.py:71(search_function)
        3    0.000    0.000    0.021    0.007 {built-in method builtins.__import__}
     3993    0.009    0.000    0.021    0.000 _inputstream.py:588(__new__)
    46416    0.021    0.000    0.021    0.000 {pandas.lib.is_float}
      3/2    0.000    0.000    0.021    0.010 <frozen importlib._bootstrap>:641(_load_unlocked)
      3/2    0.000    0.000    0.020    0.010 <frozen importlib._bootstrap_external>:672(exec_module)
       20    0.000    0.000    0.020    0.001 sre_compile.py:542(_code)
    23208    0.020    0.000    0.020    0.000 {method 'item' of 'numpy.ndarray' objects}
     5324    0.013    0.000    0.020    0.000 message.py:29(_splitparam)
    47916    0.020    0.000    0.020    0.000 {method 'startswith' of 'bytes' objects}
     1331    0.007    0.000    0.020    0.000 _inputstream.py:691(__init__)
     9317    0.016    0.000    0.020    0.000 html5parser.py:1614(endTagScript)
     1331    0.008    0.000    0.019    0.000 client.py:405(close)
     5324    0.012    0.000    0.019    0.000 _tokenizer.py:1334(doctypeNameState)
    23208    0.019    0.000    0.019    0.000 {built-in method pandas.algos.ensure_platform_int}
     2662    0.019    0.000    0.019    0.000 {method 'readlines' of '_io._IOBase' objects}
    46416    0.019    0.000    0.019    0.000 numeric.py:137(is_all_dates)
     1331    0.013    0.000    0.019    0.000 client.py:836(__init__)
    23685    0.019    0.000    0.019    0.000 {method 'add' of 'set' objects}
     1331    0.007    0.000    0.018    0.000 html5parser.py:2649(__init__)
        1    0.000    0.000    0.018    0.018 handlers.py:154(doRollover)
    23208    0.018    0.000    0.018    0.000 base.py:512(dtype)
   115/20    0.004    0.000    0.017    0.001 sre_compile.py:64(_compile)
     1331    0.005    0.000    0.017    0.000 html5parser.py:2611(__init__)
        3    0.000    0.000    0.017    0.006 <frozen importlib._bootstrap_external>:743(get_code)
    23208    0.017    0.000    0.017    0.000 frame.py:241(_constructor)
     1331    0.009    0.000    0.017    0.000 parse.py:794(quote_from_bytes)
    11432    0.013    0.000    0.017    0.000 dictionnary.py:70(__len__)
    20227    0.017    0.000    0.017    0.000 {method 'join' of 'bytes' objects}
     3993    0.008    0.000    0.017    0.000 __init__.py:35(ascii_lower)
     1331    0.013    0.000    0.017    0.000 _inputstream.py:535(detectBOM)
    23211    0.017    0.000    0.017    0.000 <frozen importlib._bootstrap>:173(cb)
    23214    0.017    0.000    0.017    0.000 {built-in method builtins.iter}
    23208    0.017    0.000    0.017    0.000 {pandas.lib.is_integer}
    18142    0.017    0.000    0.017    0.000 {built-in method builtins.min}
     2662    0.005    0.000    0.016    0.000 _tokenizer.py:1076(selfClosingStartTagState)
     5502    0.009    0.000    0.016    0.000 textProcessor.py:142(replace_special_chars)
        3    0.016    0.005    0.016    0.005 <frozen importlib._bootstrap_external>:830(get_data)
    16338    0.016    0.000    0.016    0.000 dictionnary.py:57(__getitem__)
    10997    0.011    0.000    0.016    0.000 threading.py:248(_release_save)
    16328    0.016    0.000    0.016    0.000 {method 'index' of 'list' objects}
     2662    0.016    0.000    0.016    0.000 codecs.py:422(__init__)
    55902    0.016    0.000    0.016    0.000 {method 'keys' of 'collections.OrderedDict' objects}
     1331    0.007    0.000    0.016    0.000 feedparser.py:70(close)
    28208    0.015    0.000    0.015    0.000 {method 'index' of 'str' objects}
     1331    0.015    0.000    0.015    0.000 feedparser.py:53(__init__)
     1331    0.004    0.000    0.015    0.000 html5parser.py:1313(endTagBody)
        1    0.015    0.015    0.015    0.015 {method 'close' of '_io.TextIOWrapper' objects}
     2662    0.010    0.000    0.015    0.000 _inputstream.py:438(openStream)
    28956    0.015    0.000    0.015    0.000 {method 'group' of '_sre.SRE_Match' objects}
     1331    0.008    0.000    0.015    0.000 _tokenizer.py:1359(afterDoctypeNameState)
      156    0.000    0.000    0.015    0.000 _tokenizer.py:305(characterReferenceInRcdata)
     1331    0.014    0.000    0.014    0.000 socket.py:560(__init__)
    10648    0.009    0.000    0.014    0.000 utils.py:51(_has_surrogates)
      156    0.005    0.000    0.014    0.000 _tokenizer.py:137(consumeEntity)
    11979    0.011    0.000    0.014    0.000 message.py:479(set_raw)
    23223    0.014    0.000    0.014    0.000 {method 'setdefault' of 'dict' objects}
     1331    0.006    0.000    0.014    0.000 html5parser.py:1351(endTagForm)
     1331    0.005    0.000    0.014    0.000 parse.py:918(splittype)
     1331    0.005    0.000    0.013    0.000 element.py:74(__new__)
       12    0.000    0.000    0.013    0.001 ansitowin32.py:39(write)
       12    0.000    0.000    0.013    0.001 ansitowin32.py:139(write)
       12    0.000    0.000    0.013    0.001 ansitowin32.py:156(write_and_convert)
    11004    0.013    0.000    0.013    0.000 threading.py:1120(daemon)
    23208    0.013    0.000    0.013    0.000 {method 'pop' of 'dict' objects}
       16    0.000    0.000    0.013    0.001 ansitowin32.py:172(write_plain_text)
     1331    0.004    0.000    0.013    0.000 html5parser.py:256(parseError)
    14849    0.013    0.000    0.013    0.000 {method 'insert' of 'list' objects}
     1331    0.009    0.000    0.013    0.000 idna.py:147(encode)
        1    0.000    0.000    0.012    0.012 request.py:576(build_opener)
     1331    0.003    0.000    0.012    0.000 html5parser.py:615(startTagHtml)
       14    0.000    0.000    0.012    0.001 iostream.py:312(flush)
     5310    0.012    0.000    0.012    0.000 enum.py:515(__new__)
     1331    0.007    0.000    0.012    0.000 parse.py:376(_splitnetloc)
    22074    0.012    0.000    0.012    0.000 threading.py:506(is_set)
     1331    0.008    0.000    0.012    0.000 feedparser.py:197(_new_message)
     1331    0.006    0.000    0.012    0.000 {function HTTPResponse.close at 0x111fe21e0}
     2662    0.012    0.000    0.012    0.000 element.py:1753(__init__)
    23211    0.011    0.000    0.011    0.000 <frozen importlib._bootstrap>:698(find_spec)
        1    0.000    0.000    0.011    0.011 request.py:798(__init__)
    23208    0.011    0.000    0.011    0.000 internals.py:144(external_values)
     3993    0.010    0.000    0.011    0.000 __init__.py:328(pushTag)
        1    0.000    0.000    0.011    0.011 request.py:2618(getproxies)
     2662    0.011    0.000    0.011    0.000 message.py:120(__init__)
     1270    0.004    0.000    0.011    0.000 enum.py:797(__and__)
     1331    0.008    0.000    0.011    0.000 _utils.py:121(wrapped)
        1    0.000    0.000    0.011    0.011 request.py:2595(getproxies_macosx_sysconf)
        1    0.011    0.011    0.011    0.011 {built-in method _scproxy._get_proxies}
      3/2    0.000    0.000    0.011    0.005 <frozen importlib._bootstrap>:197(_call_with_frames_removed)
     3020    0.008    0.000    0.010    0.000 dictionnary.py:94(__contains__)
        1    0.000    0.000    0.010    0.010 idna.py:3(<module>)
     1331    0.002    0.000    0.010    0.000 _inputstream.py:789(handleOther)
    11018    0.010    0.000    0.010    0.000 {method '__enter__' of '_thread.lock' objects}
    11004    0.010    0.000    0.010    0.000 {method 'discard' of 'set' objects}
    10648    0.008    0.000    0.009    0.000 _inputstream.py:620(setPosition)
    11495    0.009    0.000    0.009    0.000 {method 'capitalize' of 'str' objects}
        4    0.000    0.000    0.009    0.002 {built-in method builtins.print}
     5324    0.009    0.000    0.009    0.000 {method 'fullmatch' of '_sre.SRE_Pattern' objects}
     2662    0.009    0.000    0.009    0.000 socket.py:611(readable)
    22001    0.009    0.000    0.009    0.000 {method 'release' of '_thread.lock' objects}
     8117    0.009    0.000    0.009    0.000 {method 'find' of 'bytes' objects}
     4149    0.009    0.000    0.009    0.000 _inputstream.py:367(unget)
     1331    0.002    0.000    0.008    0.000 _inputstream.py:235(position)
       20    0.000    0.000    0.008    0.000 sre_parse.py:845(parse)
     1331    0.008    0.000    0.008    0.000 {method 'setsockopt' of '_socket.socket' objects}
     1331    0.005    0.000    0.008    0.000 client.py:942(close)
     1331    0.004    0.000    0.008    0.000 parse.py:931(splithost)
     2662    0.005    0.000    0.008    0.000 _tokenizer.py:442(rcdataLessThanSignState)
     2662    0.006    0.000    0.008    0.000 _tokenizer.py:453(rcdataEndTagOpenState)
    11979    0.008    0.000    0.008    0.000 {method 'lstrip' of 'str' objects}
     2662    0.004    0.000    0.007    0.000 feedparser.py:122(pushlines)
    11004    0.007    0.000    0.007    0.000 treetaggerwrapper.py:1831(<listcomp>)
     6655    0.005    0.000    0.007    0.000 client.py:995(_output)
    35/20    0.000    0.000    0.007    0.000 sre_parse.py:407(_parse_sub)
    94/20    0.002    0.000    0.007    0.000 sre_parse.py:469(_parse)
     5324    0.004    0.000    0.007    0.000 request.py:1303(<genexpr>)
    11018    0.007    0.000    0.007    0.000 {method '__exit__' of '_thread.lock' objects}
     2662    0.006    0.000    0.007    0.000 parse.py:101(_coerce_args)
     2662    0.006    0.000    0.006    0.000 _inputstream.py:196(reset)
     1221    0.003    0.000    0.006    0.000 py.py:54(has_keys_with_prefix)
     1331    0.003    0.000    0.006    0.000 request.py:389(get_method)
    14641    0.006    0.000    0.006    0.000 {method 'remove' of 'list' objects}
     1331    0.003    0.000    0.006    0.000 request.py:394(get_full_url)
     1331    0.005    0.000    0.006    0.000 request.py:635(http_response)
        2    0.000    0.000    0.006    0.003 __init__.py:1320(error)
     1331    0.004    0.000    0.006    0.000 client.py:879(_get_hostport)
     1331    0.004    0.000    0.006    0.000 client.py:417(flush)
     1331    0.004    0.000    0.006    0.000 client.py:520(_read_and_discard_trailer)
     1331    0.005    0.000    0.005    0.000 html5parser.py:413(startTagHtml)
     1331    0.005    0.000    0.005    0.000 parse.py:909(unwrap)
     6655    0.005    0.000    0.005    0.000 {method 'read' of '_io.BytesIO' objects}
     2662    0.004    0.000    0.005    0.000 _inputstream.py:870(__init__)
     5324    0.004    0.000    0.005    0.000 client.py:1243(<genexpr>)
     2662    0.003    0.000    0.005    0.000 request.py:412(add_unredirected_header)
     1331    0.003    0.000    0.005    0.000 html5parser.py:1771(__init__)
     1331    0.004    0.000    0.005    0.000 _tokenizer.py:1308(beforeDoctypeNameState)
     7986    0.005    0.000    0.005    0.000 {method 'lower' of 'bytes' objects}
     1331    0.003    0.000    0.005    0.000 _tokenizer.py:1660(afterDoctypeSystemIdentifierState)
     1331    0.002    0.000    0.005    0.000 {method '_checkReadable' of '_io._IOBase' objects}
     1331    0.003    0.000    0.005    0.000 base.py:112(nodesEqual)
     3993    0.004    0.000    0.004    0.000 request.py:344(full_url)
     3993    0.004    0.000    0.004    0.000 _inputstream.py:592(__init__)
     1331    0.003    0.000    0.004    0.000 _tokenizer.py:1430(beforeDoctypePublicIdentifierState)
     2702    0.004    0.000    0.004    0.000 {method 'read' of '_io.StringIO' objects}
     2662    0.004    0.000    0.004    0.000 base.py:281(_setInsertFromTable)
     1331    0.001    0.000    0.004    0.000 html5parser.py:2364(__init__)
     1331    0.003    0.000    0.004    0.000 _tokenizer.py:1291(doctypeState)
     5324    0.004    0.000    0.004    0.000 {method 'seek' of '_io.StringIO' objects}
     1331    0.003    0.000    0.004    0.000 _tokenizer.py:1537(betweenDoctypePublicAndSystemIdentifiersState)
      154    0.001    0.000    0.004    0.000 parse.py:814(<listcomp>)
     1331    0.002    0.000    0.004    0.000 parse.py:993(splittag)
     1331    0.002    0.000    0.004    0.000 feedparser.py:210(_pop_message)
     8137    0.004    0.000    0.004    0.000 {method 'upper' of 'str' objects}
     1130    0.004    0.000    0.004    0.000 textProcessor.py:173(<listcomp>)
     5324    0.004    0.000    0.004    0.000 {method 'partition' of 'str' objects}
     2662    0.004    0.000    0.004    0.000 {method 'truncate' of '_io.StringIO' objects}
     1331    0.003    0.000    0.003    0.000 html5parser.py:723(endTagHead)
     2662    0.003    0.000    0.003    0.000 _html5lib.py:48(prepare_markup)
     5324    0.003    0.000    0.003    0.000 {method 'seek' of '_io.BytesIO' objects}
     1331    0.002    0.000    0.003    0.000 _tokenizer.py:1410(afterDoctypePublicKeywordState)
     3993    0.003    0.000    0.003    0.000 request.py:416(has_header)
     1331    0.003    0.000    0.003    0.000 element.py:891(string)
     1331    0.003    0.000    0.003    0.000 client.py:804(_get_content_length)
    11004    0.003    0.000    0.003    0.000 {method 'locked' of '_thread.lock' objects}
     1331    0.003    0.000    0.003    0.000 {method 'write' of '_io.StringIO' objects}
     1331    0.002    0.000    0.003    0.000 _tokenizer.py:1507(afterDoctypePublicIdentifierState)
     1289    0.001    0.000    0.003    0.000 {method '__getitem__' of 'dict' objects}
     1331    0.002    0.000    0.003    0.000 message.py:303(set_payload)
     2662    0.003    0.000    0.003    0.000 {method 'extend' of 'collections.deque' objects}
     2667    0.003    0.000    0.003    0.000 {method 'endswith' of 'str' objects}
     1331    0.002    0.000    0.003    0.000 html5parser.py:1621(endTagOther)
     1331    0.003    0.000    0.003    0.000 parser.py:18(__init__)
       20    0.000    0.000    0.003    0.000 sre_compile.py:482(_compile_info)
     3993    0.003    0.000    0.003    0.000 {method 'title' of 'str' objects}
        1    0.000    0.000    0.003    0.003 {built-in method _codecs.lookup}
       52    0.002    0.000    0.003    0.000 iostream.py:180(schedule)
     1331    0.003    0.000    0.003    0.000 {method '_checkClosed' of '_io._IOBase' objects}
        1    0.002    0.002    0.002    0.002 {built-in method _posixsubprocess.fork_exec}
     1331    0.002    0.000    0.002    0.000 <string>:12(__new__)
     2666    0.002    0.000    0.002    0.000 {method 'groups' of '_sre.SRE_Match' objects}
     1331    0.002    0.000    0.002    0.000 html5parser.py:2504(endTagHtml)
     1331    0.002    0.000    0.002    0.000 request.py:405(has_proxy)
      731    0.001    0.000    0.002    0.000 parse.py:727(__missing__)
     1331    0.002    0.000    0.002    0.000 {function HTTPResponse.flush at 0x111fe2268}
     5324    0.002    0.000    0.002    0.000 __init__.py:105(reset)
     2662    0.002    0.000    0.002    0.000 __init__.py:129(deprecated_argument)
       35    0.001    0.000    0.002    0.000 {built-in method builtins.__build_class__}
      904    0.001    0.000    0.002    0.000 sre_parse.py:253(get)
   129/34    0.002    0.000    0.002    0.000 sre_parse.py:173(getwidth)
      909    0.002    0.000    0.002    0.000 {built-in method _bisect.bisect_left}
     1331    0.002    0.000    0.002    0.000 __init__.py:102(__init__)
     1331    0.002    0.000    0.002    0.000 {method 'split' of 'bytes' objects}
     1331    0.002    0.000    0.002    0.000 html5parser.py:2723(impliedTagToken)
     3993    0.002    0.000    0.002    0.000 request.py:363(data)
     1331    0.002    0.000    0.002    0.000 parse.py:590(unquote)
     1153    0.002    0.000    0.002    0.000 sre_parse.py:232(__next)
        1    0.000    0.000    0.001    0.001 html5parser.py:351(getPhases)
      945    0.001    0.000    0.001    0.000 sre_parse.py:163(__getitem__)
       66    0.000    0.000    0.001    0.000 parse.py:75(clear_cache)
       12    0.000    0.000    0.001    0.000 iostream.py:361(write)
     1331    0.001    0.000    0.001    0.000 __init__.py:337(endData)
     1331    0.001    0.000    0.001    0.000 client.py:899(set_debuglevel)
      132    0.001    0.000    0.001    0.000 {method 'clear' of 'dict' objects}
        1    0.000    0.000    0.001    0.001 __init__.py:1049(_open)
     1332    0.001    0.000    0.001    0.000 {method 'rstrip' of 'bytes' objects}
       10    0.000    0.000    0.001    0.000 sre_compile.py:223(_compile_charset)
       57    0.000    0.000    0.001    0.000 genericpath.py:16(exists)
       10    0.001    0.000    0.001    0.000 request.py:446(add_handler)
       10    0.001    0.000    0.001    0.000 sre_compile.py:250(_optimize_charset)
     2662    0.001    0.000    0.001    0.000 {method 'tell' of '_io.BytesIO' objects}
     1331    0.001    0.000    0.001    0.000 request.py:367(data)
        3    0.000    0.000    0.001    0.000 <frozen importlib._bootstrap_external>:485(_compile_bytecode)
     2662    0.001    0.000    0.001    0.000 feedparser.py:125(__iter__)
     1331    0.001    0.000    0.001    0.000 html5parser.py:943(isMatchingFormattingElement)
        3    0.001    0.000    0.001    0.000 {built-in method marshal.loads}
     1331    0.001    0.000    0.001    0.000 request.py:1290(<genexpr>)
     1331    0.001    0.000    0.001    0.000 client.py:746(info)
     2235    0.001    0.000    0.001    0.000 {built-in method builtins.ord}
      801    0.001    0.000    0.001    0.000 sre_parse.py:171(append)
     2662    0.001    0.000    0.001    0.000 parse.py:90(_noop)
       52    0.001    0.000    0.001    0.000 {built-in method posix.urandom}
     1331    0.001    0.000    0.001    0.000 {method 'reverse' of 'list' objects}
     1331    0.001    0.000    0.001    0.000 _html5lib.py:137(getDocument)
       20    0.000    0.000    0.001    0.000 sre_parse.py:829(fix_flags)
        2    0.000    0.000    0.001    0.000 textProcessor.py:283(_delete_triplicates)
     1331    0.001    0.000    0.001    0.000 html5parser.py:2619(processEOF)
     1331    0.001    0.000    0.001    0.000 html5parser.py:427(processSpaceCharacters)
     1331    0.001    0.000    0.001    0.000 html5parser.py:568(processSpaceCharacters)
       54    0.000    0.000    0.001    0.000 enum.py:791(__or__)
       68    0.000    0.000    0.001    0.000 sre_parse.py:294(_class_escape)
       12    0.000    0.000    0.000    0.000 iostream.py:298(_schedule_flush)
     1331    0.000    0.000    0.000    0.000 _inputstream.py:596(__iter__)
       58    0.000    0.000    0.000    0.000 parse.py:719(__init__)
        1    0.000    0.000    0.000    0.000 cp1252.py:3(<module>)
      5/3    0.000    0.000    0.000    0.000 abc.py:194(__subclasscheck__)
      156    0.000    0.000    0.000    0.000 _base.py:26(longest_prefix)
      757    0.000    0.000    0.000    0.000 {built-in method _sre.getlower}
        1    0.000    0.000    0.000    0.000 request.py:2463(getproxies_environment)
      620    0.000    0.000    0.000    0.000 {built-in method builtins.chr}
       66    0.000    0.000    0.000    0.000 threading.py:1104(is_alive)
       10    0.000    0.000    0.000    0.000 {built-in method builtins.dir}
      219    0.000    0.000    0.000    0.000 sre_parse.py:248(match)
       46    0.000    0.000    0.000    0.000 _collections_abc.py:742(__iter__)
       58    0.000    0.000    0.000    0.000 {method 'union' of 'frozenset' objects}
       68    0.000    0.000    0.000    0.000 sre_parse.py:257(getwhile)
        1    0.000    0.000    0.000    0.000 <frozen importlib._bootstrap_external>:1281(_fill_cache)
        3    0.000    0.000    0.000    0.000 <frozen importlib._bootstrap>:553(module_from_spec)
        1    0.000    0.000    0.000    0.000 handlers.py:96(rotate)
        3    0.000    0.000    0.000    0.000 <frozen importlib._bootstrap>:493(_init_module_attrs)
        1    0.000    0.000    0.000    0.000 stringprep.py:6(<module>)
        4    0.000    0.000    0.000    0.000 sre_parse.py:96(closegroup)
       22    0.000    0.000    0.000    0.000 sre_parse.py:223(__init__)
       45    0.000    0.000    0.000    0.000 os.py:664(__getitem__)
        4    0.000    0.000    0.000    0.000 tweetStream.py:10(__init__)
        1    0.000    0.000    0.000    0.000 html5parser.py:1886(InColumnGroupPhase)
        1    0.000    0.000    0.000    0.000 {built-in method posix.rename}
        5    0.000    0.000    0.000    0.000 sre_compile.py:376(_mk_bitmap)
        2    0.000    0.000    0.000    0.000 colorlog.py:116(format)
        6    0.000    0.000    0.000    0.000 _inputstream.py:334(<listcomp>)
        1    0.000    0.000    0.000    0.000 shlex.py:300(split)
      115    0.000    0.000    0.000    0.000 sre_parse.py:111(__init__)
       99    0.000    0.000    0.000    0.000 handlers.py:77(rotation_filename)
       20    0.000    0.000    0.000    0.000 {built-in method _sre.compile}
        1    0.000    0.000    0.000    0.000 {built-in method posix.listdir}
        6    0.000    0.000    0.000    0.000 shlex.py:294(__next__)
        1    0.000    0.000    0.000    0.000 six.py:800(with_metaclass)
        6    0.000    0.000    0.000    0.000 shlex.py:97(get_token)
      156    0.000    0.000    0.000    0.000 py.py:19(__contains__)
        3    0.000    0.000    0.000    0.000 <frozen importlib._bootstrap_external>:430(_validate_bytecode_header)
        3    0.000    0.000    0.000    0.000 <frozen importlib._bootstrap_external>:94(_path_isfile)
        6    0.000    0.000    0.000    0.000 <frozen importlib._bootstrap_external>:263(cache_from_source)
        6    0.000    0.000    0.000    0.000 shlex.py:129(read_token)
       12    0.000    0.000    0.000    0.000 ansitowin32.py:224(convert_osc)
        1    0.000    0.000    0.000    0.000 {built-in method posix.getcwd}
        6    0.000    0.000    0.000    0.000 <frozen importlib._bootstrap>:389(cached)
        3    0.000    0.000    0.000    0.000 <frozen importlib._bootstrap_external>:85(_path_is_mode_type)
       69    0.000    0.000    0.000    0.000 sre_parse.py:285(tell)
        3    0.000    0.000    0.000    0.000 <frozen importlib._bootstrap_external>:361(_get_cached)
        5    0.000    0.000    0.000    0.000 _weakrefset.py:58(__iter__)
        5    0.000    0.000    0.000    0.000 sre_compile.py:378(<listcomp>)
        3    0.000    0.000    0.000    0.000 <frozen importlib._bootstrap_external>:1228(_get_spec)
        2    0.000    0.000    0.000    0.000 re.py:314(_compile_repl)
       88    0.000    0.000    0.000    0.000 os.py:744(decode)
        3    0.000    0.000    0.000    0.000 <frozen importlib._bootstrap>:304(__exit__)
        2    0.000    0.000    0.000    0.000 range.py:162(_data)
        2    0.000    0.000    0.000    0.000 sre_parse.py:877(parse_template)
       46    0.000    0.000    0.000    0.000 os.py:687(__iter__)
       65    0.000    0.000    0.000    0.000 sre_parse.py:159(__len__)
       40    0.000    0.000    0.000    0.000 sre_compile.py:539(isstring)
        9    0.000    0.000    0.000    0.000 {built-in method _bisect.insort}
        3    0.000    0.000    0.000    0.000 {method 'read' of '_io.FileIO' objects}
       52    0.000    0.000    0.000    0.000 iostream.py:89(_event_pipe)
        2    0.000    0.000    0.000    0.000 range.py:166(_int64index)
       45    0.000    0.000    0.000    0.000 os.py:740(encode)
       10    0.000    0.000    0.000    0.000 sre_compile.py:388(_simple)
       24    0.000    0.000    0.000    0.000 {method 'finditer' of '_sre.SRE_Pattern' objects}
        3    0.000    0.000    0.000    0.000 <frozen importlib._bootstrap_external>:840(path_stats)
       20    0.000    0.000    0.000    0.000 sre_parse.py:76(__init__)
        3    0.000    0.000    0.000    0.000 <frozen importlib._bootstrap_external>:524(spec_from_file_location)
        1    0.000    0.000    0.000    0.000 html5parser.py:869(InBodyPhase)
       48    0.000    0.000    0.000    0.000 sre_parse.py:81(groups)
       50    0.000    0.000    0.000    0.000 {method 'find' of 'bytearray' objects}
        4    0.000    0.000    0.000    0.000 {built-in method posix.close}
        2    0.000    0.000    0.000    0.000 typing.py:850(__extrahook__)
        2    0.000    0.000    0.000    0.000 colorlog.py:112(color)
        2    0.000    0.000    0.000    0.000 numeric.py:28(__new__)
       12    0.000    0.000    0.000    0.000 iostream.py:285(_is_master_process)
        1    0.000    0.000    0.000    0.000 six.py:91(__get__)
        2    0.000    0.000    0.000    0.000 copyreg.py:96(_slotnames)
        2    0.000    0.000    0.000    0.000 __init__.py:43(normalize_encoding)
        1    0.000    0.000    0.000    0.000 <frozen importlib._bootstrap_external>:1310(<setcomp>)
        1    0.000    0.000    0.000    0.000 six.py:807(__new__)
        4    0.000    0.000    0.000    0.000 tweetStream.py:28(__str__)
     11/9    0.000    0.000    0.000    0.000 sre_compile.py:414(_get_literal_prefix)
        1    0.000    0.000    0.000    0.000 html5parser.py:2354(InForeignContentPhase)
        2    0.000    0.000    0.000    0.000 escape_codes.py:58(parse_colors)
        4    0.000    0.000    0.000    0.000 _collections_abc.py:406(__subclasshook__)
       16    0.000    0.000    0.000    0.000 request.py:622(__lt__)
        2    0.000    0.000    0.000    0.000 colorlog.py:48(__init__)
        2    0.000    0.000    0.000    0.000 sre_compile.py:381(_bytes_to_codes)
        5    0.000    0.000    0.000    0.000 _weakrefset.py:26(__exit__)
        4    0.000    0.000    0.000    0.000 sre_parse.py:84(opengroup)
        1    0.000    0.000    0.000    0.000 html5parser.py:1625(InTablePhase)
        6    0.000    0.000    0.000    0.000 <frozen importlib._bootstrap_external>:52(_r_long)
        1    0.000    0.000    0.000    0.000 shutil.py:78(_samefile)
        1    0.000    0.000    0.000    0.000 subprocess.py:1144(_get_handles)
        1    0.000    0.000    0.000    0.000 html5parser.py:2215(InSelectPhase)
        3    0.000    0.000    0.000    0.000 {built-in method posix.pipe}
        1    0.000    0.000    0.000    0.000 cp1252.py:33(getregentry)
        5    0.000    0.000    0.000    0.000 {method 'translate' of 'bytearray' objects}
        3    0.000    0.000    0.000    0.000 _weakrefset.py:36(__init__)
        1    0.000    0.000    0.000    0.000 six.py:159(_resolve)
        1    0.000    0.000    0.000    0.000 idna.py:300(getregentry)
        1    0.000    0.000    0.000    0.000 html5parser.py:1815(InCaptionPhase)
        9    0.000    0.000    0.000    0.000 request.py:615(add_parent)
        6    0.000    0.000    0.000    0.000 <frozen importlib._bootstrap_external>:63(_path_split)
        1    0.000    0.000    0.000    0.000 html5parser.py:635(InHeadPhase)
        1    0.000    0.000    0.000    0.000 request.py:435(__init__)
        2    0.000    0.000    0.000    0.000 codecs.py:93(__new__)
        8    0.000    0.000    0.000    0.000 sre_compile.py:441(_get_charset_prefix)
        4    0.000    0.000    0.000    0.000 tweetStream.py:31(__iter__)
        1    0.000    0.000    0.000    0.000 request.py:1354(__init__)
        1    0.000    0.000    0.000    0.000 {built-in method _codecs.charmap_build}
        1    0.000    0.000    0.000    0.000 genericpath.py:94(samefile)
        1    0.000    0.000    0.000    0.000 html5parser.py:802(AfterHeadPhase)
        1    0.000    0.000    0.000    0.000 html5parser.py:1952(InTableBodyPhase)
        3    0.000    0.000    0.000    0.000 {built-in method builtins.any}
        5    0.000    0.000    0.000    0.000 _weakrefset.py:20(__enter__)
        4    0.000    0.000    0.000    0.000 _collections_abc.py:72(_check_methods)
        2    0.000    0.000    0.000    0.000 _collections_abc.py:676(items)
        1    0.000    0.000    0.000    0.000 shlex.py:21(__init__)
        1    0.000    0.000    0.000    0.000 html5parser.py:426(InitialPhase)
        3    0.000    0.000    0.000    0.000 {built-in method builtins.setattr}
        1    0.000    0.000    0.000    0.000 posixpath.py:152(dirname)
        4    0.000    0.000    0.000    0.000 tweetStream.py:37(size)
        4    0.000    0.000    0.000    0.000 ansitowin32.py:36(__getattr__)
        4    0.000    0.000    0.000    0.000 dictionnary.py:125(update_file_list)
        3    0.000    0.000    0.000    0.000 <frozen importlib._bootstrap>:35(_new_module)
        4    0.000    0.000    0.000    0.000 sre_parse.py:886(addgroup)
        1    0.000    0.000    0.000    0.000 html5parser.py:385(Phase)
        1    0.000    0.000    0.000    0.000 html5parser.py:554(BeforeHtmlPhase)
        1    0.000    0.000    0.000    0.000 html5parser.py:1770(InTableTextPhase)
        6    0.000    0.000    0.000    0.000 {built-in method from_bytes}
        3    0.000    0.000    0.000    0.000 {built-in method _imp._fix_co_filename}
        3    0.000    0.000    0.000    0.000 <frozen importlib._bootstrap>:297(__enter__)
        3    0.000    0.000    0.000    0.000 <frozen importlib._bootstrap_external>:393(_check_name_wrapper)
        5    0.000    0.000    0.000    0.000 _weakrefset.py:16(__init__)
        3    0.000    0.000    0.000    0.000 <frozen importlib._bootstrap_external>:800(__init__)
        1    0.000    0.000    0.000    0.000 _collections_abc.py:664(__contains__)
        1    0.000    0.000    0.000    0.000 sre_compile.py:393(_generate_overlap_table)
        1    0.000    0.000    0.000    0.000 six.py:80(_import_module)
        2    0.000    0.000    0.000    0.000 typing.py:830(_valid_for_check)
       10    0.000    0.000    0.000    0.000 sre_parse.py:167(__setitem__)
        2    0.000    0.000    0.000    0.000 request.py:1227(__init__)
       12    0.000    0.000    0.000    0.000 <frozen importlib._bootstrap>:307(<genexpr>)
        1    0.000    0.000    0.000    0.000 codecs.py:185(__init__)
        1    0.000    0.000    0.000    0.000 os.py:792(fsencode)
        2    0.000    0.000    0.000    0.000 _collections_abc.py:698(__init__)
        4    0.000    0.000    0.000    0.000 escape_codes.py:60(<genexpr>)
        2    0.000    0.000    0.000    0.000 {method 'tolist' of 'memoryview' objects}
       16    0.000    0.000    0.000    0.000 {method 'isalnum' of 'str' objects}
        3    0.000    0.000    0.000    0.000 <frozen importlib._bootstrap>:293(__init__)
        5    0.000    0.000    0.000    0.000 _weakrefset.py:52(_commit_removals)
        2    0.000    0.000    0.000    0.000 colorlog.py:57(__getattr__)
        1    0.000    0.000    0.000    0.000 html5parser.py:2139(InCellPhase)
        1    0.000    0.000    0.000    0.000 html5parser.py:2610(AfterAfterBodyPhase)
        1    0.000    0.000    0.000    0.000 __init__.py:124(__init__)
        2    0.000    0.000    0.000    0.000 {method 'get' of 'mappingproxy' objects}
        2    0.000    0.000    0.000    0.000 {method 'cast' of 'memoryview' objects}
        4    0.000    0.000    0.000    0.000 typing.py:1010(__eq__)
        1    0.000    0.000    0.000    0.000 html5parser.py:738(InHeadNoscriptPhase)
        1    0.000    0.000    0.000    0.000 html5parser.py:2050(InRowPhase)
        1    0.000    0.000    0.000    0.000 html5parser.py:2315(InSelectInTablePhase)
        7    0.000    0.000    0.000    0.000 {method '__subclasses__' of 'type' objects}
        1    0.000    0.000    0.000    0.000 six.py:805(metaclass)
        4    0.000    0.000    0.000    0.000 ansitowin32.py:178(convert_ansi)
        1    0.000    0.000    0.000    0.000 html5parser.py:589(BeforeHeadPhase)
        1    0.000    0.000    0.000    0.000 html5parser.py:2516(InFramesetPhase)
        1    0.000    0.000    0.000    0.000 html5parser.py:2648(AfterAfterFramesetPhase)
        1    0.000    0.000    0.000    0.000 {method 'rfind' of 'bytes' objects}
        1    0.000    0.000    0.000    0.000 {built-in method builtins.delattr}
        1    0.000    0.000    0.000    0.000 {built-in method builtins.sorted}
        1    0.000    0.000    0.000    0.000 {built-in method _imp.is_builtin}
        3    0.000    0.000    0.000    0.000 <frozen importlib._bootstrap>:410(has_location)
        3    0.000    0.000    0.000    0.000 <frozen importlib._bootstrap_external>:669(create_module)
        3    0.000    0.000    0.000    0.000 <frozen importlib._bootstrap_external>:825(get_filename)
        4    0.000    0.000    0.000    0.000 codecs.py:202(reset)
        1    0.000    0.000    0.000    0.000 html5parser.py:1592(TextPhase)
        1    0.000    0.000    0.000    0.000 html5parser.py:2469(AfterBodyPhase)
        1    0.000    0.000    0.000    0.000 cp1252.py:9(Codec)
        1    0.000    0.000    0.000    0.000 cp1252.py:17(IncrementalEncoder)
        1    0.000    0.000    0.000    0.000 cp1252.py:21(IncrementalDecoder)
        5    0.000    0.000    0.000    0.000 {method 'remove' of 'set' objects}
        4    0.000    0.000    0.000    0.000 {method 'span' of '_sre.SRE_Match' objects}
        1    0.000    0.000    0.000    0.000 subprocess.py:203(_cleanup)
        1    0.000    0.000    0.000    0.000 {method 'disable' of '_lsprof.Profiler' objects}
        1    0.000    0.000    0.000    0.000 html5parser.py:378(getMetaclass)
        1    0.000    0.000    0.000    0.000 html5parser.py:2573(AfterFramesetPhase)
        1    0.000    0.000    0.000    0.000 idna.py:146(Codec)
        1    0.000    0.000    0.000    0.000 idna.py:218(IncrementalEncoder)
        1    0.000    0.000    0.000    0.000 idna.py:253(IncrementalDecoder)
        1    0.000    0.000    0.000    0.000 idna.py:292(StreamWriter)
        1    0.000    0.000    0.000    0.000 cp1252.py:25(StreamWriter)
        1    0.000    0.000    0.000    0.000 cp1252.py:28(StreamReader)
        1    0.000    0.000    0.000    0.000 {method '__subclasshook__' of 'object' objects}
        1    0.000    0.000    0.000    0.000 {built-in method _stat.S_ISFIFO}
        1    0.000    0.000    0.000    0.000 shlex.py:291(__iter__)
        1    0.000    0.000    0.000    0.000 idna.py:295(StreamReader)