~1000000 Tweets (!!)

         3017487313 function calls (3002682541 primitive calls) in 19436.879 seconds

   Ordered by: cumulative time

   ncalls  tottime  percall  cumtime  percall filename:lineno(function)
      4/1    0.001    0.000 19436.973 19436.973 {built-in method builtins.exec}
        1  125.953  125.953 19436.972 19436.972 <string>:2(<module>)
   303601   37.676    0.000 17612.189    0.058 textProcessor.py:64(process)
   303601   61.285    0.000 8332.766    0.027 textProcessor.py:380(score)
   303605    7.641    0.000 5431.055    0.018 textProcessor.py:258(correct)
    27611    2.024    0.000 5207.008    0.189 textProcessor.py:149(translate_online)
    27360    0.205    0.000 4586.698    0.168 request.py:140(urlopen)
    27360    0.559    0.000 4586.480    0.168 request.py:508(open)
    27360    0.137    0.000 4581.417    0.167 request.py:536(_open)
    54730    0.141    0.000 4581.323    0.084 request.py:497(_call_chain)
    27360    0.221    0.000 4581.081    0.167 request.py:1345(http_open)
    27360    1.223    0.000 4580.860    0.167 request.py:1276(do_open)
    27360    0.501    0.000 4525.951    0.165 client.py:1287(getresponse)
    27360    0.885    0.000 4523.480    0.165 client.py:290(begin)
    27360    1.057    0.000 4505.225    0.165 client.py:257(_read_status)
   412874    1.749    0.000 4505.137    0.011 {method 'readline' of '_io.BufferedReader' objects}
    27361    0.307    0.000 4503.388    0.165 socket.py:572(readinto)
    27361 4502.927    0.165 4502.927    0.165 {method 'recv_into' of '_socket.socket' objects}
  1248464   47.818    0.000 3797.371    0.003 ops.py:803(wrapper)
  1248464    7.368    0.000 3278.302    0.003 ops.py:749(na_op)
  1248464    6.724    0.000 3247.716    0.003 ops.py:727(_comp_method_OBJECT_ARRAY)
  1248464 2976.765    0.002 3231.048    0.003 {pandas.lib.scalar_compare}
 13526435   59.507    0.000 2677.606    0.000 __init__.py:1414(_log)
   607202 2522.611    0.004 2522.611    0.004 {method 'findall' of '_regex.Pattern' objects}
 20192506   54.028    0.000 1958.158    0.000 __init__.py:1279(debug)
 13526435   35.487    0.000 1841.323    0.000 __init__.py:1439(handle)
 13526435   80.353    0.000 1793.871    0.000 __init__.py:1493(callHandlers)
 13526958   50.788    0.000 1713.518    0.000 __init__.py:845(handle)
   607202   24.112    0.000 1639.527    0.003 textProcessor.py:213(tag)
 13526697   39.679    0.000 1611.936    0.000 handlers.py:63(emit)
   607202   82.419    0.000 1598.831    0.003 treetaggerwrapper.py:1240(tag_text)
  3745392   43.914    0.000 1424.236    0.000 frame.py:2035(__getitem__)
  1248464   16.428    0.000 1131.952    0.001 frame.py:2078(_getitem_array)
  1248464   28.753    0.000  982.795    0.001 generic.py:1650(take)
   303601   27.946    0.000  883.186    0.003 textProcessor.py:111(find_relevant_words)
  4389409   19.750    0.000  850.510    0.000 __init__.py:1291(info)
 13526697   23.353    0.000  836.190    0.000 __init__.py:1056(emit)
 17736252  824.030    0.000  824.030    0.000 {method 'readline' of '_io._IOBase' objects}
 13526958   46.861    0.000  814.379    0.000 __init__.py:975(emit)
  1248464   27.310    0.000  804.879    0.001 internals.py:3943(take)
 27053655   33.696    0.000  771.772    0.000 __init__.py:822(format)
 27053655  121.643    0.000  738.019    0.000 __init__.py:557(format)
 13526697   75.461    0.000  726.086    0.000 handlers.py:177(shouldRollover)
 13526435   41.664    0.000  614.493    0.000 __init__.py:1399(makeRecord)
  1248464   11.996    0.000  584.862    0.000 internals.py:3813(reindex_indexer)
 13526435  283.070    0.000  572.829    0.000 __init__.py:246(__init__)
    27351    1.266    0.000  567.329    0.021 __init__.py:87(__init__)
    27351    0.198    0.000  564.306    0.021 __init__.py:285(_feed)
    27351    0.586    0.000  564.062    0.021 _html5lib.py:61(feed)
    27351    0.194    0.000  528.149    0.019 html5parser.py:223(parse)
    27351    0.400    0.000  527.940    0.019 html5parser.py:80(_parse)
    27351   21.883    0.001  505.489    0.018 html5parser.py:152(mainLoop)
       93    9.042    0.097  499.502    5.371 shutil.py:90(copyfile)
       93    7.347    0.079  486.302    5.229 shutil.py:70(copyfileobj)
 13526958   53.199    0.000  413.045    0.000 __init__.py:964(flush)
  2181956  411.667    0.000  411.667    0.000 {method 'write' of '_io.BufferedWriter' objects}
  2496928   36.240    0.000  408.198    0.000 series.py:135(__init__)
   737318   24.037    0.000  407.649    0.001 textProcessor.py:236(get_candidate_reference)
 27053394  109.842    0.000  407.237    0.000 __init__.py:490(formatTime)
  1248464    8.800    0.000  385.653    0.000 internals.py:3848(<listcomp>)
  2496928   25.133    0.000  374.953    0.000 internals.py:1001(take_nd)
   607202   23.891    0.000  362.339    0.001 treetaggerwrapper.py:1454(_prepare_text)
      222    1.685    0.008  361.460    1.628 tweetStream.py:66(load)
 13526697  311.095    0.000  311.095    0.000 {method 'flush' of '_io.TextIOWrapper' objects}
  2496928   54.233    0.000  291.748    0.000 algorithms.py:1010(take_nd)
  1291709  279.590    0.000  279.590    0.000 {built-in method _pickle.load}
1248467/1248466   14.934    0.000  249.440    0.000 <frozen importlib._bootstrap>:958(_find_and_load)
   607202   11.335    0.000  247.250    0.000 threading.py:828(start)
  4710906    6.909    0.000  238.590    0.000 html5parser.py:219(normalizedTokens)
   303601    1.770    0.000  224.928    0.001 textProcessor.py:368(remove_emojis)
  4710906   37.507    0.000  219.487    0.000 _tokenizer.py:49(__iter__)
284984327/284984321  146.021    0.000  211.425    0.000 {built-in method builtins.isinstance}
  2496928    7.320    0.000  205.940    0.000 frame.py:2061(_getitem_column)
   758652   74.703    0.000  200.319    0.000 treetaggerwrapper.py:1593(_prepare_part)
  2496928   12.907    0.000  198.619    0.000 generic.py:1381(_get_item_cache)
 10874347  197.187    0.000  197.187    0.000 {method 'search' of '_sre.SRE_Pattern' objects}
  5946528  184.721    0.000  191.907    0.000 {method 'sub' of '_sre.SRE_Pattern' objects}
   303601    9.686    0.000  190.806    0.001 textProcessor.py:123(filter_words_only)
1248467/1248466   12.749    0.000  188.025    0.000 <frozen importlib._bootstrap>:931(_find_and_load_unlocked)
  1248464   12.226    0.000  182.414    0.000 internals.py:2745(__init__)
 27053394  177.782    0.000  177.782    0.000 {built-in method time.strftime}
  1248467   30.297    0.000  169.882    0.000 <frozen importlib._bootstrap>:861(_find_spec)
  1248464   17.718    0.000  167.571    0.000 series.py:2817(_sanitize_array)
 13526697  158.017    0.000  163.485    0.000 {method 'seek' of '_io.TextIOWrapper' objects}
 13526435   77.192    0.000  162.283    0.000 __init__.py:1369(findCaller)
 26217744   59.788    0.000  158.596    0.000 dtypes.py:74(is_dtype)
1750464/1641060    4.833    0.000  143.004    0.000 html5parser.py:410(processStartTag)
   607202  130.721    0.000  130.721    0.000 {built-in method _thread.start_new_thread}
   360553  123.962    0.000  123.962    0.000 {method 'findall' of '_sre.SRE_Pattern' objects}
 27053394  119.613    0.000  119.613    0.000 {built-in method time.localtime}
  1248467    3.193    0.000  119.472    0.000 <frozen importlib._bootstrap_external>:1149(find_spec)
  1248467   11.258    0.000  116.279    0.000 <frozen importlib._bootstrap_external>:1117(_get_spec)
  1613709    8.214    0.000  114.617    0.000 base.py:292(insertElementNormal)
  2496928   24.029    0.000  106.641    0.000 cast.py:227(_maybe_promote)
   608429    6.499    0.000  106.216    0.000 threading.py:533(wait)
134141240/120694633   63.564    0.000  105.591    0.000 {built-in method builtins.len}
  5518623  105.276    0.000  105.276    0.000 {method 'spell' of 'HunSpell' objects}
  1248464   43.553    0.000  103.199    0.000 internals.py:2841(_rebuild_blknos_and_blklocs)
  1248464    8.324    0.000  100.801    0.000 series.py:2834(_try_cast)
  1248468   29.010    0.000   97.745    0.000 <frozen importlib._bootstrap_external>:1233(find_spec)
   989134    6.704    0.000   96.961    0.000 dictionnary.py:59(__setitem__)
   600941    7.321    0.000   96.572    0.000 threading.py:263(wait)
 13526435   33.128    0.000   96.301    0.000 posixpath.py:119(splitext)
 12484640   14.808    0.000   94.711    0.000 common.py:102(is_categorical_dtype)
  1020818   31.098    0.000   94.693    0.000 dictionnary.py:38(save_buffer)
 27053655   25.126    0.000   93.935    0.000 __init__.py:541(formatMessage)
  1248464    7.134    0.000   92.263    0.000 frame.py:2393(_box_item_values)
 57921517   90.301    0.000   90.301    0.000 {method 'match' of '_sre.SRE_Pattern' objects}
  8739248    9.804    0.000   89.664    0.000 common.py:69(is_datetimetz)
  2496928   16.453    0.000   87.666    0.000 common.py:320(_coerce_to_dtype)
  3016579   86.572    0.000   86.572    0.000 {method 'acquire' of '_thread.lock' objects}
 13526879   45.235    0.000   86.103    0.000 posixpath.py:142(basename)
 12484640   10.856    0.000   85.820    0.000 common.py:89(is_datetime64tz_dtype)
  4993856   25.362    0.000   84.947    0.000 internals.py:2649(make_block)
      778   84.049    0.108   84.050    0.108 {built-in method io.open}
  1248464   12.166    0.000   83.815    0.000 base.py:1506(take)
  2428808    7.977    0.000   83.714    0.000 treetaggerwrapper.py:1772(build_with_callable)
   303601    4.576    0.000   83.291    0.000 textProcessor.py:340(remove_candidates_names)
  1248464    8.693    0.000   81.761    0.000 internals.py:3536(get)
 27053655   26.981    0.000   78.064    0.000 __init__.py:535(usesTime)
  7490784   33.678    0.000   75.652    0.000 generic.py:2746(__setattr__)
  1248464    4.579    0.000   73.289    0.000 frame.py:2400(_box_col_values)
 11580239   32.531    0.000   72.465    0.000 candidate.py:35(regex)
  3745392   14.069    0.000   71.832    0.000 internals.py:208(make_block_same_class)
 77104278   60.770    0.000   70.640    0.000 {built-in method builtins.hasattr}
  1248464    7.229    0.000   69.841    0.000 indexing.py:1806(check_bool_indexer)
  2867465   11.561    0.000   69.724    0.000 treetaggerwrapper.py:2001(split_on_regexp)
 27053655   68.809    0.000   68.809    0.000 __init__.py:385(format)
  1248464    5.542    0.000   68.710    0.000 series.py:252(from_array)
  1784346    4.598    0.000   68.097    0.000 base.py:318(insertText)
  1248464   33.482    0.000   67.913    0.000 indexing.py:1857(maybe_convert_indices)
  2296583   67.544    0.000   67.544    0.000 {method 'read' of '_io.BufferedReader' objects}
  1248464    4.881    0.000   67.446    0.000 generic.py:131(_validate_dtype)
  3730260    3.159    0.000   66.562    0.000 textProcessor.py:357(is_correctly_spelled)
  6242320    9.481    0.000   66.513    0.000 {method 'any' of 'numpy.ndarray' objects}
  3748177   64.281    0.000   64.281    0.000 {method 'split' of '_sre.SRE_Pattern' objects}
9987712/8739248   44.506    0.000   63.289    0.000 {built-in method numpy.core.multiarray.array}
  1784346    6.518    0.000   62.867    0.000 _html5lib.py:313(insertText)
  1020816   62.706    0.000   62.706    0.000 {built-in method _pickle.dump}
  3425406   18.912    0.000   61.559    0.000 _html5lib.py:230(appendChild)
    31937   15.191    0.000   58.995    0.002 textProcessor.py:302(typo_correction)
 24582176   39.067    0.000   58.915    0.000 __init__.py:1537(isEnabledFor)
  6242320    5.310    0.000   57.032    0.000 _methods.py:37(_any)
 24969280   22.304    0.000   54.631    0.000 generic.py:7(_check)
  4993856   21.598    0.000   54.224    0.000 internals.py:2786(shape)
  1248464   15.022    0.000   53.678    0.000 internals.py:3565(iget)
 13526435   40.043    0.000   53.088    0.000 genericpath.py:117(_splitext)
  1248464    8.933    0.000   52.898    0.000 base.py:1643(equals)
    27360    0.120    0.000   52.700    0.002 client.py:1236(request)
    27360    0.577    0.000   52.580    0.002 client.py:1241(_send_request)
  2496928   15.527    0.000   51.869    0.000 internals.py:4031(__init__)
  6242320   51.722    0.000   51.722    0.000 {method 'reduce' of 'numpy.ufunc' objects}
 27053655   27.977    0.000   51.082    0.000 __init__.py:382(usesTime)
    27360    0.105    0.000   49.871    0.002 client.py:1223(endheaders)
    27360    0.188    0.000   49.766    0.002 client.py:1017(_send_output)
    27360    0.310    0.000   49.537    0.002 client.py:956(send)
    27360    0.401    0.000   48.151    0.002 client.py:933(connect)
  3745392    3.112    0.000   48.105    0.000 numeric.py:463(asarray)
  1641060    5.663    0.000   47.917    0.000 _html5lib.py:120(elementClass)
    27360    0.364    0.000   47.556    0.002 socket.py:688(create_connection)
  1248464    8.502    0.000   47.545    0.000 range.py:249(_shallow_copy)
 13526435   25.365    0.000   47.527    0.000 posixpath.py:50(normcase)
  1248464   17.032    0.000   47.006    0.000 cast.py:765(_possibly_cast_to_datetime)
 27053916   26.443    0.000   46.430    0.000 __init__.py:802(acquire)
 37288634   32.570    0.000   45.626    0.000 _inputstream.py:240(char)
  2496928   17.052    0.000   45.063    0.000 numeric.py:2686(seterr)
    54702    0.321    0.000   44.801    0.001 element.py:1273(find)
    54702    0.280    0.000   44.456    0.001 element.py:1284(find_all)
    54702    3.587    0.000   44.176    0.001 element.py:518(_find_all)
   410265    1.016    0.000   44.102    0.000 html5parser.py:1033(startTagCloseP)
  4993856   21.768    0.000   41.402    0.000 internals.py:96(__init__)
  3745392    5.896    0.000   39.687    0.000 common.py:64(is_categorical)
    27360    0.351    0.000   39.455    0.001 socket.py:726(getaddrinfo)
  6512236   23.256    0.000   39.328    0.000 _inputstream.py:320(charsUntil)
 13526697   38.655    0.000   38.655    0.000 {method 'tell' of '_io.TextIOWrapper' objects}
  1248464   11.203    0.000   38.520    0.000 internals.py:2966(_verify_integrity)
    27360   38.081    0.001   38.383    0.001 {built-in method _socket.getaddrinfo}
  1248464    6.822    0.000   38.188    0.000 base.py:371(_shallow_copy)
 31321849   37.650    0.000   37.650    0.000 {built-in method builtins.getattr}
  4102652   10.003    0.000   37.572    0.000 _tokenizer.py:242(dataState)
 27053655   37.137    0.000   37.137    0.000 __init__.py:324(getMessage)
 27053916   26.554    0.000   36.969    0.000 __init__.py:809(release)
  1248464    4.542    0.000   36.829    0.000 common.py:301(is_extension_type)
  4704372   15.742    0.000   36.143    0.000 _tokenizer.py:873(attributeNameState)
  2625696    4.686    0.000   35.288    0.000 element.py:1675(search)
    27351    0.634    0.000   35.260    0.001 html5parser.py:60(__init__)
  2496928   15.536    0.000   35.225    0.000 internals.py:1811(__init__)
  5121168   17.946    0.000   34.532    0.000 _html5lib.py:289(setAttributes)
  1248467    6.450    0.000   34.270    0.000 <frozen importlib._bootstrap>:146(__enter__)
  2496928    8.508    0.000   32.781    0.000 function.py:37(__call__)
    27351    1.756    0.000   32.734    0.001 html5parser.py:77(<listcomp>)
 14981568    8.613    0.000   32.626    0.000 internals.py:2788(<genexpr>)
  3745392   24.118    0.000   32.552    0.000 series.py:322(name)
  2065607   32.322    0.000   32.322    0.000 dictionnary.py:64(__contains__)
  1248474    2.292    0.000   32.095    0.000 <frozen importlib._bootstrap_external>:75(_path_stat)
  2496928   12.208    0.000   31.957    0.000 dtypes.py:221(construct_from_string)
   820532    1.659    0.000   30.962    0.000 html5parser.py:1001(processSpaceCharactersNonPre)
 11580248    8.289    0.000   30.645    0.000 re.py:231(compile)
  1258819   30.128    0.000   30.128    0.000 {built-in method posix.stat}
 13526435   16.082    0.000   29.790    0.000 __init__.py:152(<lambda>)
  1248464    6.597    0.000   29.498    0.000 numeric.py:3088(__exit__)
 40716524   29.409    0.000   29.409    0.000 {method 'rfind' of 'str' objects}
  6242343   11.289    0.000   29.321    0.000 <frozen importlib._bootstrap_external>:57(_path_join)
 11236176   20.056    0.000   28.725    0.000 range.py:458(__len__)
   607202   10.308    0.000   28.612    0.000 threading.py:757(__init__)
  3254769   13.115    0.000   27.984    0.000 __init__.py:367(object_was_parsed)
  1394901    5.218    0.000   27.509    0.000 element.py:1634(search_tag)
  7490784   20.276    0.000   27.406    0.000 common.py:357(_get_dtype_type)
  3745392   14.342    0.000   27.299    0.000 base.py:1392(__contains__)
  1248464   27.215    0.000   27.215    0.000 {pandas.algos.take_2d_axis0_int64_int64}
  4993856    8.154    0.000   26.282    0.000 series.py:333(dtype)
  1248464    3.910    0.000   26.072    0.000 numeric.py:3083(__enter__)
  3480108   21.805    0.000   25.572    0.000 base.py:24(__init__)
  2496928    3.936    0.000   25.570    0.000 series.py:391(get_values)
 41290130   25.447    0.000   25.447    0.000 {method 'get' of 'dict' objects}
  7904439   12.645    0.000   24.840    0.000 _tokenizer.py:420(tagNameState)
  4993856   24.744    0.000   24.744    0.000 {built-in method numpy.core.multiarray.empty}
 27053394   24.704    0.000   24.704    0.000 {method 'write' of '_io.TextIOWrapper' objects}
 14740839   20.490    0.000   24.602    0.000 threading.py:1226(current_thread)
  2496928    8.393    0.000   24.272    0.000 validators.py:129(validate_kwargs)
   753603    0.744    0.000   24.266    0.000 treetaggerwrapper.py:1961(split_dns)
  2496928    5.800    0.000   23.831    0.000 common.py:54(is_object_dtype)
  1248464    6.945    0.000   23.531    0.000 common.py:194(is_bool_indexer)
 27409596   23.311    0.000   23.311    0.000 {method 'find' of 'str' objects}
 13526435   15.145    0.000   22.991    0.000 __init__.py:120(getLevelName)
   606670    1.173    0.000   22.677    0.000 treetaggerwrapper.py:1984(split_url)
 11580248   22.312    0.000   22.356    0.000 re.py:286(_compile)
  1176093    2.957    0.000   21.885    0.000 html5parser.py:423(processEndTag)
  2496928    8.018    0.000   21.634    0.000 internals.py:4177(get_values)
  1695762    3.318    0.000   21.598    0.000 _html5lib.py:224(__init__)
   273510    1.478    0.000   21.458    0.000 html5parser.py:949(addFormattingElement)
  2496928    7.010    0.000   21.402    0.000 range.py:286(equals)
  1248464    9.909    0.000   21.286    0.000 frame.py:252(__init__)
  1641060    3.470    0.000   21.242    0.000 __init__.py:305(new_tag)
   246159    0.883    0.000   21.234    0.000 html5parser.py:1090(startTagA)
  2496928    3.788    0.000   21.140    0.000 common.py:98(is_period_dtype)
  4548596   13.462    0.000   21.012    0.000 textProcessor.py:184(is_word)
 40579760   20.868    0.000   20.868    0.000 {built-in method posix.fspath}
  6242320   10.660    0.000   20.796    0.000 {pandas.lib.values_from_object}
    27351    0.286    0.000   20.506    0.001 _tokenizer.py:34(__init__)
  1248464    6.407    0.000   20.450    0.000 internals.py:3257(_consolidate_check)
    27351    0.298    0.000   20.220    0.001 _inputstream.py:131(HTMLInputStream)
        4   20.012    5.003   20.012    5.003 {built-in method time.sleep}
 27053916   19.986    0.000   19.986    0.000 {method 'acquire' of '_thread.RLock' objects}
 24582176   19.848    0.000   19.848    0.000 __init__.py:1523(getEffectiveLevel)
  2496928   12.264    0.000   19.749    0.000 dtypes.py:170(__new__)
    27351    0.362    0.000   19.298    0.001 _inputstream.py:392(__init__)
 27053393   19.100    0.000   19.100    0.000 __init__.py:698(filter)
  1248464   19.097    0.000   19.097    0.000 {pandas.algos.take_2d_axis1_object_object}
  1723113   12.494    0.000   18.983    0.000 element.py:806(__init__)
 13526880   12.103    0.000   18.866    0.000 posixpath.py:39(_get_sep)
 81134919   18.756    0.000   18.756    0.000 {method 'append' of 'list' objects}
 31869889   18.607    0.000   18.607    0.000 {built-in method time.time}
  2496928    5.491    0.000   18.469    0.000 base.py:2104(get_loc)
  1248464    2.876    0.000   18.441    0.000 generic.py:2795(_consolidate_inplace)
   984636   14.107    0.000   18.441    0.000 _utils.py:52(__init__)
  1248467   10.223    0.000   18.435    0.000 <frozen importlib._bootstrap>:159(_get_module_lock)
  4993856   10.703    0.000   18.128    0.000 internals.py:4147(dtype)
  1248466    8.964    0.000   18.088    0.000 base.py:334(_simple_new)
  3145365    6.189    0.000   17.815    0.000 _tokenizer.py:993(attributeValueDoubleQuotedState)
  2496928   16.689    0.000   17.515    0.000 numeric.py:2786(geterr)
  2496928   10.225    0.000   17.353    0.000 dtypes.py:347(is_dtype)
    27351    0.222    0.000   16.923    0.001 _inputstream.py:457(determineEncoding)
   753591    0.931    0.000   16.785    0.000 treetaggerwrapper.py:1996(split_email)
 17923961   16.574    0.000   16.574    0.000 {method 'decode' of 'bytes' objects}
  6987567   16.311    0.000   16.567    0.000 element.py:203(setup)
  2496928    2.625    0.000   16.523    0.000 common.py:59(is_sparse)
   989134   16.273    0.000   16.273    0.000 processedTweet.py:5(__init__)
    27351    0.260    0.000   16.251    0.001 _inputstream.py:569(detectEncodingMeta)
   328212    0.446    0.000   16.189    0.000 html5parser.py:1601(processCharacters)
    27356    1.578    0.000   16.112    0.001 client.py:194(parse_headers)
  1641060    9.922    0.000   16.100    0.000 base.py:165(elementInScope)
  3745392   16.046    0.000   16.046    0.000 generic.py:114(__init__)
  5803360   15.795    0.000   15.795    0.000 {method 'translate' of 'str' objects}
 25553037   15.590    0.000   15.592    0.000 {method 'join' of 'str' objects}
  1248464    3.997    0.000   15.566    0.000 generic.py:2785(_protect_consolidate)
  2496928   11.164    0.000   15.534    0.000 series.py:286(_set_axis)
    27351    1.270    0.000   15.487    0.001 _inputstream.py:696(getEncoding)
   136755    0.883    0.000   15.344    0.000 html5parser.py:678(startTagMeta)
  1723113    4.538    0.000   15.078    0.000 element.py:1701(_matches)
   362093    0.989    0.000   15.012    0.000 html5parser.py:989(processCharacters)
  4993856   14.897    0.000   14.897    0.000 generic.py:2730(__getattr__)
  6242343    9.118    0.000   14.814    0.000 <frozen importlib._bootstrap_external>:59(<listcomp>)
  2496928    4.127    0.000   14.085    0.000 generic.py:353(_get_axis)
  1982334    2.637    0.000   14.024    0.000 __init__.py:309(new_string)
  6242320    4.502    0.000   13.932    0.000 {built-in method builtins.hash}
 13526435   13.707    0.000   13.707    0.000 {built-in method sys._getframe}
  1248464    2.012    0.000   13.531    0.000 series.py:473(__array__)
  1248464    4.396    0.000   13.425    0.000 internals.py:3258(<listcomp>)
   191457    0.711    0.000   13.159    0.000 html5parser.py:713(startTagScript)
    27356    0.488    0.000   13.084    0.000 parser.py:60(parsestr)
    54702    0.636    0.000   13.056    0.000 _inputstream.py:255(readChunk)
    27356    0.435    0.000   12.596    0.000 parser.py:42(parse)
 13526435   12.407    0.000   12.407    0.000 threading.py:1076(name)
  2496928    4.351    0.000   12.343    0.000 common.py:81(is_datetime64_dtype)
  3745392    7.725    0.000   12.257    0.000 base.py:522(values)
   607202    4.503    0.000   12.228    0.000 threading.py:1024(join)
  4683555   11.451    0.000   12.195    0.000 html5parser.py:264(normalizeToken)
  1248464    8.900    0.000   11.956    0.000 base.py:606(_get_attributes_dict)
   607202    4.023    0.000   11.904    0.000 treetaggerwrapper.py:1821(split_sgml)
  1248464    3.909    0.000   11.865    0.000 base.py:826(item)
  1371066   11.774    0.000   11.774    0.000 dictionnary.py:57(__getitem__)
  2009685    4.219    0.000   11.709    0.000 element.py:697(__new__)
  4993856    9.653    0.000   11.709    0.000 internals.py:216(mgr_locs)
  2496928    7.843    0.000   11.646    0.000 algorithms.py:977(_get_take_nd_function)
  1248464    1.320    0.000   11.622    0.000 numeric.py:534(asanyarray)
  1248464   11.621    0.000   11.621    0.000 {method 'nonzero' of 'numpy.ndarray' objects}
 30764208   11.441    0.000   11.441    0.000 {built-in method _thread.get_ident}
  2496928   11.437    0.000   11.437    0.000 validators.py:113(_check_for_invalid_keys)
   608429    2.581    0.000   11.320    0.000 threading.py:498(__init__)
  2817153    7.263    0.000   11.258    0.000 _tokenizer.py:222(emitCurrentToken)
  1248464    4.315    0.000   10.835    0.000 generic.py:2798(f)
  3282120    6.368    0.000   10.773    0.000 abc.py:178(__instancecheck__)
  2496928    6.755    0.000   10.612    0.000 series.py:326(name)
  9987712    7.965    0.000   10.600    0.000 base.py:491(__len__)
  9770117   10.491    0.000   10.491    0.000 {method 'split' of 'str' objects}
 27053916   10.414    0.000   10.414    0.000 {method 'release' of '_thread.RLock' objects}
    27351    0.187    0.000   10.363    0.000 _inputstream.py:293(characterErrorsUCS4)
  6242320   10.362    0.000   10.362    0.000 {method 'view' of 'numpy.ndarray' objects}
   606670    1.058    0.000   10.356    0.000 treetaggerwrapper.py:1896(blank_to_space)
  2496928    3.280    0.000   10.136    0.000 base.py:527(get_values)
  2496928    4.608    0.000   10.076    0.000 common.py:135(is_dtype_equal)
   136755    0.581    0.000   10.062    0.000 html5parser.py:1149(startTagVoidFormatting)
      106    0.118    0.001    9.982    0.094 handlers.py:154(doRollover)
  1148742    7.376    0.000    9.976    0.000 __init__.py:152(_replace_cdata_list_attribute_values)
  1784346    2.638    0.000    9.931    0.000 _html5lib.py:420(__init__)
  2625650    9.920    0.000    9.920    0.000 {method 'format' of 'str' objects}
   753601    0.856    0.000    9.699    0.000 treetaggerwrapper.py:1944(split_ip)
  1248464    1.204    0.000    9.608    0.000 series.py:463(__len__)
 24969282    9.570    0.000    9.570    0.000 {built-in method builtins.issubclass}
  2707749    5.534    0.000    9.538    0.000 _tokenizer.py:843(beforeAttributeNameState)
   246159    0.342    0.000    9.507    0.000 html5parser.py:407(processSpaceCharacters)
  1248464    3.483    0.000    9.503    0.000 generic.py:357(_get_block_manager_axis)
  1248467    2.209    0.000    9.454    0.000 <frozen importlib._bootstrap>:153(__exit__)
  1248464    4.382    0.000    9.430    0.000 generic.py:829(__hash__)
    27356    0.123    0.000    9.232    0.000 feedparser.py:173(feed)
  3745392    9.188    0.000    9.188    0.000 dtypes.py:132(construct_from_string)
  2496928    3.319    0.000    9.150    0.000 internals.py:163(to_dense)
  2496928    7.921    0.000    9.029    0.000 internals.py:301(ftype)
  1248464    4.927    0.000    8.692    0.000 missing.py:245(array_equivalent)
 11236246    8.668    0.000    8.668    0.000 {built-in method builtins.max}
    27351    0.380    0.000    8.575    0.000 _inputstream.py:723(handleMeta)
 18119200    8.556    0.000    8.556    0.000 {method 'strip' of 'str' objects}
  1248467    7.993    0.000    8.486    0.000 <frozen importlib._bootstrap>:77(acquire)
    54712    0.187    0.000    8.445    0.000 feedparser.py:178(_call_parse)
  2496932    2.286    0.000    8.306    0.000 <frozen importlib._bootstrap>:989(_handle_fromlist)
  1248464    3.365    0.000    8.293    0.000 generic.py:1395(_set_as_cached)
  1248464    5.195    0.000    8.290    0.000 generic.py:1503(_set_is_copy)
  2297484    3.097    0.000    8.279    0.000 _tokenizer.py:1056(afterAttributeValueState)
  1422252    2.928    0.000    8.262    0.000 _tokenizer.py:1012(attributeValueSingleQuotedState)
    54712    1.156    0.000    8.258    0.000 feedparser.py:218(_parsegen)
  1248467    5.688    0.000    8.212    0.000 <frozen importlib._bootstrap>:57(__init__)
  2496928    8.177    0.000    8.177    0.000 {method 'get_loc' of 'pandas.index.IndexEngine' objects}
  1248464    2.654    0.000    8.137    0.000 {built-in method builtins.sum}
  4993856    5.288    0.000    7.994    0.000 base.py:3637(_ensure_index)
  2598345    5.754    0.000    7.958    0.000 _tokenizer.py:361(tagOpenState)
   273510    2.853    0.000    7.902    0.000 html5parser.py:1396(endTagFormatting)
      106    7.777    0.073    7.777    0.073 {method 'close' of '_io.TextIOWrapper' objects}
    27351    2.601    0.000    7.758    0.000 html5parser.py:872(__init__)
   608429    7.755    0.000    7.755    0.000 threading.py:215(__init__)
  2496928    5.494    0.000    7.737    0.000 generic.py:340(_get_axis_name)
  2496930    7.360    0.000    7.360    0.000 {built-in method numpy.core.multiarray.arange}
    82053    0.253    0.000    7.266    0.000 html5parser.py:673(startTagBaseLinkCommand)
  1248467    6.742    0.000    7.245    0.000 <frozen importlib._bootstrap>:102(release)
  1248464    1.763    0.000    6.881    0.000 missing.py:27(isnull)
  3745392    6.874    0.000    6.874    0.000 {pandas.lib.isscalar}
  1248464    2.232    0.000    6.753    0.000 series.py:353(values)
  2496928    6.724    0.000    6.724    0.000 {built-in method numpy.core.umath.seterrobj}
  1248464    4.032    0.000    6.630    0.000 common.py:282(is_float_dtype)
   109404    0.439    0.000    6.580    0.000 html5parser.py:1169(startTagHr)
   109404    2.228    0.000    6.540    0.000 _inputstream.py:792(getAttribute)
  3745392    4.842    0.000    6.530    0.000 common.py:447(_apply_if_callable)
 15075634    6.493    0.000    6.493    0.000 {method 'lower' of 'str' objects}
 13527401    6.382    0.000    6.382    0.000 {built-in method posix.getpid}
   607202    4.379    0.000    6.332    0.000 treetaggerwrapper.py:1590(<listcomp>)
    27360    6.240    0.000    6.240    0.000 {method 'connect' of '_socket.socket' objects}
  2556705    4.522    0.000    6.182    0.000 element.py:296(_last_descendant)
  1248464    2.208    0.000    6.165    0.000 internals.py:2951(__len__)
  1148742    3.627    0.000    6.126    0.000 _tokenizer.py:567(scriptDataEndTagNameState)
  8739248    6.029    0.000    6.029    0.000 internals.py:4077(_block)
  1248464    4.391    0.000    6.020    0.000 generic.py:327(_get_axis_number)
 13526435    6.002    0.000    6.002    0.000 process.py:137(name)
  4403511    2.385    0.000    5.990    0.000 {built-in method builtins.next}
   410265    1.676    0.000    5.978    0.000 html5parser.py:1337(endTagBlock)
 12730881    5.840    0.000    5.840    0.000 {method 'rstrip' of 'str' objects}
  1248464    2.984    0.000    5.833    0.000 internals.py:2746(<listcomp>)
  9987712    5.803    0.000    5.803    0.000 internals.py:297(dtype)
   197988    0.864    0.000    5.719    0.000 element.py:232(replace_with)
 12484640    5.627    0.000    5.627    0.000 internals.py:179(mgr_locs)
 13526435    5.621    0.000    5.621    0.000 process.py:35(current_process)
   612815    2.269    0.000    5.596    0.000 threading.py:1062(_wait_for_tstate_lock)
  3745392    3.432    0.000    5.482    0.000 internals.py:2968(<genexpr>)
  4993856    3.917    0.000    5.469    0.000 common.py:333(_get_dtype)
 13526697    5.468    0.000    5.468    0.000 codecs.py:213(setstate)
    82053    0.172    0.000    5.438    0.000 html5parser.py:1005(startTagProcessInHead)
  4993865    3.778    0.000    5.429    0.000 <frozen importlib._bootstrap>:834(__enter__)
  4993865    3.554    0.000    5.349    0.000 <frozen importlib._bootstrap>:838(__exit__)
  2297484    3.284    0.000    5.248    0.000 _tokenizer.py:959(beforeAttributeValueState)
  1248464    2.905    0.000    5.118    0.000 missing.py:48(_isnull_new)
   109404    0.230    0.000    5.108    0.000 html5parser.py:1296(startTagOther)
  1248464    3.568    0.000    5.098    0.000 <frozen importlib._bootstrap>:852(_find_spec_legacy)
  2496928    2.583    0.000    4.945    0.000 internals.py:3529(_consolidate_inplace)
  1248467    3.386    0.000    4.871    0.000 <frozen importlib._bootstrap>:402(parent)
   163651    4.694    0.000    4.831    0.000 dictionnary.py:94(__contains__)
  6242346    4.826    0.000    4.826    0.000 <frozen importlib._bootstrap>:208(_verbose_message)
  1248466    3.084    0.000    4.822    0.000 __init__.py:175(iteritems)
  1248464    3.442    0.000    4.810    0.000 indexing.py:1769(convert_to_index_sliceable)
  8233407    4.789    0.000    4.789    0.000 treetaggerwrapper.py:716(__init__)
    31682    0.392    0.000    4.774    0.000 dictionnary.py:96(__setitem__)
    27351    0.151    0.000    4.700    0.000 client.py:438(read)
  1517304    4.699    0.000    4.699    0.000 re.py:324(_subx)
   303601    3.400    0.000    4.677    0.000 textProcessor.py:325(remove_user_mentions_hashtags)
  4993856    4.598    0.000    4.598    0.000 {built-in method numpy.core.umath.geterrobj}
  1248464    3.900    0.000    4.593    0.000 numeric.py:3079(__init__)
  3422274    4.553    0.000    4.553    0.000 {built-in method __new__ of type object at 0x10565e650}
    27351    0.285    0.000    4.550    0.000 client.py:558(_readall_chunked)
  1248464    3.045    0.000    4.521    0.000 internals.py:4171(external_values)
  2926557    4.499    0.000    4.499    0.000 _utils.py:67(__getitem__)
  1248464    4.067    0.000    4.492    0.000 base.py:1406(__getitem__)
  1248464    4.483    0.000    4.483    0.000 {method 'take' of 'numpy.ndarray' objects}
  6564245    4.404    0.000    4.404    0.000 _weakrefset.py:70(__contains__)
   492318    1.422    0.000    4.404    0.000 _tokenizer.py:328(scriptDataState)
  1248464    4.344    0.000    4.344    0.000 cast.py:660(_possibly_castable)
  3706305    4.286    0.000    4.286    0.000 {built-in method _thread.allocate_lock}
  1248464    3.610    0.000    4.204    0.000 generic.py:144(_init_mgr)
    27351    0.326    0.000    4.191    0.000 html5parser.py:433(processDoctype)
 18638893    4.130    0.000    4.130    0.000 {method 'extend' of 'list' objects}
   326792    3.484    0.000    4.122    0.000 dictionnary.py:103(__getitem__)
  1248464    3.518    0.000    3.955    0.000 generic.py:2713(__finalize__)
  3745392    2.755    0.000    3.888    0.000 internals.py:2790(ndim)
  2496928    2.881    0.000    3.857    0.000 inference.py:66(is_hashable)
  2496928    3.752    0.000    3.752    0.000 {method 'fill' of 'numpy.ndarray' objects}
  3745392    3.723    0.000    3.723    0.000 internals.py:3249(is_consolidated)
  1248464    2.168    0.000    3.683    0.000 common.py:93(is_timedelta64_dtype)
   984636    1.735    0.000    3.619    0.000 _inputstream.py:663(matchBytes)
  1248467    1.573    0.000    3.608    0.000 <frozen importlib._bootstrap>:771(find_spec)
    84618    0.488    0.000    3.589    0.000 client.py:534(_get_chunk_left)
  2871855    2.298    0.000    3.544    0.000 __init__.py:262(set_up_substitutions)
    27360    0.321    0.000    3.543    0.000 request.py:326(__init__)
    27351    0.162    0.000    3.325    0.000 _html5lib.py:112(insertDoctype)
  1248464    1.913    0.000    3.274    0.000 internals.py:3513(consolidate)
  2496928    3.254    0.000    3.254    0.000 series.py:312(_set_subtyp)
  1248467    3.244    0.000    3.244    0.000 <frozen importlib._bootstrap>:355(__init__)
  1859868    1.322    0.000    3.191    0.000 element.py:1598(_normalize_search_value)
    27356    1.271    0.000    3.161    0.000 feedparser.py:471(_parse_headers)
  3772776    3.148    0.000    3.148    0.000 {method 'rpartition' of 'str' objects}
  1248464    2.111    0.000    3.055    0.000 base.py:608(<listcomp>)
  5114637    3.035    0.000    3.035    0.000 _html5lib.py:411(getNameTuple)
    54702    0.800    0.000    2.967    0.000 _inputstream.py:874(parse)
   929934    2.178    0.000    2.953    0.000 _tokenizer.py:396(closeTagOpenState)
  1248464    1.990    0.000    2.947    0.000 base.py:465(is_)
  4993856    2.917    0.000    2.917    0.000 internals.py:2862(_get_items)
   607207    2.241    0.000    2.917    0.000 _weakrefset.py:81(add)
   197988    2.024    0.000    2.865    0.000 element.py:310(insert)
   607202    2.231    0.000    2.855    0.000 _weakrefset.py:38(_remove)
  2496928    2.810    0.000    2.810    0.000 validators.py:31(_check_for_default_values)
  3007010    2.749    0.000    2.749    0.000 {method 'startswith' of 'str' objects}
  6242332    2.694    0.000    2.694    0.000 {built-in method _imp.release_lock}
    27351    0.099    0.000    2.659    0.000 html5parser.py:1156(startTagInput)
    54702    0.416    0.000    2.550    0.000 base.py:153(reset)
    27351    0.099    0.000    2.500    0.000 html5parser.py:1045(startTagForm)
   295390    0.607    0.000    2.487    0.000 re.py:330(filter)
  1941921    2.082    0.000    2.452    0.000 _inputstream.py:599(__next__)
  1248469    2.451    0.000    2.451    0.000 <frozen importlib._bootstrap_external>:1080(_path_importer_cache)
      966    0.012    0.000    2.414    0.002 ansitowin32.py:39(write)
      966    0.004    0.000    2.402    0.002 ansitowin32.py:139(write)
      966    0.018    0.000    2.397    0.002 ansitowin32.py:156(write_and_convert)
    27351    0.600    0.000    2.379    0.000 html5parser.py:1954(__init__)
  2160729    1.979    0.000    2.378    0.000 _inputstream.py:625(getPosition)
     1488    0.039    0.000    2.360    0.002 ansitowin32.py:172(write_plain_text)
  1248464    2.353    0.000    2.353    0.000 internals.py:326(iget)
 10892229    2.346    0.000    2.346    0.000 element.py:1010(__bool__)
  1039338    1.438    0.000    2.295    0.000 _tokenizer.py:1612(doctypeSystemIdentifierDoubleQuotedState)
  1515409    2.290    0.000    2.290    0.000 {method 'replace' of 'str' objects}
   246204    0.922    0.000    2.236    0.000 message.py:462(get)
   607202    2.225    0.000    2.225    0.000 threading.py:727(_newname)
   109424    0.464    0.000    2.196    0.000 message.py:564(get_content_type)
    27351    0.192    0.000    2.185    0.000 element.py:1029(__getattr__)
    82053    0.617    0.000    2.136    0.000 __init__.py:295(reset)
  1248466    2.131    0.000    2.131    0.000 base.py:485(_reset_identity)
     1227    0.031    0.000    2.113    0.002 iostream.py:312(flush)
    27351    0.110    0.000    2.103    0.000 html5parser.py:1216(startTagTextarea)
  4552992    2.081    0.000    2.081    0.000 {method 'index' of 'str' objects}
    27351    0.830    0.000    2.074    0.000 html5parser.py:1627(__init__)
  4993856    2.071    0.000    2.071    0.000 {built-in method pandas.algos.ensure_int64}
    54702    0.280    0.000    2.037    0.000 _html5lib.py:108(documentClass)
  1248467    2.034    0.000    2.034    0.000 {built-in method _imp.is_frozen}
    27351    0.064    0.000    2.023    0.000 html5parser.py:575(processStartTag)
    54702    0.622    0.000    2.009    0.000 element.py:1571(__init__)
    27360    0.191    0.000    1.963    0.000 request.py:308(request_host)
    27351    0.139    0.000    1.959    0.000 html5parser.py:556(insertHtmlElement)
  8497272    1.946    0.000    1.946    0.000 {method 'isalpha' of 'str' objects}
    27360    0.055    0.000    1.921    0.000 client.py:400(_close_conn)
    27351    1.371    0.000    1.913    0.000 html5parser.py:2470(__init__)
  1729644    1.811    0.000    1.905    0.000 base.py:187(reconstructActiveFormattingElements)
   600941    1.161    0.000    1.904    0.000 threading.py:251(_acquire_restore)
  2496928    1.900    0.000    1.900    0.000 internals.py:175(fill_value)
   295390    1.363    0.000    1.880    0.000 sre_parse.py:964(expand_template)
    27360    0.278    0.000    1.866    0.000 {method 'close' of '_io.BufferedReader' objects}
   355563    1.123    0.000    1.861    0.000 _tokenizer.py:464(rcdataEndTagNameState)
    27351    0.650    0.000    1.834    0.000 html5parser.py:636(__init__)
   601722    1.832    0.000    1.832    0.000 base.py:359(generateImpliedEndTags)
    27360    0.460    0.000    1.798    0.000 client.py:227(__init__)
    27351    0.133    0.000    1.785    0.000 base.py:252(insertRoot)
    27351    0.070    0.000    1.763    0.000 html5parser.py:1103(startTagFormatting)
  1248468    1.759    0.000    1.759    0.000 <frozen importlib._bootstrap_external>:37(_relax_case)
   608429    1.066    0.000    1.731    0.000 threading.py:239(__enter__)
   607202    1.540    0.000    1.721    0.000 threading.py:966(_stop)
  3755992    1.691    0.000    1.691    0.000 {built-in method builtins.callable}
  2496928    1.680    0.000    1.680    0.000 internals.py:289(shape)
  5061050    1.679    0.000    1.679    0.000 {method 'end' of '_sre.SRE_Match' objects}
    27351    0.112    0.000    1.659    0.000 _html5lib.py:88(create_treebuilder)
    27351    0.111    0.000    1.657    0.000 html5parser.py:1082(startTagHeading)
  1248467    1.655    0.000    1.655    0.000 <frozen importlib._bootstrap>:142(__init__)
    27360    0.239    0.000    1.654    0.000 parse.py:351(urlparse)
  4993865    1.651    0.000    1.651    0.000 {built-in method _imp.acquire_lock}
  3044007    1.636    0.000    1.636    0.000 {method 'items' of 'dict' objects}
   711126    1.038    0.000    1.634    0.000 _tokenizer.py:1459(doctypePublicIdentifierDoubleQuotedState)
  2496928    1.632    0.000    1.632    0.000 {method 'copy' of 'dict' objects}
   600941    0.851    0.000    1.607    0.000 threading.py:254(_is_owned)
    27356    0.154    0.000    1.597    0.000 feedparser.py:184(close)
    27360    0.407    0.000    1.588    0.000 socket.py:649(close)
     4265    1.559    0.000    1.559    0.000 {built-in method posix.rename}
    27351    0.774    0.000    1.550    0.000 html5parser.py:2216(__init__)
    27351    0.241    0.000    1.546    0.000 _html5lib.py:100(__init__)
    27351    0.217    0.000    1.545    0.000 html5parser.py:94(reset)
   109440    0.837    0.000    1.534    0.000 client.py:1195(putheader)
   961946    1.144    0.000    1.532    0.000 dictionnary.py:70(__len__)
  1248464    1.529    0.000    1.529    0.000 six.py:184(find_module)
  2680398    1.348    0.000    1.519    0.000 element.py:1309(descendants)
    82068    0.152    0.000    1.512    0.000 message.py:588(get_content_maintype)
      251    0.002    0.000    1.507    0.006 __init__.py:1320(error)
    27360    1.497    0.000    1.497    0.000 socket.py:139(__init__)
   136755    0.357    0.000    1.482    0.000 _inputstream.py:908(lookupEncoding)
  4548596    1.481    0.000    1.481    0.000 {method 'isdigit' of 'str' objects}
  1248464    1.453    0.000    1.453    0.000 {built-in method pandas.lib.checknull}
  5284496    1.447    0.000    1.447    0.000 {method 'append' of 'collections.deque' objects}
  1723113    1.439    0.000    1.439    0.000 __init__.py:108(can_be_empty_element)
    27351    0.482    0.000    1.437    0.000 html5parser.py:2052(__init__)
    54702    0.080    0.000    1.437    0.000 _inputstream.py:759(handlePossibleStartTag)
    27351    0.448    0.000    1.434    0.000 html5parser.py:1817(__init__)
   608429    1.058    0.000    1.413    0.000 threading.py:242(__exit__)
    27351    0.221    0.000    1.404    0.000 _inputstream.py:164(__init__)
    27351    0.407    0.000    1.390    0.000 html5parser.py:2141(__init__)
    27351    0.051    0.000    1.385    0.000 html5parser.py:699(startTagTitle)
    27351    0.083    0.000    1.371    0.000 html5parser.py:618(startTagHead)
  2324835    1.365    0.000    1.365    0.000 {method 'items' of 'collections.OrderedDict' objects}
    54702    0.226    0.000    1.356    0.000 _inputstream.py:766(handlePossibleTag)
  2496928    1.347    0.000    1.347    0.000 {pandas.lib.is_float}
   197988    0.870    0.000    1.346    0.000 element.py:267(extract)
  1276085    1.340    0.000    1.340    0.000 {method 'update' of 'dict' objects}
    27360    0.855    0.000    1.338    0.000 socket.py:218(makefile)
    27351    0.099    0.000    1.334    0.000 html5parser.py:333(parseRCDataRawtext)
    27351    0.497    0.000    1.325    0.000 html5parser.py:803(__init__)
   246189    0.675    0.000    1.301    0.000 _policybase.py:293(header_source_parse)
  1148742    0.817    0.000    1.294    0.000 element.py:982(get)
   136755    0.684    0.000    1.291    0.000 html5parser.py:1578(endTagOther)
    27351    0.069    0.000    1.291    0.000 base.py:146(__init__)
    27351    0.073    0.000    1.289    0.000 html5parser.py:831(startTagBody)
  2324835    1.258    0.000    1.258    0.000 element.py:1014(__setitem__)
    27360    0.532    0.000    1.250    0.000 parse.py:384(urlsplit)
    27356    0.667    0.000    1.247    0.000 feedparser.py:139(__init__)
    54702    0.530    0.000    1.243    0.000 codecs.py:450(read)
    27360    0.217    0.000    1.216    0.000 request.py:350(full_url)
  1248464    1.203    0.000    1.203    0.000 {method 'item' of 'numpy.ndarray' objects}
    27351    0.147    0.000    1.190    0.000 html5parser.py:976(processSpaceCharactersDropNewline)
  1331961    1.185    0.000    1.185    0.000 {method 'add' of 'set' objects}
    27360    0.076    0.000    1.182    0.000 socket.py:403(_decref_socketios)
  4957100    1.179    0.000    1.179    0.000 {method 'popleft' of 'collections.deque' objects}
      222    0.019    0.000    1.171    0.005 {built-in method builtins.print}
    54720    0.153    0.000    1.165    0.000 socket.py:413(close)
    27351    0.366    0.000    1.150    0.000 html5parser.py:739(__init__)
  1248464    1.125    0.000    1.125    0.000 {built-in method pandas.algos.ensure_platform_int}
    27356    0.372    0.000    1.123    0.000 feedparser.py:101(push)
   328257    0.432    0.000    1.123    0.000 feedparser.py:128(__next__)
  2496928    1.116    0.000    1.116    0.000 numeric.py:137(is_all_dates)
  1248467    1.102    0.000    1.102    0.000 <frozen importlib._bootstrap>:173(cb)
    27351    0.454    0.000    1.090    0.000 html5parser.py:2518(__init__)
   273510    0.663    0.000    1.087    0.000 _tokenizer.py:542(scriptDataLessThanSignState)
    27351    0.382    0.000    1.072    0.000 html5parser.py:590(__init__)
  1248464    1.049    0.000    1.049    0.000 base.py:512(dtype)
  1248464    1.021    0.000    1.021    0.000 frame.py:241(_constructor)
    27360    1.012    0.000    1.012    0.000 socket.py:409(_real_close)
     4386    0.576    0.000    1.006    0.000 iostream.py:180(schedule)
   115934    0.398    0.000    1.006    0.000 _tokenizer.py:276(rcdataState)
   519669    1.003    0.000    1.003    0.000 base.py:238(elementInActiveFormattingElements)
    27351    0.121    0.000    0.998    0.000 base.py:270(createElement)
   109404    0.753    0.000    0.992    0.000 _inputstream.py:652(skipUntil)
    82053    0.327    0.000    0.990    0.000 __init__.py:61(lookup)
    27360    0.288    0.000    0.983    0.000 client.py:1071(putrequest)
   218843    0.190    0.000    0.970    0.000 _policybase.py:311(header_fetch_parse)
    27351    0.292    0.000    0.965    0.000 html5parser.py:2316(__init__)
   303601    0.493    0.000    0.954    0.000 textProcessor.py:145(replace_special_chars)
   600941    0.664    0.000    0.949    0.000 threading.py:248(_release_save)
  1248688    0.947    0.000    0.947    0.000 {built-in method builtins.iter}
   114534    0.435    0.000    0.908    0.000 client.py:596(_safe_read)
    54702    0.413    0.000    0.899    0.000 _inputstream.py:434(reset)
  1063106    0.896    0.000    0.896    0.000 {method 'count' of 'str' objects}
    27351    0.363    0.000    0.893    0.000 html5parser.py:1889(__init__)
    27360    0.881    0.000    0.881    0.000 {method 'sendall' of '_socket.socket' objects}
   629073    0.874    0.000    0.874    0.000 html5parser.py:389(__init__)
  1248479    0.855    0.000    0.855    0.000 {method 'setdefault' of 'dict' objects}
   273510    0.524    0.000    0.848    0.000 _inputstream.py:640(skip)
  1478864    0.844    0.000    0.844    0.000 {method 'group' of '_sre.SRE_Match' objects}
    27351    0.330    0.000    0.827    0.000 html5parser.py:2575(__init__)
  1248464    0.816    0.000    0.816    0.000 {pandas.lib.is_integer}
    27611    0.105    0.000    0.814    0.000 parse.py:777(quote_plus)
   395976    0.804    0.000    0.804    0.000 element.py:972(index)
    27360    0.215    0.000    0.800    0.000 request.py:381(_parse)
   273510    0.694    0.000    0.800    0.000 base.py:99(append)
   218843    0.360    0.000    0.780    0.000 _policybase.py:281(_sanitize_header)
    27351    0.333    0.000    0.750    0.000 html5parser.py:1593(__init__)
    84618    0.351    0.000    0.730    0.000 client.py:504(_read_next_chunk_size)
  1220017    0.721    0.000    0.721    0.000 threading.py:506(is_set)
    54720    0.268    0.000    0.708    0.000 socket.py:97(_intenum_converter)
    27611    0.121    0.000    0.696    0.000 parse.py:733(quote)
  1248464    0.692    0.000    0.692    0.000 {method 'pop' of 'dict' objects}
   328257    0.616    0.000    0.691    0.000 feedparser.py:78(readline)
  1617546    0.686    0.000    0.686    0.000 {method 'pop' of 'list' objects}
    82055    0.275    0.000    0.670    0.000 _inputstream.py:224(_position)
    27351    0.182    0.000    0.667    0.000 html5parser.py:1381(endTagHeading)
   608429    0.665    0.000    0.665    0.000 {method '__enter__' of '_thread.lock' objects}
    27351    0.089    0.000    0.633    0.000 cp1252.py:14(decode)
   191457    0.274    0.000    0.631    0.000 _inputstream.py:635(getCurrentByte)
  1248464    0.631    0.000    0.631    0.000 internals.py:144(external_values)
  1784346    0.631    0.000    0.631    0.000 base.py:278(_getInsertFromTable)
  1248467    0.630    0.000    0.630    0.000 <frozen importlib._bootstrap>:698(find_spec)
   607202    0.627    0.000    0.627    0.000 threading.py:1120(daemon)
   607202    0.624    0.000    0.624    0.000 {method 'discard' of 'set' objects}
     3832    0.017    0.000    0.589    0.000 _tokenizer.py:305(characterReferenceInRcdata)
    82053    0.341    0.000    0.585    0.000 _inputstream.py:674(jumpTo)
    27351    0.366    0.000    0.585    0.000 _tokenizer.py:1109(markupDeclarationOpenState)
    27356    0.124    0.000    0.575    0.000 client.py:370(_check_close)
     3832    0.147    0.000    0.572    0.000 _tokenizer.py:137(consumeEntity)
    27351    0.246    0.000    0.568    0.000 element.py:786(for_name_and_ids)
   191457    0.405    0.000    0.568    0.000 _tokenizer.py:556(scriptDataEndTagOpenState)
    27360    0.283    0.000    0.556    0.000 request.py:1238(do_request_)
   656864    0.549    0.000    0.549    0.000 {method 'encode' of 'str' objects}
    27351    0.544    0.000    0.544    0.000 {built-in method _codecs.charmap_decode}
    27351    0.103    0.000    0.524    0.000 _inputstream.py:519(changeEncoding)
  1208143    0.521    0.000    0.521    0.000 {method 'release' of '_thread.lock' objects}
   436906    0.510    0.000    0.510    0.000 {method 'index' of 'list' objects}
    27351    0.395    0.000    0.500    0.000 __init__.py:42(lookup)
    27360    0.247    0.000    0.497    0.000 parse.py:794(quote_from_bytes)
    82053    0.224    0.000    0.497    0.000 _inputstream.py:588(__new__)
    54712    0.496    0.000    0.496    0.000 {method 'readlines' of '_io._IOBase' objects}
    27360    0.338    0.000    0.480    0.000 client.py:836(__init__)
    27351    0.191    0.000    0.463    0.000 html5parser.py:2649(__init__)
   984636    0.462    0.000    0.462    0.000 {method 'startswith' of 'bytes' objects}
   191457    0.373    0.000    0.456    0.000 html5parser.py:1614(endTagScript)
    57368    0.239    0.000    0.449    0.000 enum.py:265(__call__)
    27351    0.164    0.000    0.445    0.000 _inputstream.py:691(__init__)
   109424    0.291    0.000    0.443    0.000 message.py:29(_splitparam)
   109404    0.263    0.000    0.432    0.000 _tokenizer.py:1334(doctypeNameState)
   477722    0.430    0.000    0.430    0.000 {method 'insert' of 'list' objects}
   415445    0.425    0.000    0.425    0.000 {method 'join' of 'bytes' objects}
    27351    0.211    0.000    0.422    0.000 html5parser.py:2611(__init__)
   607202    0.416    0.000    0.416    0.000 treetaggerwrapper.py:1831(<listcomp>)
    27360    0.181    0.000    0.408    0.000 client.py:405(close)
    27351    0.302    0.000    0.387    0.000 _inputstream.py:535(detectBOM)
    82053    0.177    0.000    0.383    0.000 __init__.py:35(ascii_lower)
   367554    0.378    0.000    0.378    0.000 {built-in method builtins.min}
    27356    0.377    0.000    0.377    0.000 feedparser.py:53(__init__)
     4386    0.375    0.000    0.375    0.000 {built-in method posix.urandom}
      966    0.035    0.000    0.375    0.000 iostream.py:361(write)
    27351    0.111    0.000    0.370    0.000 html5parser.py:1313(endTagBody)
    27356    0.173    0.000    0.369    0.000 feedparser.py:70(close)
   460678    0.366    0.000    0.366    0.000 {method 'capitalize' of 'str' objects}
    54702    0.112    0.000    0.364    0.000 _tokenizer.py:1076(selfClosingStartTagState)
    27360    0.358    0.000    0.358    0.000 socket.py:560(__init__)
   608429    0.355    0.000    0.355    0.000 {method '__exit__' of '_thread.lock' objects}
     9973    0.034    0.000    0.355    0.000 genericpath.py:16(exists)
    30040    0.189    0.000    0.349    0.000 py.py:54(has_keys_with_prefix)
  1148742    0.340    0.000    0.340    0.000 {method 'keys' of 'collections.OrderedDict' objects}
    27351    0.203    0.000    0.338    0.000 _tokenizer.py:1359(afterDoctypeNameState)
    54702    0.205    0.000    0.337    0.000 _inputstream.py:438(openStream)
    27360    0.114    0.000    0.333    0.000 parse.py:918(splittype)
    54702    0.332    0.000    0.332    0.000 codecs.py:422(__init__)
   218843    0.196    0.000    0.322    0.000 utils.py:51(_has_surrogates)
   246189    0.256    0.000    0.321    0.000 message.py:479(set_raw)
    27351    0.132    0.000    0.319    0.000 html5parser.py:1351(endTagForm)
    27351    0.117    0.000    0.307    0.000 element.py:74(__new__)
    27351    0.081    0.000    0.302    0.000 html5parser.py:615(startTagHtml)
    27353    0.086    0.000    0.288    0.000 html5parser.py:256(parseError)
    54712    0.283    0.000    0.283    0.000 message.py:120(__init__)
    27360    0.194    0.000    0.279    0.000 idna.py:147(encode)
    82053    0.250    0.000    0.278    0.000 __init__.py:328(pushTag)
    27356    0.162    0.000    0.268    0.000 parse.py:376(_splitnetloc)
    27356    0.177    0.000    0.268    0.000 feedparser.py:197(_new_message)
    54702    0.261    0.000    0.261    0.000 element.py:1753(__init__)
    27351    0.050    0.000    0.233    0.000 _inputstream.py:789(handleOther)
    27360    0.104    0.000    0.225    0.000 {function HTTPResponse.close at 0x1076421e0}
    27351    0.195    0.000    0.222    0.000 _utils.py:121(wrapped)
       61    0.214    0.004    0.214    0.004 {built-in method posix.remove}
   109440    0.212    0.000    0.212    0.000 {method 'fullmatch' of '_sre.SRE_Pattern' objects}
   218808    0.175    0.000    0.211    0.000 _inputstream.py:620(setPosition)
    57368    0.211    0.000    0.211    0.000 enum.py:515(__new__)
   166671    0.195    0.000    0.195    0.000 {method 'find' of 'bytes' objects}
    27360    0.195    0.000    0.195    0.000 {method 'setsockopt' of '_socket.socket' objects}
    27353    0.042    0.000    0.192    0.000 _inputstream.py:235(position)
   396276    0.191    0.000    0.191    0.000 {method 'upper' of 'str' objects}
   607202    0.181    0.000    0.181    0.000 {method 'locked' of '_thread.lock' objects}
    54712    0.098    0.000    0.178    0.000 feedparser.py:122(pushlines)
    54721    0.173    0.000    0.173    0.000 socket.py:611(readable)
    85885    0.172    0.000    0.172    0.000 _inputstream.py:367(unget)
   246189    0.168    0.000    0.168    0.000 {method 'lstrip' of 'str' objects}
    54702    0.123    0.000    0.168    0.000 _tokenizer.py:453(rcdataEndTagOpenState)
    27356    0.104    0.000    0.168    0.000 request.py:635(http_response)
    54702    0.119    0.000    0.166    0.000 _tokenizer.py:442(rcdataLessThanSignState)
    27364    0.107    0.000    0.166    0.000 client.py:942(close)
    54702    0.143    0.000    0.162    0.000 _inputstream.py:870(__init__)
    27360    0.087    0.000    0.158    0.000 parse.py:931(splithost)
   136800    0.116    0.000    0.156    0.000 client.py:995(_output)
    54702    0.154    0.000    0.154    0.000 _inputstream.py:196(reset)
    54720    0.128    0.000    0.145    0.000 parse.py:101(_coerce_args)
   109440    0.085    0.000    0.144    0.000 request.py:1303(<genexpr>)
    27360    0.104    0.000    0.142    0.000 client.py:879(_get_hostport)
     1367    0.004    0.000    0.138    0.000 parse.py:75(clear_cache)
    27360    0.067    0.000    0.137    0.000 request.py:389(get_method)
     2734    0.134    0.000    0.134    0.000 {method 'clear' of 'dict' objects}
    22376    0.130    0.000    0.130    0.000 {built-in method _bisect.bisect_left}
     3850    0.022    0.000    0.127    0.000 parse.py:814(<listcomp>)
   300861    0.126    0.000    0.126    0.000 {method 'remove' of 'list' objects}
       10    0.000    0.000    0.126    0.013 __init__.py:1303(warning)
   136755    0.122    0.000    0.122    0.000 {method 'read' of '_io.BytesIO' objects}
    27360    0.107    0.000    0.121    0.000 parse.py:909(unwrap)
    27360    0.083    0.000    0.120    0.000 client.py:417(flush)
    27351    0.089    0.000    0.120    0.000 _tokenizer.py:1660(afterDoctypeSystemIdentifierState)
    27351    0.071    0.000    0.115    0.000 client.py:520(_read_and_discard_trailer)
    27356    0.067    0.000    0.113    0.000 request.py:394(get_full_url)
   164106    0.110    0.000    0.110    0.000 {method 'lower' of 'bytes' objects}
    27351    0.095    0.000    0.109    0.000 html5parser.py:413(startTagHtml)
    54720    0.065    0.000    0.108    0.000 request.py:412(add_unredirected_header)
    27351    0.084    0.000    0.106    0.000 _tokenizer.py:1308(beforeDoctypeNameState)
    27351    0.069    0.000    0.106    0.000 base.py:112(nodesEqual)
   109440    0.081    0.000    0.106    0.000 client.py:1243(<genexpr>)
    35400    0.043    0.000    0.106    0.000 {method '__getitem__' of 'dict' objects}
      966    0.005    0.000    0.104    0.000 iostream.py:298(_schedule_flush)
    27361    0.050    0.000    0.098    0.000 {method '_checkReadable' of '_io._IOBase' objects}
    54702    0.098    0.000    0.098    0.000 base.py:281(_setInsertFromTable)
    82053    0.097    0.000    0.097    0.000 _inputstream.py:592(__init__)
    27360    0.094    0.000    0.094    0.000 parse.py:590(unquote)
    27351    0.069    0.000    0.093    0.000 _tokenizer.py:1291(doctypeState)
    27351    0.054    0.000    0.093    0.000 html5parser.py:1771(__init__)
    27351    0.063    0.000    0.092    0.000 _tokenizer.py:1430(beforeDoctypePublicIdentifierState)
    27360    0.071    0.000    0.089    0.000 client.py:804(_get_content_length)
    27351    0.067    0.000    0.089    0.000 _tokenizer.py:1537(betweenDoctypePublicAndSystemIdentifiersState)
    25426    0.089    0.000    0.089    0.000 textProcessor.py:176(<listcomp>)
    82080    0.087    0.000    0.087    0.000 request.py:416(has_header)
   109424    0.087    0.000    0.087    0.000 {method 'seek' of '_io.StringIO' objects}
    54752    0.085    0.000    0.085    0.000 {method 'read' of '_io.StringIO' objects}
      423    0.011    0.000    0.083    0.000 textProcessor.py:286(_delete_triplicates)
    82081    0.081    0.000    0.081    0.000 request.py:344(full_url)
    54712    0.079    0.000    0.079    0.000 {method 'extend' of 'collections.deque' objects}
    27356    0.054    0.000    0.079    0.000 feedparser.py:210(_pop_message)
    27360    0.051    0.000    0.078    0.000 parse.py:993(splittag)
   109424    0.077    0.000    0.077    0.000 {method 'partition' of 'str' objects}
    54712    0.076    0.000    0.076    0.000 {method 'truncate' of '_io.StringIO' objects}
   109404    0.075    0.000    0.075    0.000 {method 'seek' of '_io.BytesIO' objects}
    54702    0.075    0.000    0.075    0.000 _html5lib.py:48(prepare_markup)
    27351    0.052    0.000    0.074    0.000 _tokenizer.py:1507(afterDoctypePublicIdentifierState)
    27351    0.060    0.000    0.073    0.000 html5parser.py:723(endTagHead)
    27351    0.051    0.000    0.073    0.000 _tokenizer.py:1410(afterDoctypePublicKeywordState)
    27351    0.028    0.000    0.073    0.000 html5parser.py:2364(__init__)
    27356    0.071    0.000    0.071    0.000 {method 'write' of '_io.StringIO' objects}
    27351    0.057    0.000    0.071    0.000 element.py:891(string)
    54971    0.070    0.000    0.070    0.000 {method 'endswith' of 'str' objects}
    27356    0.070    0.000    0.070    0.000 parser.py:18(__init__)
      261    0.033    0.000    0.069    0.000 colorlog.py:116(format)
    27356    0.046    0.000    0.066    0.000 message.py:303(set_payload)
    27351    0.053    0.000    0.065    0.000 html5parser.py:1621(endTagOther)
    55242    0.064    0.000    0.064    0.000 {method 'groups' of '_sre.SRE_Match' objects}
    18245    0.034    0.000    0.063    0.000 parse.py:727(__missing__)
    82080    0.060    0.000    0.060    0.000 {method 'title' of 'str' objects}
    27360    0.043    0.000    0.058    0.000 request.py:405(has_proxy)
    27360    0.034    0.000    0.056    0.000 <string>:12(__new__)
    27361    0.055    0.000    0.055    0.000 {method '_checkClosed' of '_io._IOBase' objects}
    27351    0.048    0.000    0.048    0.000 html5parser.py:2504(endTagHtml)
        1    0.001    0.001    0.047    0.047 treetaggerwrapper.py:1164(_start_process)
        5    0.005    0.001    0.047    0.009 request.py:551(error)
        1    0.000    0.000    0.046    0.046 subprocess.py:586(__init__)
        1    0.000    0.000    0.046    0.046 subprocess.py:1198(_execute_child)
    54702    0.045    0.000    0.045    0.000 __init__.py:129(deprecated_argument)
       20    0.000    0.000    0.044    0.002 sre_compile.py:557(compile)
     5613    0.018    0.000    0.044    0.000 threading.py:1104(is_alive)
        1    0.043    0.043    0.043    0.043 {built-in method posix.read}
        5    0.006    0.001    0.040    0.008 request.py:649(http_error_default)
    27360    0.040    0.000    0.040    0.000 {method 'split' of 'bytes' objects}
    27351    0.039    0.000    0.039    0.000 __init__.py:102(__init__)
    27351    0.039    0.000    0.039    0.000 __init__.py:337(endData)
    82080    0.038    0.000    0.038    0.000 request.py:363(data)
   109404    0.038    0.000    0.038    0.000 __init__.py:105(reset)
    27360    0.037    0.000    0.037    0.000 {function HTTPResponse.flush at 0x107642268}
    27351    0.036    0.000    0.036    0.000 html5parser.py:2723(impliedTagToken)
      106    0.001    0.000    0.035    0.000 __init__.py:1049(_open)
       20    0.000    0.000    0.035    0.002 sre_compile.py:542(_code)
        5    0.011    0.002    0.035    0.007 error.py:43(__init__)
    27361    0.032    0.000    0.032    0.000 {method 'rstrip' of 'bytes' objects}
   115/20    0.008    0.000    0.032    0.002 sre_compile.py:64(_compile)
    27360    0.031    0.000    0.031    0.000 client.py:899(set_debuglevel)
        2    0.000    0.000    0.028    0.014 __init__.py:71(search_function)
        3    0.000    0.000    0.028    0.009 {built-in method builtins.__import__}
      3/2    0.000    0.000    0.028    0.014 <frozen importlib._bootstrap>:641(_load_unlocked)
      3/2    0.000    0.000    0.027    0.014 <frozen importlib._bootstrap_external>:672(exec_module)
    27360    0.025    0.000    0.025    0.000 request.py:367(data)
        3    0.000    0.000    0.025    0.008 <frozen importlib._bootstrap_external>:743(get_code)
    54712    0.024    0.000    0.024    0.000 feedparser.py:125(__iter__)
        5    0.004    0.001    0.024    0.005 response.py:71(__init__)
    54702    0.022    0.000    0.022    0.000 {method 'tell' of '_io.BytesIO' objects}
     1270    0.010    0.000    0.021    0.000 enum.py:797(__and__)
    27351    0.021    0.000    0.021    0.000 html5parser.py:943(isMatchingFormattingElement)
    27360    0.021    0.000    0.021    0.000 request.py:1290(<genexpr>)
     1306    0.012    0.000    0.020    0.000 parse.py:719(__init__)
        3    0.020    0.007    0.020    0.007 <frozen importlib._bootstrap_external>:830(get_data)
      222    0.004    0.000    0.020    0.000 tweetStream.py:10(__init__)
        5    0.002    0.000    0.020    0.004 response.py:60(__init__)
     4386    0.020    0.000    0.020    0.000 iostream.py:89(_event_pipe)
    54720    0.020    0.000    0.020    0.000 parse.py:90(_noop)
    10494    0.016    0.000    0.020    0.000 handlers.py:77(rotation_filename)
      261    0.008    0.000    0.018    0.000 colorlog.py:112(color)
        5    0.009    0.002    0.018    0.004 response.py:19(__init__)
    27356    0.017    0.000    0.017    0.000 client.py:746(info)
      966    0.007    0.000    0.016    0.000 ansitowin32.py:224(convert_osc)
    27351    0.015    0.000    0.015    0.000 html5parser.py:427(processSpaceCharacters)
    27351    0.015    0.000    0.015    0.000 _html5lib.py:137(getDocument)
      106    0.002    0.000    0.014    0.000 handlers.py:96(rotate)
    28255    0.014    0.000    0.014    0.000 {built-in method builtins.ord}
    27351    0.013    0.000    0.013    0.000 {method 'reverse' of 'list' objects}
    27351    0.013    0.000    0.013    0.000 html5parser.py:568(processSpaceCharacters)
     3832    0.008    0.000    0.013    0.000 _base.py:26(longest_prefix)
        1    0.000    0.000    0.012    0.012 request.py:576(build_opener)
    27351    0.012    0.000    0.012    0.000 html5parser.py:2619(processEOF)
        1    0.000    0.000    0.011    0.011 request.py:798(__init__)
        1    0.000    0.000    0.011    0.011 request.py:2618(getproxies)
    27351    0.011    0.000    0.011    0.000 _inputstream.py:596(__iter__)
        1    0.000    0.000    0.011    0.011 request.py:2595(getproxies_macosx_sysconf)
        1    0.011    0.011    0.011    0.011 {built-in method _scproxy._get_proxies}
      3/2    0.000    0.000    0.010    0.005 <frozen importlib._bootstrap>:197(_call_with_frames_removed)
     1932    0.010    0.000    0.010    0.000 {method 'finditer' of '_sre.SRE_Pattern' objects}
        1    0.000    0.000    0.010    0.010 idna.py:3(<module>)
       93    0.001    0.000    0.009    0.000 shutil.py:78(_samefile)
        5    0.009    0.002    0.009    0.002 tempfile.py:467(__init__)
    15617    0.009    0.000    0.009    0.000 {built-in method builtins.chr}
     1306    0.009    0.000    0.009    0.000 {method 'union' of 'frozenset' objects}
       20    0.000    0.000    0.008    0.000 sre_parse.py:845(parse)
      261    0.004    0.000    0.008    0.000 escape_codes.py:58(parse_colors)
      966    0.007    0.000    0.008    0.000 iostream.py:285(_is_master_process)
       93    0.005    0.000    0.008    0.000 genericpath.py:94(samefile)
    35/20    0.000    0.000    0.007    0.000 sre_parse.py:407(_parse_sub)
    94/20    0.002    0.000    0.007    0.000 sre_parse.py:469(_parse)
        1    0.000    0.000    0.006    0.006 {built-in method _codecs.lookup}
      261    0.004    0.000    0.005    0.000 colorlog.py:48(__init__)
     3832    0.005    0.000    0.005    0.000 py.py:19(__contains__)
      222    0.003    0.000    0.005    0.000 tweetStream.py:28(__str__)
        3    0.000    0.000    0.004    0.001 <frozen importlib._bootstrap_external>:485(_compile_bytecode)
        3    0.004    0.001    0.004    0.001 {built-in method marshal.loads}
        4    0.002    0.001    0.004    0.001 client.py:1473(__init__)
        1    0.003    0.003    0.003    0.003 {built-in method _posixsubprocess.fork_exec}
        5    0.001    0.000    0.003    0.001 tempfile.py:449(__del__)
       20    0.000    0.000    0.003    0.000 sre_compile.py:482(_compile_info)
      261    0.003    0.000    0.003    0.000 colorlog.py:57(__getattr__)
       35    0.002    0.000    0.002    0.000 {built-in method builtins.__build_class__}
      522    0.002    0.000    0.002    0.000 escape_codes.py:60(<genexpr>)
        1    0.000    0.000    0.002    0.002 html5parser.py:351(getPhases)
      945    0.001    0.000    0.002    0.000 sre_parse.py:163(__getitem__)
        5    0.000    0.000    0.002    0.000 tempfile.py:439(close)
      222    0.002    0.000    0.002    0.000 tweetStream.py:37(size)
      904    0.001    0.000    0.002    0.000 sre_parse.py:253(get)
   129/34    0.001    0.000    0.001    0.000 sre_parse.py:173(getwidth)
        4    0.001    0.000    0.001    0.000 client.py:1461(__init__)
     1153    0.001    0.000    0.001    0.000 sre_parse.py:232(__next)
      522    0.001    0.000    0.001    0.000 ansitowin32.py:36(__getattr__)
       10    0.000    0.000    0.001    0.000 sre_compile.py:223(_compile_charset)
       10    0.001    0.000    0.001    0.000 sre_compile.py:250(_optimize_charset)
      222    0.000    0.000    0.001    0.000 dictionnary.py:125(update_file_list)
       10    0.000    0.000    0.001    0.000 request.py:446(add_handler)
       68    0.000    0.000    0.001    0.000 sre_parse.py:294(_class_escape)
      222    0.001    0.000    0.001    0.000 tweetStream.py:31(__iter__)
       93    0.001    0.000    0.001    0.000 {built-in method _stat.S_ISFIFO}
      801    0.001    0.000    0.001    0.000 sre_parse.py:171(append)
      106    0.001    0.000    0.001    0.000 codecs.py:185(__init__)
      757    0.001    0.000    0.001    0.000 {built-in method _sre.getlower}
       20    0.000    0.000    0.000    0.000 sre_parse.py:829(fix_flags)
       54    0.000    0.000    0.000    0.000 enum.py:791(__or__)
       68    0.000    0.000    0.000    0.000 sre_parse.py:257(getwhile)
      522    0.000    0.000    0.000    0.000 ansitowin32.py:178(convert_ansi)
      5/3    0.000    0.000    0.000    0.000 abc.py:194(__subclasscheck__)
        1    0.000    0.000    0.000    0.000 request.py:2463(getproxies_environment)
        1    0.000    0.000    0.000    0.000 cp1252.py:3(<module>)
      219    0.000    0.000    0.000    0.000 sre_parse.py:248(match)
      522    0.000    0.000    0.000    0.000 {method 'span' of '_sre.SRE_Match' objects}
       46    0.000    0.000    0.000    0.000 _collections_abc.py:742(__iter__)
       10    0.000    0.000    0.000    0.000 {built-in method builtins.dir}
        3    0.000    0.000    0.000    0.000 <frozen importlib._bootstrap>:553(module_from_spec)
        1    0.000    0.000    0.000    0.000 html5parser.py:385(Phase)
        1    0.000    0.000    0.000    0.000 stringprep.py:6(<module>)
        2    0.000    0.000    0.000    0.000 range.py:162(_data)
       22    0.000    0.000    0.000    0.000 sre_parse.py:223(__init__)
        3    0.000    0.000    0.000    0.000 <frozen importlib._bootstrap>:493(_init_module_attrs)
       45    0.000    0.000    0.000    0.000 os.py:664(__getitem__)
        1    0.000    0.000    0.000    0.000 shlex.py:300(split)
      115    0.000    0.000    0.000    0.000 sre_parse.py:111(__init__)
        1    0.000    0.000    0.000    0.000 six.py:800(with_metaclass)
        5    0.000    0.000    0.000    0.000 sre_compile.py:376(_mk_bitmap)
        9    0.000    0.000    0.000    0.000 {method 'flush' of '_io.BufferedReader' objects}
        6    0.000    0.000    0.000    0.000 _inputstream.py:334(<listcomp>)
        6    0.000    0.000    0.000    0.000 shlex.py:294(__next__)
       20    0.000    0.000    0.000    0.000 {built-in method _sre.compile}
        6    0.000    0.000    0.000    0.000 shlex.py:97(get_token)
        6    0.000    0.000    0.000    0.000 <frozen importlib._bootstrap_external>:263(cache_from_source)
        6    0.000    0.000    0.000    0.000 shlex.py:129(read_token)
       69    0.000    0.000    0.000    0.000 sre_parse.py:285(tell)
        2    0.000    0.000    0.000    0.000 range.py:166(_int64index)
        6    0.000    0.000    0.000    0.000 <frozen importlib._bootstrap>:389(cached)
        3    0.000    0.000    0.000    0.000 <frozen importlib._bootstrap_external>:430(_validate_bytecode_header)
        5    0.000    0.000    0.000    0.000 _weakrefset.py:58(__iter__)
        3    0.000    0.000    0.000    0.000 <frozen importlib._bootstrap_external>:361(_get_cached)
        5    0.000    0.000    0.000    0.000 sre_compile.py:378(<listcomp>)
        2    0.000    0.000    0.000    0.000 re.py:314(_compile_repl)
        2    0.000    0.000    0.000    0.000 numeric.py:28(__new__)
       46    0.000    0.000    0.000    0.000 os.py:687(__iter__)
        2    0.000    0.000    0.000    0.000 sre_parse.py:877(parse_template)
       88    0.000    0.000    0.000    0.000 os.py:744(decode)
        1    0.000    0.000    0.000    0.000 html5parser.py:869(InBodyPhase)
        3    0.000    0.000    0.000    0.000 {method 'read' of '_io.FileIO' objects}
       40    0.000    0.000    0.000    0.000 sre_compile.py:539(isstring)
       45    0.000    0.000    0.000    0.000 os.py:740(encode)
       65    0.000    0.000    0.000    0.000 sre_parse.py:159(__len__)
       20    0.000    0.000    0.000    0.000 sre_parse.py:76(__init__)
        3    0.000    0.000    0.000    0.000 <frozen importlib._bootstrap>:304(__exit__)
        3    0.000    0.000    0.000    0.000 <frozen importlib._bootstrap_external>:1228(_get_spec)
        3    0.000    0.000    0.000    0.000 <frozen importlib._bootstrap_external>:94(_path_isfile)
        1    0.000    0.000    0.000    0.000 six.py:91(__get__)
        1    0.000    0.000    0.000    0.000 six.py:807(__new__)
        5    0.000    0.000    0.000    0.000 tempfile.py:424(__init__)
        1    0.000    0.000    0.000    0.000 {built-in method posix.getcwd}
       48    0.000    0.000    0.000    0.000 sre_parse.py:81(groups)
       50    0.000    0.000    0.000    0.000 {method 'find' of 'bytearray' objects}
        3    0.000    0.000    0.000    0.000 <frozen importlib._bootstrap_external>:85(_path_is_mode_type)
       10    0.000    0.000    0.000    0.000 sre_compile.py:388(_simple)
        4    0.000    0.000    0.000    0.000 sre_parse.py:96(closegroup)
        3    0.000    0.000    0.000    0.000 <frozen importlib._bootstrap_external>:840(path_stats)
        1    0.000    0.000    0.000    0.000 html5parser.py:1815(InCaptionPhase)
        9    0.000    0.000    0.000    0.000 {built-in method _bisect.insort}
        2    0.000    0.000    0.000    0.000 __init__.py:43(normalize_encoding)
        1    0.000    0.000    0.000    0.000 html5parser.py:2354(InForeignContentPhase)
        4    0.000    0.000    0.000    0.000 {built-in method posix.close}
        2    0.000    0.000    0.000    0.000 sre_compile.py:381(_bytes_to_codes)
        2    0.000    0.000    0.000    0.000 typing.py:850(__extrahook__)
        3    0.000    0.000    0.000    0.000 <frozen importlib._bootstrap_external>:524(spec_from_file_location)
        2    0.000    0.000    0.000    0.000 copyreg.py:96(_slotnames)
        1    0.000    0.000    0.000    0.000 six.py:159(_resolve)
        5    0.000    0.000    0.000    0.000 _weakrefset.py:26(__exit__)
     11/9    0.000    0.000    0.000    0.000 sre_compile.py:414(_get_literal_prefix)
        1    0.000    0.000    0.000    0.000 html5parser.py:1592(TextPhase)
        4    0.000    0.000    0.000    0.000 _collections_abc.py:406(__subclasshook__)
        1    0.000    0.000    0.000    0.000 html5parser.py:2215(InSelectPhase)
        6    0.000    0.000    0.000    0.000 <frozen importlib._bootstrap_external>:52(_r_long)
        1    0.000    0.000    0.000    0.000 subprocess.py:1144(_get_handles)
        5    0.000    0.000    0.000    0.000 error.py:72(headers)
        3    0.000    0.000    0.000    0.000 _weakrefset.py:36(__init__)
        3    0.000    0.000    0.000    0.000 {built-in method posix.pipe}
        1    0.000    0.000    0.000    0.000 html5parser.py:635(InHeadPhase)
        1    0.000    0.000    0.000    0.000 html5parser.py:1952(InTableBodyPhase)
       16    0.000    0.000    0.000    0.000 request.py:622(__lt__)
        8    0.000    0.000    0.000    0.000 sre_compile.py:441(_get_charset_prefix)
        4    0.000    0.000    0.000    0.000 sre_parse.py:84(opengroup)
        1    0.000    0.000    0.000    0.000 html5parser.py:426(InitialPhase)
        1    0.000    0.000    0.000    0.000 html5parser.py:554(BeforeHtmlPhase)
        1    0.000    0.000    0.000    0.000 idna.py:300(getregentry)
        1    0.000    0.000    0.000    0.000 html5parser.py:802(AfterHeadPhase)
        1    0.000    0.000    0.000    0.000 html5parser.py:1770(InTableTextPhase)
        1    0.000    0.000    0.000    0.000 cp1252.py:33(getregentry)
        6    0.000    0.000    0.000    0.000 <frozen importlib._bootstrap_external>:63(_path_split)
        2    0.000    0.000    0.000    0.000 codecs.py:93(__new__)
        5    0.000    0.000    0.000    0.000 _weakrefset.py:20(__enter__)
        1    0.000    0.000    0.000    0.000 html5parser.py:2315(InSelectInTablePhase)
        1    0.000    0.000    0.000    0.000 six.py:80(_import_module)
        1    0.000    0.000    0.000    0.000 shlex.py:21(__init__)
        3    0.000    0.000    0.000    0.000 {built-in method builtins.any}
        9    0.000    0.000    0.000    0.000 request.py:615(add_parent)
        3    0.000    0.000    0.000    0.000 {built-in method builtins.setattr}
        3    0.000    0.000    0.000    0.000 <frozen importlib._bootstrap>:297(__enter__)
        2    0.000    0.000    0.000    0.000 _collections_abc.py:676(items)
        1    0.000    0.000    0.000    0.000 html5parser.py:1625(InTablePhase)
        4    0.000    0.000    0.000    0.000 {built-in method builtins.repr}
        4    0.000    0.000    0.000    0.000 _collections_abc.py:72(_check_methods)
        4    0.000    0.000    0.000    0.000 sre_parse.py:886(addgroup)
        3    0.000    0.000    0.000    0.000 <frozen importlib._bootstrap_external>:393(_check_name_wrapper)
        1    0.000    0.000    0.000    0.000 posixpath.py:152(dirname)
        1    0.000    0.000    0.000    0.000 request.py:435(__init__)
        5    0.000    0.000    0.000    0.000 {method 'translate' of 'bytearray' objects}
        3    0.000    0.000    0.000    0.000 {built-in method _imp._fix_co_filename}
        5    0.000    0.000    0.000    0.000 _weakrefset.py:16(__init__)
        1    0.000    0.000    0.000    0.000 html5parser.py:738(InHeadNoscriptPhase)
        1    0.000    0.000    0.000    0.000 html5parser.py:2050(InRowPhase)
        6    0.000    0.000    0.000    0.000 {built-in method from_bytes}
        3    0.000    0.000    0.000    0.000 <frozen importlib._bootstrap>:35(_new_module)
        1    0.000    0.000    0.000    0.000 _collections_abc.py:664(__contains__)
        1    0.000    0.000    0.000    0.000 html5parser.py:2516(InFramesetPhase)
        1    0.000    0.000    0.000    0.000 request.py:1354(__init__)
        2    0.000    0.000    0.000    0.000 {method 'tolist' of 'memoryview' objects}
        1    0.000    0.000    0.000    0.000 {built-in method _codecs.charmap_build}
        1    0.000    0.000    0.000    0.000 os.py:792(fsencode)
        3    0.000    0.000    0.000    0.000 <frozen importlib._bootstrap_external>:800(__init__)
        5    0.000    0.000    0.000    0.000 _weakrefset.py:52(_commit_removals)
        1    0.000    0.000    0.000    0.000 sre_compile.py:393(_generate_overlap_table)
       10    0.000    0.000    0.000    0.000 sre_parse.py:167(__setitem__)
        2    0.000    0.000    0.000    0.000 typing.py:830(_valid_for_check)
        2    0.000    0.000    0.000    0.000 {method 'get' of 'mappingproxy' objects}
       12    0.000    0.000    0.000    0.000 <frozen importlib._bootstrap>:307(<genexpr>)
        4    0.000    0.000    0.000    0.000 typing.py:1010(__eq__)
        1    0.000    0.000    0.000    0.000 html5parser.py:589(BeforeHeadPhase)
        1    0.000    0.000    0.000    0.000 html5parser.py:2648(AfterAfterFramesetPhase)
        2    0.000    0.000    0.000    0.000 {method 'cast' of 'memoryview' objects}
        7    0.000    0.000    0.000    0.000 {method '__subclasses__' of 'type' objects}
        3    0.000    0.000    0.000    0.000 <frozen importlib._bootstrap>:293(__init__)
        2    0.000    0.000    0.000    0.000 _collections_abc.py:698(__init__)
        1    0.000    0.000    0.000    0.000 six.py:805(metaclass)
        1    0.000    0.000    0.000    0.000 html5parser.py:1886(InColumnGroupPhase)
        1    0.000    0.000    0.000    0.000 html5parser.py:2139(InCellPhase)
        1    0.000    0.000    0.000    0.000 html5parser.py:2469(AfterBodyPhase)
        1    0.000    0.000    0.000    0.000 html5parser.py:2610(AfterAfterBodyPhase)
        1    0.000    0.000    0.000    0.000 __init__.py:124(__init__)
        5    0.000    0.000    0.000    0.000 {method 'remove' of 'set' objects}
       16    0.000    0.000    0.000    0.000 {method 'isalnum' of 'str' objects}
        1    0.000    0.000    0.000    0.000 {built-in method builtins.delattr}
        1    0.000    0.000    0.000    0.000 html5parser.py:2573(AfterFramesetPhase)
        1    0.000    0.000    0.000    0.000 {method 'rfind' of 'bytes' objects}
        1    0.000    0.000    0.000    0.000 {built-in method builtins.sorted}
        1    0.000    0.000    0.000    0.000 {built-in method _imp.is_builtin}
        3    0.000    0.000    0.000    0.000 <frozen importlib._bootstrap>:410(has_location)
        3    0.000    0.000    0.000    0.000 <frozen importlib._bootstrap_external>:825(get_filename)
        1    0.000    0.000    0.000    0.000 subprocess.py:203(_cleanup)
        2    0.000    0.000    0.000    0.000 request.py:1227(__init__)
        1    0.000    0.000    0.000    0.000 idna.py:146(Codec)
        1    0.000    0.000    0.000    0.000 cp1252.py:9(Codec)
        1    0.000    0.000    0.000    0.000 cp1252.py:17(IncrementalEncoder)
        1    0.000    0.000    0.000    0.000 {method '__subclasshook__' of 'object' objects}
        3    0.000    0.000    0.000    0.000 <frozen importlib._bootstrap_external>:669(create_module)
        1    0.000    0.000    0.000    0.000 html5parser.py:378(getMetaclass)
        1    0.000    0.000    0.000    0.000 idna.py:218(IncrementalEncoder)
        1    0.000    0.000    0.000    0.000 idna.py:253(IncrementalDecoder)
        1    0.000    0.000    0.000    0.000 cp1252.py:21(IncrementalDecoder)
        1    0.000    0.000    0.000    0.000 shlex.py:291(__iter__)
        1    0.000    0.000    0.000    0.000 {method 'disable' of '_lsprof.Profiler' objects}
        1    0.000    0.000    0.000    0.000 idna.py:292(StreamWriter)
        1    0.000    0.000    0.000    0.000 idna.py:295(StreamReader)
        1    0.000    0.000    0.000    0.000 cp1252.py:25(StreamWriter)
        1    0.000    0.000    0.000    0.000 cp1252.py:28(StreamReader)