         7589360063 function calls (7481158152 primitive calls) in 17667.493 seconds

   Ordered by: cumulative time

   ncalls  tottime  percall  cumtime  percall filename:lineno(function)
        1    0.005    0.005 17667.493 17667.493 {built-in method builtins.exec}
        1   10.390   10.390 17667.488 17667.488 <string>:2(<module>)
        6    8.610    1.435 14525.558 2420.926 frame.py:4065(apply)
        6   12.967    2.161 14516.947 2419.491 frame.py:4182(_apply_standard)
   604342   90.770    0.000 13050.239    0.022 tweetProcessor.py:65(process)
   604342   61.293    0.000 6836.312    0.011 tweetProcessor.py:399(score)
        6    4.398    0.733 3049.276  508.213 groupby.py:633(apply)
        6    0.017    0.003 3044.874  507.479 groupby.py:696(_python_apply_general)
  1208684   44.216    0.000 2660.955    0.002 tweetProcessor.py:240(tag)
   604342 2588.454    0.004 2588.454    0.004 {method 'findall' of '_regex.Pattern' objects}
  1208684  141.934    0.000 2587.402    0.002 treetaggerwrapper.py:1240(tag_text)
        6    1.683    0.281 2443.014  407.169 groupby.py:1585(apply)
        6    0.000    0.000 1976.729  329.455 groupby.py:4054(fast_apply)
        6    4.226    0.704 1972.268  328.711 {pandas.lib.apply_frame_axis0}
   179433    0.362    0.000 1847.105    0.010 <string>:22(<lambda>)
   179433    9.678    0.000 1846.743    0.010 <ipython-input-2-11ad5caad0fb>:9(propagate_score)
   656194   48.356    0.000 1575.962    0.002 groupby.py:3872(count)
  9013071  120.758    0.000 1487.418    0.000 series.py:135(__init__)
 35445533 1364.432    0.000 1364.432    0.000 {method 'readline' of '_io._IOBase' objects}
   604357    5.704    0.000 1341.598    0.002 merge.py:1396(concat)
  3729804   39.444    0.000 1238.110    0.000 frame.py:2035(__getitem__)
  1208684   19.350    0.000 1145.345    0.001 series.py:2440(isin)
 16035952   62.470    0.000 1099.359    0.000 series.py:600(__getitem__)
  5471346   39.881    0.000 1084.387    0.000 frame.py:252(__init__)
  2892872   34.945    0.000 1070.520    0.000 generic.py:2224(reindex)
  2648683   27.951    0.000 1017.672    0.000 internals.py:3813(reindex_indexer)
  1208684   17.182    0.000  973.212    0.001 algorithms.py:115(isin)
  1208696   17.219    0.000  958.963    0.001 frame.py:2078(_getitem_array)
  1208684    6.580    0.000  924.118    0.001 algorithms.py:161(<lambda>)
  1208684  917.537    0.001  917.537    0.001 {pandas.lib.ismember}
   848567   31.493    0.000  869.465    0.001 tweetProcessor.py:263(candidate_reference)
  3999533   17.364    0.000  861.449    0.000 __init__.py:1291(info)
10712791/7796978  185.501    0.000  846.431    0.000 base.py:142(__new__)
  4000170   18.730    0.000  837.204    0.000 __init__.py:1414(_log)
  1208705   28.882    0.000  833.283    0.001 generic.py:1650(take)
   656194    5.669    0.000  778.997    0.001 groupby.py:3747(_get_data_to_aggregate)
   656194    3.130    0.000  770.977    0.001 base.py:317(_obj_with_exclusions)
   656194   15.182    0.000  767.694    0.001 generic.py:1876(drop)
1445615174/1445614988  519.856    0.000  756.937    0.000 {built-in method builtins.isinstance}
   604342    4.888    0.000  752.504    0.001 series.py:1530(append)
   358860    6.036    0.000  744.098    0.002 frame.py:3852(first_valid_index)
  9277041  127.827    0.000  720.781    0.000 algorithms.py:1010(take_nd)
   604357   26.802    0.000  698.590    0.001 merge.py:1460(__init__)
  1208708   24.333    0.000  680.586    0.001 internals.py:3943(take)
   835627    5.725    0.000  668.605    0.001 frame.py:2818(reindex)
   783787    4.942    0.000  652.668    0.001 frame.py:5391(_arrays_to_mgr)
   604357   11.712    0.000  637.304    0.001 merge.py:1599(get_result)
  1439975   24.135    0.000  612.157    0.000 generic.py:2350(_reindex_with_indexers)
  1553350   29.613    0.000  610.170    0.000 internals.py:2978(apply)
  5725539   43.468    0.000  607.625    0.000 internals.py:2745(__init__)
  1208684   42.064    0.000  606.462    0.001 treetaggerwrapper.py:1454(_prepare_text)
        6    0.003    0.000  601.844  100.307 groupby.py:3301(_wrap_applied_output)
        6    0.344    0.057  601.838  100.306 groupby.py:845(_concat_objects)
   604360    7.088    0.000  593.118    0.001 frame.py:349(_init_dict)
   358860    6.695    0.000  590.610    0.002 frame.py:4846(count)
   835627    5.853    0.000  580.671    0.001 frame.py:2755(_reindex_axes)
   835627    5.530    0.000  574.819    0.001 frame.py:2780(_reindex_columns)
  4000170   11.071    0.000  570.812    0.000 __init__.py:1439(handle)
   179448    2.789    0.000  561.079    0.003 internals.py:4807(concatenate_block_managers)
1913940/1300881    8.755    0.000  556.305    0.000 indexing.py:1302(__getitem__)
  4000170   24.371    0.000  555.696    0.000 __init__.py:1493(callHandlers)
  7455297   59.703    0.000  532.827    0.000 series.py:2817(_sanitize_array)
  4000808   16.118    0.000  531.324    0.000 __init__.py:845(handle)
  4693075   35.587    0.000  517.339    0.000 internals.py:1001(take_nd)
   604342    6.874    0.000  511.864    0.001 series.py:646(_get_with)
  4000170   13.987    0.000  497.827    0.000 handlers.py:63(emit)
 16035952   80.115    0.000  493.890    0.000 base.py:2146(get_value)
162192955  215.748    0.000  479.208    0.000 dtypes.py:74(is_dtype)
   604342    3.016    0.000  474.402    0.001 indexing.py:74(__getitem__)
   604342    5.874    0.000  470.808    0.001 indexing.py:999(_getitem_axis)
  7174243  179.864    0.000  450.197    0.000 internals.py:2841(_rebuild_blknos_and_blklocs)
   179448    7.065    0.000  441.619    0.002 internals.py:4823(<listcomp>)
 21199444  115.079    0.000  439.101    0.000 internals.py:2649(make_block)
   604342   12.608    0.000  437.271    0.001 indexing.py:1034(_getitem_iterable)
   656194   10.782    0.000  419.995    0.001 groupby.py:3787(_wrap_agged_blocks)
  2057245    7.910    0.000  415.551    0.000 series.py:2360(reindex)
  1439969   28.247    0.000  404.667    0.000 internals.py:3856(_slice_take_blocks_ax0)
   717816    3.523    0.000  392.144    0.001 internals.py:4910(concatenate_join_units)
   604342    3.320    0.000  384.183    0.001 tweetProcessor.py:387(remove_emojis)
6651596/5216156    6.737    0.000  382.229    0.000 missing.py:27(isnull)
   254199    0.370    0.000  379.347    0.001 <string>:18(<lambda>)
   254199    4.820    0.000  378.977    0.001 <ipython-input-2-11ad5caad0fb>:1(propagate_candidates)
   358860    1.403    0.000  378.505    0.001 missing.py:186(notnull)
6651596/5216156   17.994    0.000  376.616    0.000 missing.py:48(_isnull_new)
  8010839   14.947    0.000  364.305    0.000 internals.py:3529(_consolidate_inplace)
  7201104   25.931    0.000  361.389    0.000 series.py:2834(_try_cast)
  2765324   10.452    0.000  351.150    0.000 series.py:252(from_array)
 12122112  323.219    0.000  336.336    0.000 {method 'sub' of '_sre.SRE_Pattern' objects}
  1208684   19.427    0.000  334.383    0.000 threading.py:828(start)
  1623332  123.293    0.000  334.203    0.000 treetaggerwrapper.py:1593(_prepare_part)
   783787    6.161    0.000  333.984    0.000 internals.py:4259(create_block_manager_from_arrays)
 10167956   39.677    0.000  329.989    0.000 base.py:1643(equals)
  1208714    9.037    0.000  329.587    0.000 internals.py:3848(<listcomp>)
  1151340    8.189    0.000  324.537    0.000 indexing.py:1447(_getitem_axis)
   613059    9.465    0.000  318.891    0.001 indexing.py:894(_getitem_lowerdim)
   604342    3.077    0.000  310.145    0.001 series.py:2376(reindex_axis)
 47610944   43.527    0.000  305.813    0.000 common.py:69(is_datetimetz)
  1452915    8.339    0.000  298.066    0.000 frame.py:4223(<genexpr>)
 73591376   63.278    0.000  296.755    0.000 common.py:102(is_categorical_dtype)
475265154/378588177  195.118    0.000  282.000    0.000 {built-in method builtins.len}
   179433    0.455    0.000  280.552    0.002 frame.py:4437(join)
   179433    1.593    0.000  280.096    0.002 frame.py:4557(_join_compat)
   179433    1.223    0.000  277.647    0.002 merge.py:53(merge)
   358860    1.937    0.000  274.209    0.001 internals.py:3155(isnull)
   179433    4.280    0.000  270.706    0.002 merge.py:545(get_result)
 94136418  167.290    0.000  265.557    0.000 common.py:357(_get_dtype_type)
269717013/269103954  208.797    0.000  262.286    0.000 {built-in method builtins.getattr}
   604342    6.084    0.000  261.450    0.000 generic.py:2261(_reindex_axes)
297700731  249.177    0.000  260.174    0.000 {built-in method builtins.hasattr}
   656200    5.748    0.000  257.720    0.000 generic.py:3079(_convert)
  1448698   17.881    0.000  256.537    0.000 internals.py:4511(_consolidate)
   783787   31.106    0.000  255.097    0.000 internals.py:4270(form_blocks)
  1151340    2.645    0.000  251.118    0.000 indexing.py:89(_get_label)
  9013071   41.016    0.000  251.090    0.000 internals.py:4031(__init__)
  1151340   19.159    0.000  248.162    0.000 generic.py:1679(xs)
   656200    3.133    0.000  242.311    0.000 internals.py:3191(convert)
  4000170   28.052    0.000  240.710    0.000 handlers.py:177(shouldRollover)
  4000170    6.547    0.000  240.490    0.000 __init__.py:1056(emit)
 70172540   46.362    0.000  239.793    0.000 common.py:89(is_datetime64tz_dtype)
  8000978   10.655    0.000  238.944    0.000 __init__.py:822(format)
  4000808   15.306    0.000  236.092    0.000 __init__.py:975(emit)
168076546   99.753    0.000  232.369    0.000 generic.py:7(_check)
  6964282   51.566    0.000  230.556    0.000 cast.py:765(_possibly_cast_to_datetime)
  7605781   61.601    0.000  230.143    0.000 cast.py:227(_maybe_promote)
  8000978   39.387    0.000  228.246    0.000 __init__.py:557(format)
   656200   10.477    0.000  222.125    0.000 generic.py:3937(groupby)
   656194   10.630    0.000  221.371    0.000 base.py:3242(drop)
  2455035   29.894    0.000  216.427    0.000 base.py:2217(get_indexer)
   656200    2.418    0.000  213.306    0.000 groupby.py:1678(group_info)
  1439975   13.427    0.000  211.886    0.000 base.py:2496(reindex)
 56365703   59.606    0.000  211.488    0.000 {pandas.lib.values_from_object}
   656200    4.621    0.000  210.537    0.000 groupby.py:1686(_get_compressed_labels)
   358860    0.701    0.000  209.785    0.001 indexing.py:794(_getitem_tuple)
   179427    3.638    0.000  207.172    0.001 frame.py:5497(_to_arrays)
   656200    3.576    0.000  206.692    0.000 groupby.py:1502(groupby)
   604357    5.367    0.000  203.464    0.000 merge.py:1664(_get_new_axes)
   783790   10.258    0.000  203.298    0.000 base.py:1440(append)
86229752/84662193  184.445    0.000  203.184    0.000 {built-in method numpy.core.multiarray.array}
  2570182   41.697    0.000  202.480    0.000 internals.py:4528(_merge_blocks)
 11973291   67.115    0.000  202.265    0.000 common.py:365(_asarray_tuplesafe)
   656200   12.333    0.000  201.983    0.000 groupby.py:341(__init__)
   656200    2.034    0.000  201.976    0.000 groupby.py:1687(<listcomp>)
   179427   10.358    0.000  201.597    0.001 frame.py:5601(_list_of_series_to_arrays)
   656022  201.077    0.000  201.077    0.000 {method 'findall' of '_sre.SRE_Pattern' objects}
  1312400    2.187    0.000  200.301    0.000 groupby.py:2315(labels)
 27953665   23.328    0.000  199.139    0.000 base.py:3637(_ensure_index)
   656200    6.657    0.000  198.114    0.000 groupby.py:2327(_make_labels)
   604342    9.681    0.000  197.921    0.000 tweetProcessor.py:292(correct)
  4000170   12.896    0.000  194.723    0.000 __init__.py:1399(makeRecord)
  1210610   13.604    0.000  192.492    0.000 threading.py:533(wait)
  4587370   54.158    0.000  191.639    0.000 missing.py:120(_isnull_ndarraylike)
 13359866  189.254    0.000  189.254    0.000 {method 'search' of '_sre.SRE_Pattern' objects}
  2521105    8.625    0.000  188.956    0.000 frame.py:2061(_getitem_column)
 21199444   70.464    0.000  188.788    0.000 internals.py:96(__init__)
  8269189   11.602    0.000  184.350    0.000 generic.py:2795(_consolidate_inplace)
  4000170   92.355    0.000  181.827    0.000 __init__.py:246(__init__)
  2521105   11.906    0.000  179.541    0.000 generic.py:1381(_get_item_cache)
  8986927   20.177    0.000  177.744    0.000 generic.py:2785(_protect_consolidate)
   656200   20.165    0.000  176.786    0.000 groupby.py:2340(_get_grouper)
   717816   28.768    0.000  175.813    0.000 internals.py:4830(get_empty_dtype_and_na)
   762600    3.345    0.000  175.433    0.000 indexing.py:1599(_getitem_axis)
  1209821   15.980    0.000  172.617    0.000 threading.py:263(wait)
   604357    3.975    0.000  171.674    0.000 merge.py:1700(_get_concat_axis)
   604342   12.160    0.000  171.452    0.000 tweetProcessor.py:116(remove_user_mentions_hashtags)
 40161548   23.197    0.000  170.945    0.000 numeric.py:463(asarray)
 22320734   65.756    0.000  167.669    0.000 internals.py:2786(shape)
   604357    2.280    0.000  165.507    0.000 merge.py:1756(_concat_indexes)
 23267978   24.480    0.000  164.917    0.000 common.py:64(is_categorical)
   783787    9.512    0.000  164.393    0.000 frame.py:5689(_homogenize)
   179433    2.033    0.000  162.821    0.001 generic.py:2387(filter)
   604342   10.072    0.000  157.348    0.000 tweetProcessor.py:359(remove_candidates_names)
   358860    2.862    0.000  156.638    0.000 generic.py:5618(stat_func)
 23888318   85.659    0.000  153.817    0.000 generic.py:2746(__setattr__)
   717816    3.613    0.000  153.010    0.000 internals.py:4920(<listcomp>)
  8269189   19.511    0.000  150.309    0.000 generic.py:2798(f)
  6056322  150.074    0.000  150.074    0.000 {method 'acquire' of '_thread.lock' objects}
   358860    4.640    0.000  149.646    0.000 frame.py:4928(_reduce)
  2960736   12.991    0.000  149.397    0.000 internals.py:5170(get_reindexed_values)
   604348    5.746    0.000  148.095    0.000 frame.py:5411(extract_index)
 25960966   28.390    0.000  143.527    0.000 common.py:54(is_object_dtype)
  1435440   12.482    0.000  143.371    0.000 internals.py:346(apply)
  4834736   16.041    0.000  142.803    0.000 treetaggerwrapper.py:1772(build_with_callable)
  6925592   23.232    0.000  142.533    0.000 common.py:320(_coerce_to_dtype)
  1388216   26.161    0.000  139.923    0.000 concat.py:24(get_dtype_kinds)
 11828279   54.948    0.000  139.677    0.000 base.py:334(_simple_new)
 15267259   19.492    0.000  137.988    0.000 {method 'any' of 'numpy.ndarray' objects}
 13267990  133.448    0.000  137.228    0.000 {pandas.lib.infer_dtype}
  8041161   36.029    0.000  133.138    0.000 missing.py:245(array_equivalent)
   254199    1.282    0.000  132.031    0.001 frame.py:2405(__setitem__)
101656952  130.880    0.000  130.880    0.000 {method 'match' of '_sre.SRE_Pattern' objects}
 18778453  128.986    0.000  128.986    0.000 {method 'reduce' of 'numpy.ufunc' objects}
   254199    1.409    0.000  128.126    0.001 frame.py:2473(_set_item)
   656203   22.919    0.000  127.012    0.000 algorithms.py:264(factorize)
  8575654   26.904    0.000  126.935    0.000 internals.py:208(make_block_same_class)
  8000340   33.128    0.000  125.066    0.000 __init__.py:490(formatTime)
  1208684  123.307    0.000  123.307    0.000 {built-in method _thread.start_new_thread}
  6500782   13.177    0.000  122.479    0.000 common.py:301(is_extension_type)
   179430    1.449    0.000  120.093    0.001 generic.py:3057(copy)
 56534756   34.186    0.000  119.990    0.000 <frozen importlib._bootstrap>:989(_handle_fromlist)
   254199    0.514    0.000  119.938    0.000 indexing.py:1558(_getitem_tuple)
  2892872   13.182    0.000  119.530    0.000 generic.py:2244(<listcomp>)
  9237426   46.407    0.000  119.436    0.000 internals.py:1811(__init__)
  4031320   18.357    0.000  119.296    0.000 base.py:371(_shallow_copy)
  4000808   14.362    0.000  119.011    0.000 __init__.py:964(flush)
 15267793   11.516    0.000  118.509    0.000 _methods.py:37(_any)
   358866    6.578    0.000  118.225    0.000 ops.py:803(wrapper)
   783781    3.083    0.000  115.935    0.000 base.py:1478(_append_same_dtype)
   179430    1.111    0.000  115.875    0.001 internals.py:3364(copy)
  6043083   19.690    0.000  115.665    0.000 treetaggerwrapper.py:2001(split_on_regexp)
  1642328    2.179    0.000  114.829    0.000 generic.py:2803(consolidate)
 20708027   18.866    0.000  113.931    0.000 series.py:391(get_values)
  8269189    9.605    0.000  113.227    0.000 internals.py:3513(consolidate)
 18787905   17.135    0.000  112.867    0.000 common.py:98(is_period_dtype)
   783781   10.727    0.000  112.853    0.000 concat.py:392(_concat_index_asobject)
 17695690   37.319    0.000  110.255    0.000 base.py:1131(_convert_scalar_indexer)
  3501492   28.471    0.000  108.490    0.000 cast.py:672(_possibly_infer_to_datetimelike)
   254199    0.910    0.000  107.993    0.000 generic.py:1499(_set_item)
  3462796    6.741    0.000  106.843    0.000 generic.py:131(_validate_dtype)
   254199    2.492    0.000  106.618    0.000 internals.py:3636(set)
  4276844   34.184    0.000  105.509    0.000 internals.py:2966(_verify_integrity)
   604426    5.352    0.000  103.714    0.000 concat.py:99(_concat_compat)
  7251767  102.784    0.000  102.784    0.000 {method 'split' of '_sre.SRE_Pattern' objects}
 66357860   30.705    0.000  101.913    0.000 internals.py:2788(<genexpr>)
 28226025  100.297    0.000  100.297    0.000 {built-in method numpy.core.multiarray.empty}
  7388415    5.289    0.000   99.586    0.000 tweetProcessor.py:376(is_correctly_spelled)
  1037983    5.000    0.000   97.257    0.000 base.py:379(_shallow_copy_with_infer)
 24493202   32.358    0.000   96.948    0.000 common.py:81(is_datetime64_dtype)
 18787905   37.325    0.000   95.732    0.000 dtypes.py:347(is_dtype)
 20708027   38.854    0.000   95.065    0.000 internals.py:4177(get_values)
  2892872    5.398    0.000   95.057    0.000 base.py:1663(identical)
  7410942   94.773    0.000   94.773    0.000 {method 'spell' of 'HunSpell' objects}
       21    1.575    0.075   93.463    4.451 api.py:45(_union_indexes)
   254202    6.064    0.000   93.233    0.000 internals.py:3748(insert)
 34277425   31.474    0.000   92.346    0.000 series.py:333(dtype)
   179448    1.085    0.000   92.052    0.001 internals.py:4820(<listcomp>)
  2960736   11.065    0.000   91.832    0.000 internals.py:5141(is_null)
   792510   39.358    0.000   90.967    0.000 internals.py:4935(get_mgr_concatenation_plan)
   358863    1.611    0.000   90.419    0.000 generic.py:805(__invert__)
  4000170   90.404    0.000   90.404    0.000 {method 'flush' of '_io.TextIOWrapper' objects}
  1968582   17.853    0.000   89.513    0.000 groupby.py:3882(<genexpr>)
  9013071   42.140    0.000   85.335    0.000 series.py:286(_set_axis)
 21199471   39.160    0.000   84.879    0.000 internals.py:216(mgr_locs)
  1046679   27.270    0.000   84.111    0.000 internals.py:3481(fast_xs)
 16119764   36.938    0.000   83.804    0.000 candidate.py:35(regex)
  1312415    7.166    0.000   83.412    0.000 frame.py:2393(_box_item_values)
   508398    0.741    0.000   82.745    0.000 indexing.py:104(_get_loc)
   254199    0.850    0.000   82.187    0.000 groupby.py:4012(__iter__)
 19763116   23.645    0.000   80.248    0.000 generic.py:353(_get_axis)
  1388135   13.785    0.000   80.181    0.000 base.py:1506(take)
   254199    3.047    0.000   80.162    0.000 frame.py:1953(_ixs)
   254196    0.904    0.000   80.125    0.000 groupby.py:4067(_chop)
 15937451   10.502    0.000   79.174    0.000 common.py:59(is_sparse)
  1813026    9.266    0.000   78.407    0.000 ast.py:40(literal_eval)
  1671248    8.303    0.000   78.016    0.000 base.py:955(set_names)
   358860    1.506    0.000   76.845    0.000 frame.py:4932(f)
 32599594   24.013    0.000   75.601    0.000 __init__.py:1279(debug)
   358860    4.710    0.000   75.338    0.000 nanops.py:41(_f)
   254202    0.907    0.000   75.108    0.000 indexing.py:1587(_get_slice_axis)
90077765/90077759   54.971    0.000   75.099    0.000 base.py:491(__len__)
  9144269   12.994    0.000   73.590    0.000 common.py:106(is_string_dtype)
  1312415    8.799    0.000   73.161    0.000 internals.py:3536(get)
  8051180   10.550    0.000   73.058    0.000 common.py:170(is_datetime64_any_dtype)
  5979738   22.504    0.000   71.901    0.000 internals.py:3257(_consolidate_check)
  7558780   20.243    0.000   71.750    0.000 common.py:194(is_bool_indexer)
   179433    0.721    0.000   71.377    0.000 internals.py:4686(items_overlap_with_suffix)
   358860    2.891    0.000   70.928    0.000 generic.py:949(__array_wrap__)
   179433    4.886    0.000   70.326    0.000 base.py:1905(intersection)
   254202    0.378    0.000   70.044    0.000 indexing.py:107(_slice)
   254205    2.416    0.000   69.668    0.000 generic.py:1483(_slice)
   254202    2.267    0.000   69.416    0.000 base.py:3223(insert)
  5093950    8.538    0.000   69.057    0.000 common.py:264(needs_i8_conversion)
 16035952   67.024    0.000   67.024    0.000 {method 'get_value' of 'pandas.index.IndexEngine' objects}
  8689068   38.710    0.000   66.743    0.000 base.py:1392(__contains__)
  1312415    4.283    0.000   65.705    0.000 frame.py:2400(_box_col_values)
 20341975   21.282    0.000   64.162    0.000 common.py:93(is_timedelta64_dtype)
   656194    4.130    0.000   63.585    0.000 base.py:3213(delete)
247344113/247343945   63.133    0.000   63.137    0.000 {built-in method builtins.issubclass}
   656194    4.340    0.000   62.612    0.000 groupby.py:1707(result_index)
 21070833   18.575    0.000   62.515    0.000 series.py:386(_values)
 11828318   16.199    0.000   61.881    0.000 __init__.py:175(iteritems)
   254205    3.010    0.000   61.678    0.000 internals.py:3337(get_slice)
  1208696    6.962    0.000   61.086    0.000 indexing.py:1806(check_bool_indexer)
 34277425   37.076    0.000   60.872    0.000 internals.py:4147(dtype)
 36599765   38.921    0.000   60.770    0.000 __init__.py:1537(isEnabledFor)
 33670773   31.468    0.000   60.434    0.000 base.py:522(values)
  1208708   30.960    0.000   58.103    0.000 indexing.py:1857(maybe_convert_indices)
   179427   12.001    0.000   57.695    0.000 frame.py:5650(_convert_object_array)
 17934190   18.096    0.000   56.482    0.000 inference.py:53(is_list_like)
   358860    2.036    0.000   56.350    0.000 nanops.py:76(f)
   358866    3.782    0.000   56.231    0.000 frame.py:404(_init_ndarray)
   656194    1.384    0.000   55.534    0.000 base.py:1014(rename)
 57982975   54.511    0.000   54.511    0.000 {method 'view' of 'numpy.ndarray' objects}
  8000340   54.430    0.000   54.430    0.000 {built-in method time.strftime}
   358860    2.321    0.000   54.224    0.000 nanops.py:271(nansum)
  1452909   53.748    0.000   53.748    0.000 {pandas.lib.fast_multiget}
 14809779   31.284    0.000   53.562    0.000 series.py:322(name)
  4000170   51.789    0.000   53.298    0.000 {method 'seek' of '_io.TextIOWrapper' objects}
  4000170   26.919    0.000   52.940    0.000 __init__.py:1369(findCaller)
  2455035   41.211    0.000   52.667    0.000 {method 'get_indexer' of 'pandas.index.IndexEngine' objects}
   656200   22.484    0.000   51.453    0.000 algorithms.py:166(safe_sort)
  1628140    5.016    0.000   50.586    0.000 shape_base.py:180(vstack)
  1151340    6.595    0.000   50.169    0.000 indexing.py:1371(_has_valid_type)
  1208684   18.046    0.000   50.026    0.000 threading.py:757(__init__)
  1813026    2.709    0.000   50.011    0.000 ast.py:30(parse)
 14484417   49.910    0.000   49.910    0.000 generic.py:114(__init__)
  1448713   10.369    0.000   49.599    0.000 internals.py:4581(_vstack)
  5935271   19.489    0.000   47.765    0.000 base.py:1406(__getitem__)
  1813026   47.303    0.000   47.303    0.000 {built-in method builtins.compile}
  5979738   12.905    0.000   47.011    0.000 internals.py:3258(<listcomp>)
 20598761   32.690    0.000   46.200    0.000 generic.py:340(_get_axis_name)
  1312415   14.300    0.000   46.045    0.000 internals.py:3565(iget)
   604342   11.826    0.000   46.000    0.000 tweetProcessor.py:146(filter_words_only)
   179427    0.652    0.000   45.146    0.000 frame.py:5666(<listcomp>)
   656200   25.061    0.000   44.849    0.000 function_base.py:4538(delete)
   717708    2.107    0.000   44.494    0.000 frame.py:5660(convert)
 21070833   27.781    0.000   43.939    0.000 internals.py:4174(internal_values)
  2061847   28.375    0.000   43.803    0.000 numeric.py:660(require)
   717738    2.813    0.000   42.455    0.000 generic.py:2868(as_matrix)
   358860    3.286    0.000   42.390    0.000 generic.py:3007(astype)
   358866    2.517    0.000   41.030    0.000 internals.py:4236(create_block_manager_from_blocks)
       12    0.001    0.000   40.610    3.384 dataframe.py:10(read_csv)
       12    0.003    0.000   40.609    3.384 parsers.py:494(parser_f)
       12    0.248    0.021   40.606    3.384 parsers.py:346(_read)
  4377815    5.074    0.000   40.285    0.000 internals.py:154(get_values)
  6260127   32.797    0.000   40.146    0.000 internals.py:4663(_get_blkno_placements)
  1208684    8.034    0.000   39.822    0.000 range.py:249(_shallow_copy)
  1613650    1.468    0.000   39.771    0.000 treetaggerwrapper.py:1961(split_dns)
   254202    1.165    0.000   39.532    0.000 base.py:622(_coerce_scalar_to_index)
12187217/12187211   39.069    0.000   39.069    0.000 {built-in method builtins.iter}
  3887864   13.855    0.000   39.022    0.000 dtypes.py:221(construct_from_string)
  1202187    2.218    0.000   39.002    0.000 treetaggerwrapper.py:1984(split_url)
  9711576   10.529    0.000   38.509    0.000 common.py:292(is_bool_dtype)
 26040798   25.318    0.000   38.173    0.000 common.py:333(_get_dtype)
   179430    0.415    0.000   38.115    0.000 internals.py:3385(<listcomp>)
   358860    0.786    0.000   37.701    0.000 internals.py:3382(<lambda>)
       12    0.001    0.000   37.545    3.129 parsers.py:934(read)
  8000340   37.509    0.000   37.509    0.000 {built-in method time.localtime}
       12    0.004    0.000   37.050    3.087 parsers.py:1506(read)
   358860    2.088    0.000   36.915    0.000 base.py:652(copy)
  5227678   36.879    0.000   36.879    0.000 {built-in method numpy.core.multiarray.concatenate}
  5024064   15.462    0.000   36.714    0.000 numeric.py:2686(seterr)
        3    0.005    0.002   36.291   12.097 dataframe.py:35(to_csv)
        3    0.001    0.000   36.286   12.095 frame.py:1303(to_csv)
        3    0.002    0.001   36.282   12.094 format.py:1452(save)
 16119764   10.698    0.000   36.241    0.000 re.py:231(compile)
   358866    6.862    0.000   36.197    0.000 ops.py:749(na_op)
        3    0.060    0.020   36.145   12.048 format.py:1560(_save)
      172    0.232    0.001   36.084    0.210 format.py:1578(_save_chunk)
 16082322   11.084    0.000   35.731    0.000 base.py:527(get_values)
  6107467   25.780    0.000   35.453    0.000 base.py:606(_get_attributes_dict)
  3170006   35.337    0.000   35.337    0.000 {built-in method pandas.lib.list_to_object_array}
 20708027   15.483    0.000   35.315    0.000 internals.py:163(to_dense)
 16420890   34.871    0.000   34.871    0.000 {built-in method numpy.core.multiarray.arange}
  2266763   34.793    0.000   34.793    0.000 {pandas.algos.take_2d_axis0_int64_int64}
  2955718    9.992    0.000   34.518    0.000 function.py:37(__call__)
  2141302   34.269    0.000   34.269    0.000 {pandas.algos.take_1d_object_object}
 13025496   29.442    0.000   34.106    0.000 internals.py:301(ftype)
       12   33.999    2.833   34.023    2.835 {method 'read' of 'pandas.parser.TextReader' objects}
   717738    2.210    0.000   32.750    0.000 internals.py:3391(as_matrix)
  3317793   12.290    0.000   32.673    0.000 base.py:1339(is_all_dates)
  1628140    4.627    0.000   32.122    0.000 shape_base.py:234(<listcomp>)
  7888690   15.579    0.000   30.662    0.000 generic.py:2713(__finalize__)
  1591371   30.526    0.000   30.526    0.000 {pandas.algos.take_2d_axis1_object_object}
  1659738    5.544    0.000   30.488    0.000 indexing.py:192(_convert_scalar_indexer)
   179457    0.661    0.000   30.452    0.000 internals.py:4385(_simple_blockify)
  5452810    8.301    0.000   29.894    0.000 common.py:188(is_datetime_or_timedelta_dtype)
   358860    3.366    0.000   29.809    0.000 nanops.py:175(_get_values)
  5406317   19.685    0.000   29.552    0.000 shape_base.py:61(atleast_2d)
  9277041   19.313    0.000   29.092    0.000 algorithms.py:977(_get_take_nd_function)
  9126066   17.734    0.000   29.043    0.000 tweetProcessor.py:211(is_word)
  4000170   11.525    0.000   29.010    0.000 posixpath.py:119(splitext)
  4030375    9.044    0.000   28.877    0.000 base.py:2104(get_loc)
 54947450   28.618    0.000   28.618    0.000 {method 'get' of 'dict' objects}
  8000978    7.466    0.000   28.465    0.000 __init__.py:541(formatMessage)
 12148195   28.380    0.000   28.380    0.000 generic.py:2730(__getattr__)
  3611918   11.018    0.000   28.376    0.000 validators.py:129(validate_kwargs)
  1613606    1.754    0.000   28.275    0.000 treetaggerwrapper.py:1996(split_email)
 76669344   28.058    0.000   28.058    0.000 internals.py:4077(_block)
   897264   18.660    0.000   27.915    0.000 internals.py:5014(combine_concat_plans)
  4945955   16.082    0.000   27.890    0.000 {built-in method builtins.sorted}
   179442    0.444    0.000   27.867    0.000 api.py:25(_get_combined_index)
  1882505   27.756    0.000   27.756    0.000 {pandas.lib.isnullobj}
   358878    0.435    0.000   27.747    0.000 generic.py:2910(values)
      172   27.715    0.161   27.715    0.161 {pandas.lib.write_csv_rows}
  8097242    5.674    0.000   27.652    0.000 {built-in method builtins.all}
   792492   25.675    0.000   27.430    0.000 internals.py:4458(_interleaved_dtype)
   656200    8.256    0.000   27.170    0.000 groupby.py:2184(__init__)
138397632   27.052    0.000   27.052    0.000 {method 'append' of 'list' objects}
   656194    3.553    0.000   26.602    0.000 common.py:397(_index_labels_to_array)
 35445533   26.366    0.000   26.366    0.000 {method 'decode' of 'bytes' objects}
 11789305   17.676    0.000   26.203    0.000 series.py:326(name)
  1553344    3.622    0.000   25.708    0.000 internals.py:608(copy)
 16119776   25.520    0.000   25.543    0.000 re.py:286(_compile)
  4000176   14.410    0.000   25.472    0.000 posixpath.py:142(basename)
 13852225   25.369    0.000   25.369    0.000 {method 'ravel' of 'numpy.ndarray' objects}
   254205    0.992    0.000   25.335    0.000 internals.py:3347(<listcomp>)
   604342   15.212    0.000   25.307    0.000 tweetProcessor.py:133(find_relevant_words)
  6934250    9.936    0.000   25.237    0.000 {built-in method builtins.sum}
   358896   12.439    0.000   25.171    0.000 internals.py:4431(_stack_arrays)
  3887864   14.889    0.000   25.167    0.000 dtypes.py:170(__new__)
  9430650    6.314    0.000   25.115    0.000 numeric.py:534(asanyarray)
       15    0.007    0.000   24.996    1.666 merge.py:1688(_get_comb_axis)
  8000978    8.442    0.000   24.872    0.000 __init__.py:535(usesTime)
  7507006   11.523    0.000   24.569    0.000 common.py:135(is_dtype_equal)
 10892251   16.406    0.000   24.436    0.000 <frozen importlib._bootstrap>:402(parent)
 18084656   24.421    0.000   24.421    0.000 dtypes.py:132(construct_from_string)
  2512032    4.249    0.000   24.361    0.000 numeric.py:3083(__enter__)
  1016820    6.074    0.000   24.343    0.000 internals.py:269(getitem_block)
   971925   24.110    0.000   24.110    0.000 {pandas.lib.maybe_convert_objects}
 64788840   24.040    0.000   24.040    0.000 internals.py:297(dtype)
  7949256   17.493    0.000   23.801    0.000 generic.py:327(_get_axis_number)
   358860    1.334    0.000   23.406    0.000 internals.py:3188(astype)
  1208684    3.846    0.000   23.075    0.000 indexing.py:1282(_has_valid_type)
  2892878   16.667    0.000   22.640    0.000 generic.py:280(_construct_axes_from_arguments)
  8666996    7.641    0.000   22.495    0.000 base.py:874(_values)
  1208684    8.097    0.000   22.378    0.000 threading.py:1024(join)
  1208684    5.048    0.000   22.062    0.000 generic.py:873(empty)
 23151296   16.602    0.000   22.015    0.000 common.py:447(_apply_if_callable)
  4556845   21.948    0.000   21.948    0.000 {built-in method pandas.lib.array_equivalent_object}
 36599765   21.849    0.000   21.849    0.000 __init__.py:1523(getEffectiveLevel)
 10878162   15.058    0.000   21.827    0.000 range.py:458(__len__)
  5725539   11.309    0.000   21.298    0.000 internals.py:2746(<listcomp>)
   824347   21.285    0.000   21.285    0.000 {pandas.algos.take_2d_axis1_int64_int64}
 65360226   21.166    0.000   21.166    0.000 internals.py:179(mgr_locs)
  8000978   20.999    0.000   20.999    0.000 __init__.py:385(format)
 35890052   20.860    0.000   20.860    0.000 {pandas.lib.isscalar}
  2512032    4.213    0.000   20.815    0.000 numeric.py:3088(__exit__)
  9473248    7.318    0.000   20.265    0.000 internals.py:4517(<lambda>)
  2792765    3.223    0.000   20.020    0.000 {method 'all' of 'numpy.ndarray' objects}
 19797821   19.935    0.000   19.935    0.000 {method 'split' of 'str' objects}
  1435440    4.025    0.000   19.831    0.000 internals.py:190(make_block)
  2960736    4.179    0.000   19.671    0.000 internals.py:5128(dtype)
  1210610    4.923    0.000   19.542    0.000 threading.py:498(__init__)
  2455035   10.555    0.000   19.390    0.000 base.py:2390(_possibly_promote)
  2518282    6.589    0.000   18.787    0.000 generic.py:1348(_indexer)
  1312388    3.302    0.000   18.706    0.000 generic.py:869(__contains__)
  1208684    6.875    0.000   18.499    0.000 treetaggerwrapper.py:1821(split_sgml)
   613065    0.597    0.000   18.295    0.000 internals.py:1665(get_values)
   656203    2.915    0.000   18.232    0.000 algorithms.py:786(_get_data_algo)
4038904/1813026   13.813    0.000   18.043    0.000 ast.py:51(_convert)
  2417368    6.059    0.000   17.869    0.000 range.py:286(equals)
  1439999   10.055    0.000   17.330    0.000 base.py:1097(is_unique)
   963216    1.213    0.000   17.305    0.000 base.py:1331(inferred_type)
 14918451    8.457    0.000   17.207    0.000 {built-in method builtins.hash}
  7201104   17.177    0.000   17.177    0.000 cast.py:660(_possibly_castable)
  1202187    2.106    0.000   17.060    0.000 treetaggerwrapper.py:1896(blank_to_space)
   358860    2.150    0.000   17.028    0.000 base.py:669(_validate_names)
   783790    2.191    0.000   16.928    0.000 base.py:1121(is_categorical)
  1671260   16.911    0.000   16.911    0.000 {pandas.algos.take_1d_int64_int64}
  5850222    6.294    0.000   16.904    0.000 indexing.py:1907(is_list_like_indexer)
  2792765    2.103    0.000   16.797    0.000 _methods.py:40(_all)
 40654387   16.714    0.000   16.714    0.000 {built-in method time.time}
  8000978    9.854    0.000   16.430    0.000 __init__.py:382(usesTime)
   179439    1.723    0.000   16.320    0.000 internals.py:4399(_multi_blockify)
  2902885    6.615    0.000   16.139    0.000 generic.py:357(_get_block_manager_axis)
   358860    0.580    0.000   15.724    0.000 generic.py:2938(get_values)
  1613640    1.637    0.000   15.692    0.000 treetaggerwrapper.py:1944(split_ip)
 14348486   15.586    0.000   15.586    0.000 {method 'fill' of 'numpy.ndarray' objects}
  8001616    9.699    0.000   15.492    0.000 __init__.py:802(acquire)
 19509157   11.534    0.000   15.456    0.000 internals.py:2790(ndim)
  2417392    2.400    0.000   15.357    0.000 series.py:463(__len__)
  4149404    5.166    0.000   15.296    0.000 {built-in method builtins.any}
  1448713    3.195    0.000   15.269    0.000 fromnumeric.py:826(argsort)
  4000170   11.899    0.000   15.161    0.000 genericpath.py:117(_splitext)
  3073562    3.901    0.000   15.041    0.000 generic.py:912(<genexpr>)
  1202187   14.954    0.000   14.954    0.000 {method 'translate' of 'str' objects}
 10167965    9.731    0.000   14.750    0.000 base.py:465(is_)
  4000170    8.186    0.000   14.608    0.000 posixpath.py:50(normcase)
        6    0.416    0.069   14.463    2.410 internals.py:3405(_interleave)
  5024064   13.297    0.000   14.378    0.000 numeric.py:2786(geterr)
 12384589    9.174    0.000   14.236    0.000 internals.py:2968(<genexpr>)
  5558972    8.149    0.000   14.203    0.000 internals.py:4555(_extend_blocks)
  2960736    8.138    0.000   14.198    0.000 internals.py:5119(needs_filling)
  1046679    4.323    0.000   14.194    0.000 numeric.py:144(_convert_scalar_indexer)
   604357    3.053    0.000   13.824    0.000 merge.py:1528(<listcomp>)
  1439969    6.934    0.000   13.665    0.000 internals.py:5238(_preprocess_slice_or_indexer)
  4284574   13.614    0.000   13.614    0.000 {method 'get_loc' of 'pandas.index.IndexEngine' objects}
        6   13.571    2.262   13.571    2.262 {pandas.lib.map_infer}
  4733064    6.292    0.000   13.559    0.000 common.py:282(is_float_dtype)
   613059   12.395    0.000   13.522    0.000 internals.py:2274(_try_coerce_result)
1076580/358860    5.105    0.000   13.460    0.000 copy.py:132(deepcopy)
 35445533   13.412    0.000   13.412    0.000 {method 'strip' of 'str' objects}
  1448713   12.333    0.000   13.274    0.000 internals.py:4542(<listcomp>)
  1567559    2.071    0.000   13.252    0.000 series.py:473(__array__)
   358893    1.277    0.000   13.159    0.000 common.py:231(is_datetimelike_v_numeric)
  1210610   13.035    0.000   13.035    0.000 threading.py:215(__init__)
  9473248    9.935    0.000   12.947    0.000 internals.py:111(_consolidate_key)
   358860    1.030    0.000   12.896    0.000 internals.py:458(astype)
  1208684    4.534    0.000   12.840    0.000 indexing.py:155(_should_validate_iterable)
 17891354   12.574    0.000   12.576    0.000 {method 'join' of 'str' objects}
  3611918   12.340    0.000   12.340    0.000 validators.py:113(_check_for_invalid_keys)
   358860    4.640    0.000   12.281    0.000 nanops.py:643(_maybe_null_out)
   656194    1.202    0.000   12.207    0.000 internals.py:523(convert)
  2950217    6.379    0.000   12.165    0.000 internals.py:2829(_is_single_block)
  3135124    4.770    0.000   12.141    0.000 internals.py:2951(__len__)
  1448713    2.035    0.000   12.074    0.000 fromnumeric.py:55(_wrapfunc)
   254202    1.631    0.000   11.944    0.000 frame.py:2593(_sanitize_column)
 12655239    7.401    0.000   11.875    0.000 internals.py:3249(is_consolidated)
   358860    2.917    0.000   11.867    0.000 internals.py:463(_astype)
  2634501    3.519    0.000   11.798    0.000 base.py:1305(<lambda>)
   656194    8.744    0.000   11.796    0.000 {method 'get_labels' of 'pandas.hashtable.PyObjectHashTable' objects}
  6417538    9.713    0.000   11.788    0.000 threading.py:1226(current_thread)
  2275641    7.416    0.000   11.749    0.000 base.py:1302(_engine)
  2104913   11.743    0.000   11.743    0.000 {method 'argsort' of 'numpy.ndarray' objects}
  2509589    7.212    0.000   11.607    0.000 generic.py:1503(_set_is_copy)
   179433    0.908    0.000   11.314    0.000 merge.py:696(_get_join_info)
   254193    1.371    0.000   11.298    0.000 cast.py:33(_possibly_convert_platform)
  3317793   11.217    0.000   11.217    0.000 {pandas.lib.is_datetime_array}
 11828656   11.173    0.000   11.173    0.000 base.py:485(_reset_identity)
  1208684    7.713    0.000   11.106    0.000 treetaggerwrapper.py:1590(<listcomp>)
  4328693    9.603    0.000   11.045    0.000 generic.py:144(_init_mgr)
  4000170   10.701    0.000   10.701    0.000 {method 'tell' of '_io.TextIOWrapper' objects}
  1915781    3.082    0.000   10.674    0.000 numeric.py:1927(array_str)
  8000978   10.455    0.000   10.455    0.000 __init__.py:324(getMessage)
  1217038    4.323    0.000   10.419    0.000 threading.py:1062(_wait_for_tstate_lock)
   179433    3.263    0.000   10.128    0.000 base.py:2615(join)
  2170749    2.263    0.000    9.871    0.000 internals.py:4434(_asarray_compat)
  1452909    5.965    0.000    9.852    0.000 dtypes.py:315(construct_from_string)
  6107467    6.718    0.000    9.673    0.000 base.py:608(<listcomp>)
   783781    1.313    0.000    9.669    0.000 concat.py:399(<listcomp>)
   254199    1.238    0.000    9.617    0.000 indexing.py:146(_has_valid_tuple)
  8001616    7.128    0.000    9.610    0.000 __init__.py:809(release)
 21218162    9.549    0.000    9.549    0.000 {method 'items' of 'dict' objects}
  9386840    9.517    0.000    9.517    0.000 internals.py:326(iget)
  2960736    9.480    0.000    9.480    0.000 internals.py:5107(__init__)
   604342    1.027    0.000    9.475    0.000 merge.py:1607(<listcomp>)
  4000170    5.722    0.000    9.442    0.000 __init__.py:152(<lambda>)
   762600    1.598    0.000    9.349    0.000 indexing.py:1514(_has_valid_type)
  9013071    9.313    0.000    9.313    0.000 series.py:312(_set_subtyp)
  2879974    9.259    0.000    9.259    0.000 {method 'take' of 'numpy.ndarray' objects}
   835627    3.894    0.000    9.248    0.000 generic.py:2281(_needs_reindex_multi)
   343763    9.024    0.000    9.221    0.000 dictionnary.py:95(__contains__)
  3246664    9.035    0.000    9.035    0.000 re.py:324(_subx)
   717892    1.187    0.000    9.025    0.000 {method 'sum' of 'numpy.ndarray' objects}
  1671248    4.537    0.000    8.881    0.000 base.py:947(_set_names)
   781935    8.875    0.000    8.875    0.000 {pandas.algos.take_2d_axis0_object_object}
  1208696    4.404    0.000    8.750    0.000 generic.py:829(__hash__)
  6229383    5.377    0.000    8.527    0.000 inference.py:66(is_hashable)
  5347913    5.931    0.000    8.451    0.000 missing.py:563(clean_reindex_fill_method)
   179445    8.356    0.000    8.356    0.000 {pandas.lib.clean_index_list}
  8000340    8.333    0.000    8.333    0.000 {method 'write' of '_io.TextIOWrapper' objects}
  1875254    2.760    0.000    8.172    0.000 common.py:153(is_integer_dtype)
   656200    2.984    0.000    8.110    0.000 groupby.py:2502(_convert_grouper)
  3242986    8.036    0.000    8.036    0.000 {method 'copy' of 'numpy.ndarray' objects}
 10892251    8.030    0.000    8.030    0.000 {method 'rpartition' of 'str' objects}
 25839728    8.029    0.000    8.029    0.000 {pandas.lib.is_float}
 12358649    7.994    0.000    7.994    0.000 {built-in method builtins.max}
  1388159    7.979    0.000    7.979    0.000 {method 'nonzero' of 'numpy.ndarray' objects}
  1312415    3.429    0.000    7.959    0.000 generic.py:1395(_set_as_cached)
  2676648    1.034    0.000    7.958    0.000 internals.py:5039(_next_or_none)
   656200    1.790    0.000    7.956    0.000 numeric.py:150(ones)
 12000516    7.899    0.000    7.899    0.000 {method 'rfind' of 'str' objects}
   717892    0.542    0.000    7.838    0.000 _methods.py:31(_sum)
  1915781    6.640    0.000    7.591    0.000 arrayprint.py:340(array2string)
   792540    3.495    0.000    7.559    0.000 internals.py:2186(__init__)
        6    0.007    0.001    7.496    1.249 frame.py:2823(reindex_axis)
        6    0.003    0.000    7.489    1.248 generic.py:2337(reindex_axis)
   508398    1.343    0.000    7.439    0.000 function_base.py:4951(append)
 11828692    7.413    0.000    7.413    0.000 {built-in method __new__ of type object at 0x1086b3650}
   604342    2.639    0.000    7.404    0.000 concat.py:63(_get_series_result_type)
   783781    2.658    0.000    7.351    0.000 concat.py:407(<listcomp>)
 16503852    7.325    0.000    7.325    0.000 treetaggerwrapper.py:716(__init__)
 16041466    7.307    0.000    7.307    0.000 {method 'lower' of 'str' objects}
  2057257    4.122    0.000    7.226    0.000 common.py:257(_try_sort)
 37845080    7.103    0.000    7.103    0.000 {method 'extend' of 'list' objects}
   358860    1.560    0.000    7.060    0.000 copy.py:268(_reconstruct)
 21070833    6.996    0.000    6.996    0.000 internals.py:148(internal_values)
  1628137    6.929    0.000    6.929    0.000 {pandas.lib.get_blkno_indexers}
  2676654    6.923    0.000    6.923    0.000 {built-in method builtins.next}
  4000170    4.541    0.000    6.890    0.000 __init__.py:120(getLevelName)
 25839881    6.860    0.000    6.860    0.000 {method 'pop' of 'dict' objects}
  1016796    1.665    0.000    6.778    0.000 indexing.py:1536(_is_valid_integer)
  8000990    6.576    0.000    6.576    0.000 {method 'find' of 'str' objects}
  1671465    6.568    0.000    6.568    0.000 {method 'astype' of 'numpy.ndarray' objects}
  1462898    4.241    0.000    6.400    0.000 indexing.py:1769(convert_to_index_sliceable)
 22278436    6.394    0.000    6.394    0.000 {built-in method pandas.algos.ensure_int64}
 13115357    6.372    0.000    6.372    0.000 internals.py:2862(_get_items)
   537264    3.921    0.000    6.218    0.000 base.py:1073(is_monotonic)
  4123694    5.146    0.000    6.200    0.000 numeric.py:729(<genexpr>)
  8000978    6.190    0.000    6.190    0.000 __init__.py:698(filter)
  1208684    1.966    0.000    6.126    0.000 common.py:159(is_int64_dtype)
   717732    1.050    0.000    6.046    0.000 generic.py:2825(_is_mixed_type)
   358860    1.767    0.000    5.959    0.000 generic.py:260(_construct_axes_dict)
 12000533    5.934    0.000    5.934    0.000 {built-in method posix.fspath}
  8001616    5.793    0.000    5.793    0.000 {method 'acquire' of '_thread.RLock' objects}
  1208684    1.822    0.000    5.744    0.000 base.py:814(shape)
   179433    3.442    0.000    5.719    0.000 merge.py:483(__init__)
   179520    1.950    0.000    5.661    0.000 algorithms.py:810(wrapper)
   867273    2.054    0.000    5.575    0.000 internals.py:1819(is_bool)
  5415959    5.573    0.000    5.573    0.000 {built-in method builtins.min}
 23811896    5.572    0.000    5.572    0.000 {built-in method builtins.callable}
        9    0.000    0.000    5.490    0.610 groupby.py:4029(_get_sorted_data)
  1208765    4.360    0.000    5.460    0.000 _weakrefset.py:81(add)
   717720    0.532    0.000    5.438    0.000 copy.py:273(<genexpr>)
  1471621    2.426    0.000    5.422    0.000 {built-in method builtins.setattr}
  1208684    4.169    0.000    5.252    0.000 _weakrefset.py:38(_remove)
  1568851    5.235    0.000    5.235    0.000 {method 'format' of 'str' objects}
  1471621    4.276    0.000    5.229    0.000 indexing.py:59(__init__)
   604342    1.327    0.000    5.116    0.000 merge.py:1609(<listcomp>)
   604342    1.363    0.000    5.110    0.000 base.py:1250(_convert_list_indexer)
   835627    1.956    0.000    5.074    0.000 common.py:253(_count_not_none)
  4000177    3.529    0.000    5.070    0.000 posixpath.py:39(_get_sep)
   254202    0.757    0.000    5.065    0.000 generic.py:1533(_check_setitem_copy)
  7976405    5.053    0.000    5.053    0.000 base.py:512(dtype)
  5024064    4.901    0.000    4.901    0.000 {built-in method numpy.core.umath.seterrobj}
       21    0.001    0.000    4.877    0.232 api.py:105(_get_consensus_names)
       21    2.592    0.123    4.876    0.232 api.py:109(<listcomp>)
  2601831    2.578    0.000    4.796    0.000 generic.py:421(ndim)
   613059    2.075    0.000    4.794    0.000 indexing.py:167(_is_nested_tuple_indexer)
  2512032    3.750    0.000    4.640    0.000 numeric.py:3079(__init__)
  2892878    3.237    0.000    4.614    0.000 generic.py:312(<listcomp>)
  1312400    1.530    0.000    4.603    0.000 groupby.py:2417(<genexpr>)
   358860    1.257    0.000    4.455    0.000 fromnumeric.py:1866(any)
   538299    2.687    0.000    4.357    0.000 abc.py:178(__instancecheck__)
  6572678    4.313    0.000    4.313    0.000 {method 'copy' of 'dict' objects}
   254199    0.373    0.000    4.308    0.000 config.py:222(__call__)
      175    0.004    0.000    4.265    0.024 base.py:1625(to_native_types)
 13765548    4.257    0.000    4.257    0.000 {built-in method pandas.algos.ensure_object}
      172    0.005    0.000    4.243    0.025 index.py:820(_format_native_types)
 12805641    4.197    0.000    4.197    0.000 {pandas.lib.is_integer}
  8107751    4.193    0.000    4.193    0.000 internals.py:289(shape)
   433656    0.784    0.000    4.142    0.000 frame.py:484(shape)
   686250    3.228    0.000    4.142    0.000 dictionnary.py:104(__getitem__)
   604342    2.970    0.000    4.132    0.000 common.py:137(_consensus_name_attr)
  4000170    4.122    0.000    4.122    0.000 threading.py:1076(name)
  1210610    2.449    0.000    4.109    0.000 threading.py:239(__enter__)
      172    4.081    0.024    4.093    0.024 {pandas.tslib.format_array_from_datetime}
   561628    1.159    0.000    4.082    0.000 re.py:330(filter)
 10417708    4.030    0.000    4.030    0.000 {built-in method _thread.get_ident}
   358860    0.892    0.000    3.967    0.000 generic.py:262(<listcomp>)
   254202    0.837    0.000    3.942    0.000 indexing.py:198(_convert_slice_indexer)
   254205    0.576    0.000    3.935    0.000 config.py:96(_get_option)
  1015054    3.212    0.000    3.873    0.000 base.py:715(__getitem__)
      344    0.012    0.000    3.873    0.011 internals.py:590(to_native_types)
  1209821    2.380    0.000    3.852    0.000 threading.py:251(_acquire_restore)
   604426    1.894    0.000    3.825    0.000 concat.py:124(<listcomp>)
  4000178    3.721    0.000    3.721    0.000 {built-in method sys._getframe}
  1208684    3.719    0.000    3.719    0.000 threading.py:727(_newname)
  1209821    1.980    0.000    3.684    0.000 threading.py:254(_is_owned)
  3140006    3.663    0.000    3.663    0.000 {method 'replace' of 'str' objects}
   792480    1.205    0.000    3.645    0.000 generic.py:1438(_is_view)
  1435440    1.551    0.000    3.622    0.000 nanops.py:44(<genexpr>)
  5552663    3.546    0.000    3.546    0.000 {method 'startswith' of 'str' objects}
   656200    3.522    0.000    3.522    0.000 {built-in method numpy.core.multiarray.copyto}
  2420432    3.434    0.000    3.434    0.000 {built-in method _thread.allocate_lock}
  392/202    0.026    0.000    3.417    0.017 decorators.py:65(wrapper)
   508398    0.933    0.000    3.360    0.000 fromnumeric.py:1364(ravel)
  5428831    3.336    0.000    3.336    0.000 {method 'update' of 'dict' objects}
  1839177    2.289    0.000    3.331    0.000 indexing.py:1304(<genexpr>)
  1439975    1.522    0.000    3.329    0.000 base.py:3681(_ensure_has_len)
  9159563    3.278    0.000    3.278    0.000 {method 'add' of 'set' objects}
  1208684    2.930    0.000    3.276    0.000 threading.py:966(_stop)
  1882505    1.952    0.000    3.272    0.000 common.py:276(is_string_like_dtype)
  1968582    2.609    0.000    3.250    0.000 groupby.py:3883(<genexpr>)
   179442    1.902    0.000    3.220    0.000 api.py:41(_get_distinct_indexes)
   656194    3.166    0.000    3.166    0.000 {method 'to_array' of 'pandas.hashtable.ObjectVector' objects}
   717732    1.081    0.000    3.165    0.000 generic.py:2827(<lambda>)
   656200    2.888    0.000    3.108    0.000 groupby.py:2449(is_in_obj)
  1015060    3.106    0.000    3.106    0.000 {built-in method numpy.core.multiarray.putmask}
  1046685    1.275    0.000    3.073    0.000 frame.py:769(__len__)
  1882541    3.071    0.000    3.071    0.000 {method 'reshape' of 'numpy.ndarray' objects}
  3611918    3.063    0.000    3.063    0.000 validators.py:31(_check_for_default_values)
 10048128    3.054    0.000    3.054    0.000 {built-in method numpy.core.umath.geterrobj}
       12    0.000    0.000    3.021    0.252 parsers.py:1190(_make_index)
       12    0.026    0.002    3.021    0.252 parsers.py:1272(_agg_index)
   613059    0.864    0.000    3.007    0.000 indexing.py:1913(is_label_like)
   358860    0.456    0.000    2.999    0.000 internals.py:129(is_categorical_astype)
       12    0.000    0.000    2.987    0.249 parsers.py:2643(converter)
  5991218    2.976    0.000    2.976    0.000 {built-in method pandas.algos.ensure_platform_int}
   561628    2.101    0.000    2.923    0.000 sre_parse.py:964(expand_template)
  2901607    2.916    0.000    2.916    0.000 base.py:944(_get_names)
   254199    0.885    0.000    2.898    0.000 frame.py:2613(reindexer)
  3017754    2.852    0.000    2.852    0.000 {built-in method pandas.lib.checknull}
       12    0.001    0.000    2.809    0.234 parsers.py:687(__init__)
       12    0.000    0.000    2.805    0.234 parsers.py:921(_make_engine)
       12    2.803    0.234    2.804    0.234 parsers.py:1374(__init__)
 17234354    2.772    0.000    2.772    0.000 {method 'isalpha' of 'str' objects}
   867273    2.703    0.000    2.703    0.000 {pandas.lib.is_bool_array}
       44    0.061    0.001    2.640    0.060 handlers.py:154(doRollover)
  1312388    1.579    0.000    2.637    0.000 generic.py:401(_info_axis)
   656200    2.490    0.000    2.600    0.000 groupby.py:1538(__init__)
  5347913    2.520    0.000    2.520    0.000 missing.py:65(clean_fill_method)
  8001616    2.482    0.000    2.482    0.000 {method 'release' of '_thread.RLock' objects}
  4031338    2.445    0.000    2.445    0.000 frame.py:241(_constructor)
   792480    1.662    0.000    2.441    0.000 internals.py:3280(is_view)
  2905806    1.607    0.000    2.419    0.000 base.py:1668(<genexpr>)
   656200    2.351    0.000    2.351    0.000 groupby.py:520(__getattr__)
  4000170    2.347    0.000    2.347    0.000 process.py:35(current_process)
   254217    0.889    0.000    2.342    0.000 config.py:78(_get_single_key)
  4163493    2.325    0.000    2.325    0.000 internals.py:175(fill_value)
   358860    0.615    0.000    2.318    0.000 nanops.py:239(_wrap_results)
  4000170    2.318    0.000    2.318    0.000 process.py:137(name)
      638    0.005    0.000    2.305    0.004 __init__.py:1320(error)
  1523449    2.278    0.000    2.278    0.000 frame.py:476(axes)
   358860    0.345    0.000    2.194    0.000 nanops.py:233(_view_if_needed)
  4001458    2.192    0.000    2.192    0.000 {built-in method posix.getpid}
  1210610    1.620    0.000    2.162    0.000 threading.py:242(__exit__)
   358860    0.854    0.000    2.141    0.000 copy.py:210(_deepcopy_list)
  1209821    1.495    0.000    2.115    0.000 threading.py:248(_release_save)
   717738    1.076    0.000    2.085    0.000 internals.py:3262(is_mixed_type)
   604342    0.816    0.000    2.083    0.000 inference.py:35(is_iterator)
   656200    1.558    0.000    2.074    0.000 groupby.py:1637(names)
  1076580    0.975    0.000    2.070    0.000 nanops.py:36(check)
   656200    0.968    0.000    1.957    0.000 groupby.py:2439(is_in_axis)
  3451688    1.930    0.000    1.930    0.000 concat.py:118(is_nonempty)
  9126066    1.883    0.000    1.883    0.000 {method 'isdigit' of 'str' objects}
        3    0.000    0.000    1.869    0.623 dataframe.py:59(drop_duplicates)
        3    0.000    0.000    1.869    0.623 dataframe.py:17(drop_duplicates)
        3    0.001    0.000    1.853    0.618 frame.py:3114(drop_duplicates)
   254199    0.626    0.000    1.843    0.000 series.py:558(_ixs)
     1926    0.025    0.000    1.796    0.001 iostream.py:312(flush)
   179433    0.665    0.000    1.778    0.000 generic.py:2461(<listcomp>)
   358860    0.478    0.000    1.772    0.000 nanops.py:229(_na_ok_dtype)
     1288    0.006    0.000    1.730    0.001 ansitowin32.py:39(write)
     1288    0.004    0.000    1.724    0.001 ansitowin32.py:139(write)
     1288    0.026    0.000    1.720    0.001 ansitowin32.py:156(write_and_convert)
   604342    0.966    0.000    1.716    0.000 tweetProcessor.py:168(replace_special_chars)
   717720    1.412    0.000    1.697    0.000 copy.py:252(_keep_alive)
  8571604    1.682    0.000    1.682    0.000 {built-in method builtins.id}
     2564    0.021    0.000    1.673    0.001 ansitowin32.py:172(write_plain_text)
  1076932    1.667    0.000    1.667    0.000 _weakrefset.py:70(__contains__)
  1210610    1.660    0.000    1.660    0.000 {method '__enter__' of '_thread.lock' objects}
  1016820    1.639    0.000    1.639    0.000 internals.py:250(_slice)
   254205    0.882    0.000    1.628    0.000 base.py:1175(_convert_slice_indexer)
  1208852    1.005    0.000    1.621    0.000 concat.py:135(<genexpr>)
  2171892    1.612    0.000    1.612    0.000 series.py:263(_constructor)
   254193    0.499    0.000    1.580    0.000 base.py:826(item)
   358866    0.954    0.000    1.574    0.000 frame.py:5463(_prep_ndarray)
   613059    0.913    0.000    1.568    0.000 indexing.py:168(<listcomp>)
  1312400    1.183    0.000    1.556    0.000 groupby.py:2412(<genexpr>)
   656194    1.359    0.000    1.547    0.000 groupby.py:3805(_reindex_output)
   254196    0.680    0.000    1.539    0.000 groupby.py:1521(_is_indexed_like)
   179427    0.931    0.000    1.527    0.000 frame.py:5606(<listcomp>)
       12    0.001    0.000    1.519    0.127 tools.py:179(to_datetime)
       12    0.000    0.000    1.516    0.126 tools.py:309(_convert_listlike)
       12    1.515    0.126    1.515    0.126 {built-in method pandas.tslib.array_to_datetime}
  4000170    1.509    0.000    1.509    0.000 codecs.py:213(setstate)
  1312400    1.161    0.000    1.495    0.000 groupby.py:2410(<genexpr>)
       12    0.024    0.002    1.468    0.122 parsers.py:2922(_concat_date_cols)
  1046679    1.009    0.000    1.456    0.000 base.py:3007(_maybe_cast_indexer)
  1208684    1.455    0.000    1.456    0.000 base.py:1112(is_floating)
   656200    1.452    0.000    1.452    0.000 {built-in method numpy.core.multiarray.can_cast}
  4427255    1.438    0.000    1.438    0.000 base.py:819(ndim)
   604357    1.275    0.000    1.427    0.000 merge.py:1658(_get_result_dim)
  2916172    1.407    0.000    1.407    0.000 {method 'group' of '_sre.SRE_Match' objects}
   358896    0.335    0.000    1.382    0.000 internals.py:4440(_shape_compat)
   358860    0.742    0.000    1.353    0.000 {method '__reduce_ex__' of 'object' objects}
  1271013    1.033    0.000    1.322    0.000 base.py:3022(_validate_indexer)
  2819965    1.317    0.000    1.317    0.000 {method 'upper' of 'str' objects}
       12    1.314    0.109    1.314    0.109 parsers.py:2925(<listcomp>)
   792480    1.026    0.000    1.311    0.000 base.py:1127(holds_integer)
        6    0.357    0.059    1.308    0.218 concat.py:304(_concat_datetime)
   358866    1.295    0.000    1.295    0.000 {built-in method _operator.inv}
   358860    0.749    0.000    1.294    0.000 common.py:164(is_int_or_datetime_dtype)
  7207158    1.277    0.000    1.277    0.000 internals.py:578(_try_coerce_result)
  3449877    1.266    0.000    1.266    0.000 numeric.py:137(is_all_dates)
  2425722    1.258    0.000    1.258    0.000 threading.py:506(is_set)
  2150046    0.938    0.000    1.256    0.000 api.py:42(<genexpr>)
   604342    1.246    0.000    1.246    0.000 merge.py:1706(<listcomp>)
   254208    0.420    0.000    1.244    0.000 internals.py:5227(_fast_count_smallints)
  1448713    1.231    0.000    1.231    0.000 internals.py:4543(<listcomp>)
  1151340    0.801    0.000    1.210    0.000 indexing.py:1423(_get_partial_string_timestamp_match_key)
  1439975    1.197    0.000    1.197    0.000 base.py:2477(_can_reindex)
  4334677    1.183    0.000    1.183    0.000 {method 'values' of 'dict' objects}
     2200    1.173    0.001    1.173    0.001 {built-in method posix.rename}
   358866    0.600    0.000    1.170    0.000 frame.py:421(_get_axes)
  2169980    1.149    0.000    1.149    0.000 {method 'item' of 'numpy.ndarray' objects}
   717756    1.123    0.000    1.123    0.000 {method 'add' of 'pandas.lib.BlockPlacement' objects}
   179433    0.732    0.000    1.115    0.000 merge.py:755(_get_merge_keys)
  1208684    1.083    0.000    1.083    0.000 {method 'discard' of 'set' objects}
       47    1.079    0.023    1.079    0.023 {method 'close' of '_io.TextIOWrapper' objects}
  1208684    1.067    0.000    1.067    0.000 threading.py:1120(daemon)
  2506881    1.064    0.000    1.064    0.000 common.py:254(<genexpr>)
  2418505    1.059    0.000    1.059    0.000 {method 'release' of '_thread.lock' objects}
   358860    0.711    0.000    1.029    0.000 common.py:180(_maybe_box_datetimelike)
   254217    0.687    0.000    1.017    0.000 config.py:545(_get_root)
   358860    0.827    0.000    1.016    0.000 internals.py:4216(fast_xs)
  2044323    1.013    0.000    1.013    0.000 {method 'keys' of 'dict' objects}
  3624789    1.008    0.000    1.008    0.000 internals.py:4197(is_consolidated)
  1208852    0.711    0.000    0.990    0.000 concat.py:136(<genexpr>)
   656200    0.781    0.000    0.990    0.000 groupby.py:2497(_is_label_like)
   604348    0.932    0.000    0.932    0.000 frame.py:400(<listcomp>)
   254196    0.451    0.000    0.918    0.000 groupby.py:1514(_get_axes)
  1312400    0.917    0.000    0.917    0.000 groupby.py:2321(group_index)
   358860    0.576    0.000    0.907    0.000 __init__.py:181(itervalues)
   254199    0.259    0.000    0.883    0.000 series.py:353(values)
   656200    0.872    0.000    0.872    0.000 {method 'put' of 'numpy.ndarray' objects}
        9    0.871    0.097    0.871    0.097 {method 'get_labels' of 'pandas.hashtable.Int64HashTable' objects}
   178398    0.311    0.000    0.867    0.000 base.py:2920(_join_monotonic)
   783790    0.857    0.000    0.857    0.000 base.py:1464(<listcomp>)
   508425    0.684    0.000    0.855    0.000 generic.py:1477(_clear_item_cache)
  1312400    0.678    0.000    0.849    0.000 groupby.py:2411(<genexpr>)
  1435455    0.796    0.000    0.796    0.000 internals.py:4572(_block_shape)
  1553350    0.757    0.000    0.757    0.000 internals.py:3037(<genexpr>)
   254199    0.239    0.000    0.756    0.000 config.py:601(_warn_if_deprecated)
   179433    0.240    0.000    0.725    0.000 base.py:917(_assert_can_do_setop)
   508416    0.719    0.000    0.719    0.000 config.py:560(_get_deprecated_option)
   604357    0.693    0.000    0.693    0.000 merge.py:1487(<listcomp>)
  3773106    0.679    0.000    0.679    0.000 api.py:110(<genexpr>)
        3    0.005    0.002    0.671    0.224 frame.py:3147(duplicated)
   254202    0.277    0.000    0.667    0.000 frame.py:2456(_ensure_valid_index)
  1208684    0.665    0.000    0.665    0.000 treetaggerwrapper.py:1831(<listcomp>)
  1208684    0.644    0.000    0.644    0.000 {method 'setdefault' of 'dict' objects}
        6    0.165    0.027    0.633    0.105 concat.py:353(<listcomp>)
      638    0.129    0.000    0.626    0.001 tweetProcessor.py:336(typo_correction)
   254199    0.444    0.000    0.624    0.000 internals.py:4171(external_values)
  1209821    0.618    0.000    0.618    0.000 {method 'append' of 'collections.deque' objects}
  2030120    0.611    0.000    0.611    0.000 {pandas.lib.is_bool}
   358860    0.611    0.000    0.611    0.000 base.py:738(__reduce__)
   179433    0.609    0.000    0.609    0.000 merge.py:615(_maybe_add_join_keys)
   179439    0.274    0.000    0.589    0.000 base.py:1523(_assert_take_fillable)
   792480    0.585    0.000    0.585    0.000 internals.py:119(is_view)
   254205    0.281    0.000    0.581    0.000 base.py:497(__array__)
        6    0.000    0.000    0.579    0.097 groupby.py:1572(_get_splitter)
   179433    0.498    0.000    0.574    0.000 merge.py:866(_validate_specification)
   604357    0.550    0.000    0.550    0.000 merge.py:1748(_maybe_check_integrity)
  1210610    0.542    0.000    0.542    0.000 {method '__exit__' of '_thread.lock' objects}
       21    0.052    0.002    0.539    0.026 api.py:87(_sanitize_and_check)
   963202    0.528    0.000    0.528    0.000 internals.py:4138(index)
     6428    0.282    0.000    0.519    0.000 iostream.py:180(schedule)
   656200    0.516    0.000    0.516    0.000 groupby.py:1639(<listcomp>)
   604342    0.442    0.000    0.503    0.000 tweetProcessor.py:453(<listcomp>)
        3    0.020    0.007    0.500    0.167 frame.py:3174(f)
       21    0.488    0.023    0.488    0.023 api.py:88(<listcomp>)
   613065    0.485    0.000    0.485    0.000 internals.py:2286(_box_func)
   825904    0.449    0.000    0.449    0.000 {method 'capitalize' of 'str' objects}
  1322062    0.441    0.000    0.441    0.000 internals.py:4203(_consolidate_inplace)
   358860    0.426    0.000    0.426    0.000 frame.py:5065(_get_agg_axis)
   562549    0.425    0.000    0.425    0.000 {method 'insert' of 'list' objects}
  1142665    0.404    0.000    0.404    0.000 base.py:940(nlevels)
   343137    0.399    0.000    0.399    0.000 {method 'index' of 'list' objects}
       15    0.397    0.026    0.397    0.026 merge.py:1732(<listcomp>)
        6    0.018    0.003    0.388    0.065 internals.py:1827(convert)
   538299    0.315    0.000    0.383    0.000 merge.py:1870(_any)
       15    0.376    0.025    0.376    0.025 merge.py:1693(<listcomp>)
   254217    0.163    0.000    0.364    0.000 config.py:588(_translate_key)
   358860    0.218    0.000    0.356    0.000 generic.py:54(__instancecheck__)
   677847    0.349    0.000    0.349    0.000 {pandas.lib.is_possible_datetimelike_array}
  1208684    0.346    0.000    0.346    0.000 {method 'locked' of '_thread.lock' objects}
       15    0.000    0.000    0.328    0.022 cast.py:604(_soft_convert_objects)
       30    0.288    0.010    0.290    0.010 numeric.py:2584(array_equal)
  1015054    0.290    0.000    0.290    0.000 {function FrozenList.__getitem__ at 0x10b6f2d08}
   792516    0.285    0.000    0.285    0.000 numeric.py:128(inferred_type)
       44    0.260    0.006    0.260    0.006 {built-in method posix.remove}
   604342    0.257    0.000    0.257    0.000 series.py:2336(_needs_reindex_multi)
   254217    0.255    0.000    0.255    0.000 config.py:527(_select_options)
   254199    0.246    0.000    0.246    0.000 {pandas.index.get_value_at}
   179433    0.215    0.000    0.215    0.000 generic.py:2449(<listcomp>)
   179427    0.150    0.000    0.213    0.000 inference.py:62(is_named_tuple)
     1288    0.021    0.000    0.206    0.000 iostream.py:361(write)
   358914    0.198    0.000    0.198    0.000 internals.py:4403(<lambda>)
        3    0.000    0.000    0.197    0.066 generic.py:1934(_update_inplace)
     6428    0.191    0.000    0.191    0.000 {built-in method posix.urandom}
   508425    0.171    0.000    0.171    0.000 {method 'clear' of 'dict' objects}
   179451    0.171    0.000    0.171    0.000 internals.py:1657(fill_value)
   538299    0.171    0.000    0.171    0.000 common.py:412(_maybe_make_list)
       57    0.165    0.003    0.165    0.003 {pandas.algos.take_2d_axis0_bool_bool}
   254202    0.163    0.000    0.163    0.000 indexing.py:1918(need_slice)
     4400    0.018    0.000    0.158    0.000 genericpath.py:16(exists)
        6    0.000    0.000    0.149    0.025 groupby.py:4002(slabels)
   358860    0.146    0.000    0.146    0.000 nanops.py:152(_get_fill_value)
      172    0.002    0.000    0.142    0.001 format.py:2307(_get_format_datetime64_from_values)
      172    0.117    0.001    0.140    0.001 format.py:2259(_is_dates_only)
     4400    0.140    0.000    0.140    0.000 {built-in method posix.stat}
        3    0.136    0.045    0.136    0.045 {pandas.hashtable.duplicated_int64}
   179433    0.120    0.000    0.120    0.000 base.py:3701(_validate_join_method)
        6    0.000    0.000    0.119    0.020 frame.py:1835(transpose)
        6    0.006    0.001    0.114    0.019 generic.py:471(transpose)
   358860    0.113    0.000    0.113    0.000 copy.py:190(_deepcopy_atomic)
        6    0.000    0.000    0.092    0.015 groupby.py:4007(sort_idx)
        6    0.004    0.001    0.092    0.015 groupby.py:4379(_get_group_index_sorter)
        6    0.088    0.015    0.088    0.015 {pandas.algos.groupsort_indexer}
        1    0.000    0.000    0.084    0.084 treetaggerwrapper.py:1164(_start_process)
   254199    0.084    0.000    0.084    0.000 internals.py:144(external_values)
        1    0.001    0.001    0.084    0.084 subprocess.py:586(__init__)
        1    0.000    0.000    0.083    0.083 subprocess.py:1198(_execute_child)
        9    0.000    0.000    0.070    0.008 base.py:823(_append_same_dtype)
        1    0.066    0.066    0.066    0.066 {built-in method posix.read}
     1288    0.006    0.000    0.061    0.000 iostream.py:298(_schedule_flush)
      638    0.020    0.000    0.057    0.000 colorlog.py:116(format)
     8354    0.022    0.000    0.045    0.000 threading.py:1104(is_alive)
        6    0.003    0.000    0.037    0.006 {built-in method builtins.print}
        6    0.001    0.000    0.035    0.006 base.py:366(take)
        9    0.034    0.004    0.034    0.004 {pandas.lib.generate_slices}
      187    0.004    0.000    0.028    0.000 index.py:244(__new__)
        3    0.000    0.000    0.027    0.009 groupby.py:4110(get_group_index)
       49    0.026    0.001    0.027    0.001 {built-in method io.open}
      374    0.006    0.000    0.026    0.000 index.py:552(_simple_new)
        6    0.000    0.000    0.026    0.004 generic.py:521(pop)
      638    0.011    0.000    0.024    0.000 tweetProcessor.py:172(translate_online)
       11    0.000    0.000    0.023    0.002 sre_compile.py:557(compile)
        6    0.022    0.004    0.022    0.004 {pandas.algos.take_2d_axis1_bool_bool}
        6    0.000    0.000    0.022    0.004 generic.py:1616(__delitem__)
        6    0.004    0.001    0.022    0.004 internals.py:3598(delete)
       15    0.002    0.000    0.021    0.001 generic.py:447(_set_axis)
        3    0.016    0.005    0.020    0.007 groupby.py:4145(loop)
       15    0.002    0.000    0.019    0.001 internals.py:2794(set_axis)
      172    0.004    0.000    0.018    0.000 base.py:239(__getitem__)
        1    0.017    0.017    0.017    0.017 {built-in method _posixsubprocess.fork_exec}
        3    0.000    0.000    0.017    0.006 frame.py:2940(reset_index)
       11    0.000    0.000    0.017    0.002 sre_compile.py:542(_code)
       44    0.001    0.000    0.015    0.000 __init__.py:1049(_open)
    93/11    0.004    0.000    0.015    0.001 sre_compile.py:64(_compile)
     1288    0.008    0.000    0.015    0.000 ansitowin32.py:224(convert_osc)
      638    0.005    0.000    0.014    0.000 colorlog.py:112(color)
        3    0.000    0.000    0.014    0.005 frame.py:2494(insert)
      638    0.004    0.000    0.014    0.000 parse.py:777(quote_plus)
      374    0.013    0.000    0.013    0.000 {built-in method pandas.tslib.maybe_get_tz}
        3    0.000    0.000    0.012    0.004 common.py:288(_get_handle)
     4356    0.010    0.000    0.012    0.000 handlers.py:77(rotation_filename)
     6428    0.011    0.000    0.011    0.000 iostream.py:89(_event_pipe)
        3    0.000    0.000    0.010    0.003 series.py:426(nonzero)
      638    0.003    0.000    0.010    0.000 parse.py:733(quote)
     1229    0.003    0.000    0.010    0.000 enum.py:797(__and__)
       44    0.001    0.000    0.008    0.000 handlers.py:96(rotate)
      638    0.002    0.000    0.008    0.000 escape_codes.py:58(parse_colors)
      638    0.006    0.000    0.008    0.000 colorlog.py:48(__init__)
     2576    0.008    0.000    0.008    0.000 {method 'finditer' of '_sre.SRE_Pattern' objects}
    15280    0.007    0.000    0.007    0.000 {method 'count' of 'str' objects}
    16253    0.007    0.000    0.007    0.000 {method 'index' of 'str' objects}
        3    0.006    0.002    0.007    0.002 groupby.py:4178(maybe_lift)
      651    0.007    0.000    0.007    0.000 {method 'encode' of 'str' objects}
     2546    0.002    0.000    0.006    0.000 enum.py:265(__call__)
       11    0.000    0.000    0.006    0.001 sre_parse.py:845(parse)
        6    0.005    0.001    0.005    0.001 {method 'cumsum' of 'numpy.ndarray' objects}
    22/11    0.000    0.000    0.005    0.000 sre_parse.py:407(_parse_sub)
    82/11    0.002    0.000    0.005    0.000 sre_parse.py:469(_parse)
       29    0.003    0.000    0.005    0.000 numeric.py:28(__new__)
        3    0.001    0.000    0.005    0.002 common.py:411(UnicodeWriter)
        3    0.000    0.000    0.004    0.001 internals.py:339(delete)
       12    0.001    0.000    0.004    0.000 common.py:220(get_filepath_or_buffer)
      374    0.001    0.000    0.004    0.000 numeric.py:132(asi8)
    167/3    0.002    0.000    0.004    0.001 abc.py:194(__subclasscheck__)
        9    0.002    0.000    0.004    0.000 index_tricks.py:251(__getitem__)
     1288    0.003    0.000    0.004    0.000 iostream.py:285(_is_master_process)
        3    0.000    0.000    0.004    0.001 fromnumeric.py:2388(prod)
       12    0.000    0.000    0.004    0.000 multi.py:894(from_arrays)
        3    0.000    0.000    0.003    0.001 _methods.py:34(_prod)
     2546    0.003    0.000    0.003    0.000 enum.py:515(__new__)
        3    0.003    0.001    0.003    0.001 {built-in method _csv.writer}
        3    0.002    0.001    0.003    0.001 format.py:1354(__init__)
       12    0.001    0.000    0.003    0.000 parsers.py:1329(_convert_types)
        6    0.000    0.000    0.003    0.000 frame.py:3187(<genexpr>)
     1276    0.002    0.000    0.003    0.000 ansitowin32.py:36(__getattr__)
        3    0.002    0.001    0.003    0.001 {method 'delete' of 'pandas.lib.BlockPlacement' objects}
     1276    0.003    0.000    0.003    0.000 {method 'groups' of '_sre.SRE_Match' objects}
        3    0.000    0.000    0.002    0.001 generic.py:797(__neg__)
        9    0.000    0.000    0.002    0.000 inference.py:98(is_sequence)
        6    0.002    0.000    0.002    0.000 {pandas.lib.maybe_indices_to_slice}
       12    0.001    0.000    0.002    0.000 common.py:116(_is_url)
     1276    0.002    0.000    0.002    0.000 escape_codes.py:60(<genexpr>)
       12    0.002    0.000    0.002    0.000 {pandas.lib.maybe_convert_numeric}
        3    0.000    0.000    0.002    0.001 common.py:217(_default_index)
      144    0.000    0.000    0.002    0.000 frame.py:363(<genexpr>)
        6    0.001    0.000    0.002    0.000 config.py:404(__exit__)
       12    0.002    0.000    0.002    0.000 validators.py:159(validate_args_and_kwargs)
       12    0.001    0.000    0.002    0.000 config.py:104(_set_option)
        3    0.000    0.000    0.002    0.001 range.py:44(__new__)
       24    0.001    0.000    0.002    0.000 parse.py:351(urlparse)
       12    0.001    0.000    0.002    0.000 parsers.py:772(_clean_options)
       15    0.000    0.000    0.002    0.000 generic.py:315(_from_axes)
       27    0.000    0.000    0.002    0.000 dataframe.py:56(__init__)
        3    0.000    0.000    0.002    0.001 frame.py:2075(_getitem_slice)
      638    0.001    0.000    0.002    0.000 colorlog.py:57(__getattr__)
        6    0.002    0.000    0.002    0.000 generic.py:266(_construct_axes_dict_from)
        6    0.002    0.000    0.002    0.000 groupby.py:3310(first_non_None_value)
      799    0.001    0.000    0.002    0.000 sre_parse.py:253(get)
        9    0.001    0.000    0.002    0.000 numerictypes.py:964(find_common_type)
        3    0.001    0.000    0.001    0.000 range.py:124(_simple_new)
       11    0.000    0.000    0.001    0.000 sre_compile.py:482(_compile_info)
       27    0.000    0.000    0.001    0.000 dataframe.py:7(__init__)
       18    0.001    0.000    0.001    0.000 index.py:1648(is_all_dates)
       10    0.000    0.000    0.001    0.000 typing.py:850(__extrahook__)
      885    0.001    0.000    0.001    0.000 sre_parse.py:163(__getitem__)
       12    0.001    0.000    0.001    0.000 parsers.py:735(_get_options_with_defaults)
    93/11    0.001    0.000    0.001    0.000 sre_parse.py:173(getwidth)
        6    0.000    0.000    0.001    0.000 config.py:394(__enter__)
        3    0.000    0.000    0.001    0.000 base.py:1632(_format_native_types)
       18    0.001    0.000    0.001    0.000 numerictypes.py:942(_can_coerce_all)
      894    0.001    0.000    0.001    0.000 sre_parse.py:232(__next)
        6    0.000    0.000    0.001    0.000 series.py:479(__array_wrap__)
     1276    0.001    0.000    0.001    0.000 ansitowin32.py:178(convert_ansi)
       24    0.001    0.000    0.001    0.000 parse.py:384(urlsplit)
      105    0.000    0.000    0.001    0.000 _weakrefset.py:58(__iter__)
      791    0.001    0.000    0.001    0.000 sre_parse.py:171(append)
     1276    0.001    0.000    0.001    0.000 {method 'span' of '_sre.SRE_Match' objects}
        6    0.000    0.000    0.001    0.000 generic.py:2928(_values)
      686    0.001    0.000    0.001    0.000 {method 'endswith' of 'str' objects}
       12    0.000    0.000    0.001    0.000 parsers.py:1022(__init__)
        6    0.000    0.000    0.001    0.000 series.py:1090(__iter__)
       12    0.001    0.000    0.001    0.000 common.py:201(_stringify_path)
       12    0.000    0.000    0.001    0.000 re.py:184(sub)
       15    0.000    0.000    0.001    0.000 common.py:175(_expand_user)
       12    0.000    0.000    0.001    0.000 parsers.py:1359(_do_date_conversions)
        6    0.000    0.000    0.000    0.000 function_base.py:4740(insert)
      765    0.000    0.000    0.000    0.000 {built-in method _sre.getlower}
       12    0.000    0.000    0.000    0.000 parsers.py:1467(_set_noconvert_columns)
       24    0.000    0.000    0.000    0.000 parsers.py:1182(_maybe_make_multi_index_columns)
        9    0.000    0.000    0.000    0.000 base.py:111(equals)
        9    0.000    0.000    0.000    0.000 index_tricks.py:231(_retval)
       11    0.000    0.000    0.000    0.000 sre_parse.py:829(fix_flags)
        6    0.000    0.000    0.000    0.000 common.py:129(is_datetimelike)
        6    0.000    0.000    0.000    0.000 groupby.py:4095(get_splitter)
       12    0.000    0.000    0.000    0.000 parsers.py:2679(_process_date_conversion)
        3    0.000    0.000    0.000    0.000 format.py:1481(_save_header)
      531    0.000    0.000    0.000    0.000 index.py:1525(_get_freq)
       44    0.000    0.000    0.000    0.000 enum.py:791(__or__)
       12    0.000    0.000    0.000    0.000 config.py:793(inner)
       12    0.000    0.000    0.000    0.000 parsers.py:1162(_maybe_dedup_names)
       48    0.000    0.000    0.000    0.000 parse.py:101(_coerce_args)
       15    0.000    0.000    0.000    0.000 concat.py:86(_get_frame_result_type)
       12    0.000    0.000    0.000    0.000 parsers.py:1219(_get_simple_index)
       12    0.000    0.000    0.000    0.000 parsers.py:732(close)
        9    0.000    0.000    0.000    0.000 base.py:837(<listcomp>)
       47    0.000    0.000    0.000    0.000 codecs.py:185(__init__)
       12    0.000    0.000    0.000    0.000 parsers.py:2793(_clean_index_names)
       15    0.000    0.000    0.000    0.000 posixpath.py:230(expanduser)
        9    0.000    0.000    0.000    0.000 {method 'to_array' of 'pandas.hashtable.Int64Vector' objects}
       12    0.000    0.000    0.000    0.000 parsers.py:1471(_set)
       12    0.000    0.000    0.000    0.000 common.py:134(_is_s3_url)
       27    0.000    0.000    0.000    0.000 base.py:590(_coerce_to_ndarray)
       81    0.000    0.000    0.000    0.000 _weakrefset.py:26(__exit__)
       12    0.000    0.000    0.000    0.000 common.py:175(is_datetime64_ns_dtype)
        3    0.000    0.000    0.000    0.000 series.py:2791(_sanitize_index)
       24    0.000    0.000    0.000    0.000 parsers.py:1186(<listcomp>)
       21    0.000    0.000    0.000    0.000 base.py:1345(__iter__)
      104    0.000    0.000    0.000    0.000 sre_parse.py:248(match)
       27    0.000    0.000    0.000    0.000 common.py:315(is_complex_dtype)
      196    0.000    0.000    0.000    0.000 index.py:1642(dtype)
       11    0.000    0.000    0.000    0.000 {built-in method _sre.compile}
        6    0.000    0.000    0.000    0.000 function.py:250(validate_transpose_for_generic)
        6    0.000    0.000    0.000    0.000 config.py:387(__init__)
        6    0.000    0.000    0.000    0.000 generic.py:2835(_is_datelike_mixed_type)
       24    0.000    0.000    0.000    0.000 parsers.py:1087(_has_complex_date_col)
       12    0.000    0.000    0.000    0.000 {built-in method numpy.core.multiarray.zeros}
       12    0.000    0.000    0.000    0.000 parsers.py:1457(close)
       93    0.000    0.000    0.000    0.000 sre_parse.py:111(__init__)
        6    0.000    0.000    0.000    0.000 generic.py:479(<listcomp>)
        6    0.000    0.000    0.000    0.000 generic.py:2837(<lambda>)
      765    0.000    0.000    0.000    0.000 {built-in method builtins.ord}
        6    0.000    0.000    0.000    0.000 groupby.py:4051(__init__)
        1    0.000    0.000    0.000    0.000 shlex.py:300(split)
        3    0.000    0.000    0.000    0.000 {method 'writerow' of '_csv.writer' objects}
        6    0.000    0.000    0.000    0.000 internals.py:3274(is_datelike_mixed_type)
        2    0.000    0.000    0.000    0.000 re.py:314(_compile_repl)
       12    0.000    0.000    0.000    0.000 parsers.py:326(_validate_nrows)
       81    0.000    0.000    0.000    0.000 _weakrefset.py:20(__enter__)
      187    0.000    0.000    0.000    0.000 base.py:404(_deepcopy_if_needed)
        2    0.000    0.000    0.000    0.000 range.py:166(_int64index)
      187    0.000    0.000    0.000    0.000 frequencies.py:389(to_offset)
        3    0.000    0.000    0.000    0.000 groupby.py:4137(_int64_cut_off)
        6    0.000    0.000    0.000    0.000 groupby.py:1576(_get_group_keys)
        2    0.000    0.000    0.000    0.000 sre_parse.py:877(parse_template)
        6    0.000    0.000    0.000    0.000 generic.py:486(<listcomp>)
       12    0.000    0.000    0.000    0.000 parsers.py:999(_validate_parse_dates_arg)
       24    0.000    0.000    0.000    0.000 <string>:12(__new__)
        6    0.000    0.000    0.000    0.000 shlex.py:294(__next__)
        6    0.000    0.000    0.000    0.000 internals.py:3278(<listcomp>)
        6    0.000    0.000    0.000    0.000 shlex.py:97(get_token)
       12    0.000    0.000    0.000    0.000 parsers.py:1094(_should_parse_dates)
        2    0.000    0.000    0.000    0.000 range.py:162(_data)
        3    0.000    0.000    0.000    0.000 frame.py:2976(_maybe_casted_values)
        6    0.000    0.000    0.000    0.000 groupby.py:1633(levels)
        2    0.000    0.000    0.000    0.000 tweetProcessor.py:320(_delete_triplicates)
        6    0.000    0.000    0.000    0.000 shlex.py:129(read_token)
        4    0.000    0.000    0.000    0.000 {built-in method posix.close}
       13    0.000    0.000    0.000    0.000 sre_parse.py:223(__init__)
        6    0.000    0.000    0.000    0.000 range.py:60(_ensure_int)
        6    0.000    0.000    0.000    0.000 base.py:610(view)
       24    0.000    0.000    0.000    0.000 {method 'transpose' of 'numpy.ndarray' objects}
        6    0.000    0.000    0.000    0.000 groupby.py:3995(__init__)
        3    0.000    0.000    0.000    0.000 function_base.py:212(iterable)
        3    0.000    0.000    0.000    0.000 generic.py:1443(_maybe_update_cacher)
        6    0.000    0.000    0.000    0.000 common.py:430(_get_callable_name)
        3    0.000    0.000    0.000    0.000 base.py:110(_reset_cache)
        6    0.000    0.000    0.000    0.000 generic.py:477(<listcomp>)
       81    0.000    0.000    0.000    0.000 _weakrefset.py:52(_commit_removals)
       91    0.000    0.000    0.000    0.000 {method '__subclasses__' of 'type' objects}
       12    0.000    0.000    0.000    0.000 typing.py:865(__extrahook__)
       22    0.000    0.000    0.000    0.000 typing.py:830(_valid_for_check)
      156    0.000    0.000    0.000    0.000 parsers.py:1583(<genexpr>)
       81    0.000    0.000    0.000    0.000 _weakrefset.py:16(__init__)
       12    0.000    0.000    0.000    0.000 config.py:577(_get_registered_option)
       84    0.000    0.000    0.000    0.000 typing.py:1010(__eq__)
       33    0.000    0.000    0.000    0.000 sre_parse.py:285(tell)
       12    0.000    0.000    0.000    0.000 parsers.py:1220(ix)
        6    0.000    0.000    0.000    0.000 numeric.py:1490(rollaxis)
       72    0.000    0.000    0.000    0.000 numerictypes.py:951(<listcomp>)
       12    0.000    0.000    0.000    0.000 {built-in method sys.getfilesystemencoding}
        6    0.000    0.000    0.000    0.000 generic.py:1401(_reset_cacher)
       36    0.000    0.000    0.000    0.000 {method 'pop' of 'list' objects}
       12    0.000    0.000    0.000    0.000 parsers.py:1581(<listcomp>)
        6    0.000    0.000    0.000    0.000 base.py:639(_is_builtin_func)
       12    0.000    0.000    0.000    0.000 groupby.py:3312(<genexpr>)
       99    0.000    0.000    0.000    0.000 concat.py:92(<genexpr>)
       12    0.000    0.000    0.000    0.000 parsers.py:2641(_make_date_converter)
        9    0.000    0.000    0.000    0.000 {built-in method numpy.core.multiarray.bincount}
       12    0.000    0.000    0.000    0.000 validators.py:9(_check_arg_length)
        3    0.000    0.000    0.000    0.000 base.py:1118(is_object)
       22    0.000    0.000    0.000    0.000 sre_compile.py:539(isstring)
       48    0.000    0.000    0.000    0.000 parse.py:90(_noop)
       12    0.000    0.000    0.000    0.000 parsers.py:2762(_clean_na_values)
        9    0.000    0.000    0.000    0.000 index.py:1636(inferred_type)
       34    0.000    0.000    0.000    0.000 sre_parse.py:159(__len__)
        9    0.000    0.000    0.000    0.000 numerictypes.py:1015(<listcomp>)
        9    0.000    0.000    0.000    0.000 format.py:1432(<genexpr>)
       12    0.000    0.000    0.000    0.000 parsers.py:2682(_isindex)
       69    0.000    0.000    0.000    0.000 _collections_abc.py:392(__subclasshook__)
        6    0.000    0.000    0.000    0.000 base.py:1041(_has_complex_internals)
        1    0.000    0.000    0.000    0.000 shlex.py:21(__init__)
       12    0.000    0.000    0.000    0.000 concat.py:347(<genexpr>)
       12    0.000    0.000    0.000    0.000 parsers.py:979(_validate_usecols_arg)
       12    0.000    0.000    0.000    0.000 common.py:193(_validate_header_arg)
       48    0.000    0.000    0.000    0.000 parsers.py:975(_is_index_col)
        6    0.000    0.000    0.000    0.000 groupby.py:1635(<listcomp>)
        6    0.000    0.000    0.000    0.000 base.py:1109(is_integer)
       12    0.000    0.000    0.000    0.000 {method 'set_noconvert' of 'pandas.parser.TextReader' objects}
       11    0.000    0.000    0.000    0.000 sre_parse.py:76(__init__)
       24    0.000    0.000    0.000    0.000 internals.py:124(is_datelike)
       21    0.000    0.000    0.000    0.000 internals.py:3631(<genexpr>)
        1    0.000    0.000    0.000    0.000 subprocess.py:1144(_get_handles)
       22    0.000    0.000    0.000    0.000 sre_parse.py:81(groups)
        6    0.000    0.000    0.000    0.000 generic.py:269(<listcomp>)
        3    0.000    0.000    0.000    0.000 {built-in method posix.pipe}
        4    0.000    0.000    0.000    0.000 sre_parse.py:886(addgroup)
       81    0.000    0.000    0.000    0.000 {method 'remove' of 'set' objects}
        1    0.000    0.000    0.000    0.000 posixpath.py:152(dirname)
        6    0.000    0.000    0.000    0.000 internals.py:115(_is_single_block)
       12    0.000    0.000    0.000    0.000 {method 'close' of 'pandas.parser.TextReader' objects}
        6    0.000    0.000    0.000    0.000 groupby.py:465(_selected_obj)
       40    0.000    0.000    0.000    0.000 {method 'read' of '_io.StringIO' objects}
       12    0.000    0.000    0.000    0.000 parsers.py:965(_create_index)
        6    0.000    0.000    0.000    0.000 base.py:1200(is_int)
       12    0.000    0.000    0.000    0.000 concat.py:348(<genexpr>)
       12    0.000    0.000    0.000    0.000 {method 'remove' of 'list' objects}
        1    0.000    0.000    0.000    0.000 os.py:792(fsencode)
        9    0.000    0.000    0.000    0.000 numerictypes.py:1016(<listcomp>)
        1    0.000    0.000    0.000    0.000 {method 'rfind' of 'bytes' objects}
        1    0.000    0.000    0.000    0.000 subprocess.py:203(_cleanup)
        3    0.000    0.000    0.000    0.000 range.py:151(_validate_dtype)
        1    0.000    0.000    0.000    0.000 {method 'rstrip' of 'bytes' objects}
        1    0.000    0.000    0.000    0.000 shlex.py:291(__iter__)
        1    0.000    0.000    0.000    0.000 {method 'disable' of '_lsprof.Profiler' objects}